<?xml version="1.0" encoding="UTF-8"?>
<!-- Generated by org.testng.reporters.JUnitXMLReporter -->
<testsuite ignored="0" hostname="Murali" failures="0" tests="8" name="routinecheck5S" time="174.146" errors="0" timestamp="2026-08-21T12:09:56 IST">
  <testcase classname="org.ohkuma.tests.OhkumaTest" name="validLoginTest" time="4.452"/>
  <testcase classname="org.ohkuma.tests.OhkumaTest" name="validatingS09Socket" time="44.976"/>
  <testcase classname="org.oaksystem.tests.OakSystemDrawTest" name="validLoginTest" time="4.154"/>
  <testcase classname="org.oaksystem.tests.OakSystemDrawTest" name="validatingDrawSocketTest" time="20.129"/>
  <testcase classname="org.sanmatsu.tests.SanmatsuTest" name="validLoginTest" time="4.194"/>
  <testcase classname="org.sanmatsu.tests.SanmatsuTest" name="validatingSanmatsuHomePage" time="25.041"/>
  <testcase classname="org.nisino.tests.NisinoScanTest" name="validNisinoLoginTest" time="4.123"/>
  <testcase classname="org.nisino.tests.NisinoScanTest" name="validatingScanSocketTest" time="33.696"/>
</testsuite> <!-- routinecheck5S -->
