<?xml version="1.0" encoding="UTF-8"?>
<!-- Generated by org.testng.reporters.JUnitXMLReporter -->
<testsuite ignored="0" hostname="Murali" failures="0" tests="6" name="routinecheck5S" time="158.92" errors="0" timestamp="2026-08-12T10:46:49 IST">
  <testcase classname="org.oaksystem.tests.OakSystemDrawTest" name="validLoginTest" time="10.545"/>
  <testcase classname="org.oaksystem.tests.OakSystemDrawTest" name="validatingDrawSocketTest" time="27.692"/>
  <testcase classname="org.nisino.tests.NisinoScanTest" name="validNisinoLoginTest" time="10.984"/>
  <testcase classname="org.nisino.tests.NisinoScanTest" name="validatingScanSocketTest" time="31.968"/>
  <testcase classname="org.ohkuma.tests.OhkumaTest" name="validLoginTest" time="9.196"/>
  <testcase classname="org.ohkuma.tests.OhkumaTest" name="validatingS09Socket" time="18.792"/>
</testsuite> <!-- routinecheck5S -->
