<?xml version="1.0" encoding="UTF-8"?>
<!-- Generated by org.testng.reporters.JUnitXMLReporter -->
<testsuite ignored="0" hostname="Murali" failures="0" tests="4" name="routinecheck5S" time="68.61" errors="0" timestamp="2026-08-10T13:23:15 IST">
  <testcase classname="org.oaksystem.tests.OakSystemDrawTest" name="validLoginTest" time="8.785"/>
  <testcase classname="org.oaksystem.tests.OakSystemDrawTest" name="validatingDrawSocketTest" time="15.378"/>
  <testcase classname="org.nisino.tests.NisinoScanTest" name="validNisinoLoginTest" time="7.857"/>
  <testcase classname="org.nisino.tests.NisinoScanTest" name="validatingScanSocketTest" time="16.242"/>
</testsuite> <!-- routinecheck5S -->
