<?xml version="1.0" encoding="UTF-8"?>
<testng-results ignored="0" total="8" passed="8" failed="0" skipped="0">
  <reporter-output>
  </reporter-output>
  <suite started-at="2026-08-18T16:43:40 IST" name="routinecheck5S test suite" finished-at="2026-08-18T16:46:34 IST" duration-ms="174526">
    <groups>
    </groups>
    <test started-at="2026-08-18T16:43:40 IST" name="routinecheck5S" finished-at="2026-08-18T16:46:34 IST" duration-ms="174526">
      <class name="org.oaksystem.tests.OakSystemDrawTest">
        <test-method is-config="true" signature="setup()[pri:0, instance:org.oaksystem.tests.OakSystemDrawTest@5524cca1]" started-at="2026-08-18T16:44:55 IST" name="setup" finished-at="2026-08-18T16:44:57 IST" duration-ms="2447" status="PASS">
          <reporter-output>
          </reporter-output>
        </test-method> <!-- setup -->
        <test-method signature="validLoginTest()[pri:1, instance:org.oaksystem.tests.OakSystemDrawTest@5524cca1]" started-at="2026-08-18T16:44:57 IST" name="validLoginTest" description="Verify login with valid Company and User credentials." finished-at="2026-08-18T16:45:01 IST" duration-ms="3469" status="PASS">
          <reporter-output>
          </reporter-output>
        </test-method> <!-- validLoginTest -->
        <test-method signature="validatingDrawSocketTest()[pri:2, instance:org.oaksystem.tests.OakSystemDrawTest@5524cca1]" started-at="2026-08-18T16:45:01 IST" name="validatingDrawSocketTest" description="validatingDrawSocketTest" finished-at="2026-08-18T16:45:18 IST" duration-ms="17604" status="PASS">
          <reporter-output>
          </reporter-output>
        </test-method> <!-- validatingDrawSocketTest -->
        <test-method is-config="true" signature="teardown()[pri:0, instance:org.oaksystem.tests.OakSystemDrawTest@5524cca1]" started-at="2026-08-18T16:45:18 IST" name="teardown" finished-at="2026-08-18T16:45:19 IST" duration-ms="385" status="PASS">
          <reporter-output>
          </reporter-output>
        </test-method> <!-- teardown -->
      </class> <!-- org.oaksystem.tests.OakSystemDrawTest -->
      <class name="org.ohkuma.tests.OhkumaTest">
        <test-method is-config="true" signature="setup()[pri:0, instance:org.ohkuma.tests.OhkumaTest@6caf0677]" started-at="2026-08-18T16:43:40 IST" name="setup" finished-at="2026-08-18T16:43:55 IST" duration-ms="15713" status="PASS">
          <reporter-output>
          </reporter-output>
        </test-method> <!-- setup -->
        <test-method signature="validLoginTest()[pri:1, instance:org.ohkuma.tests.OhkumaTest@6caf0677]" started-at="2026-08-18T16:43:55 IST" name="validLoginTest" description="Verify login with valid Company and User credentials" finished-at="2026-08-18T16:43:59 IST" duration-ms="3787" status="PASS">
          <reporter-output>
          </reporter-output>
        </test-method> <!-- validLoginTest -->
        <test-method signature="validatingS09Socket()[pri:2, instance:org.ohkuma.tests.OhkumaTest@6caf0677]" started-at="2026-08-18T16:43:59 IST" name="validatingS09Socket" description="validatingS09Socket" finished-at="2026-08-18T16:44:54 IST" duration-ms="55188" status="PASS">
          <reporter-output>
          </reporter-output>
        </test-method> <!-- validatingS09Socket -->
        <test-method is-config="true" signature="teardown()[pri:0, instance:org.ohkuma.tests.OhkumaTest@6caf0677]" started-at="2026-08-18T16:44:54 IST" name="teardown" finished-at="2026-08-18T16:44:55 IST" duration-ms="471" status="PASS">
          <reporter-output>
          </reporter-output>
        </test-method> <!-- teardown -->
      </class> <!-- org.ohkuma.tests.OhkumaTest -->
      <class name="org.sanmatsu.tests.SanmatsuTest">
        <test-method is-config="true" signature="setup()[pri:0, instance:org.sanmatsu.tests.SanmatsuTest@5032714f]" started-at="2026-08-18T16:45:19 IST" name="setup" finished-at="2026-08-18T16:45:21 IST" duration-ms="2386" status="PASS">
          <reporter-output>
          </reporter-output>
        </test-method> <!-- setup -->
        <test-method signature="validLoginTest()[pri:1, instance:org.sanmatsu.tests.SanmatsuTest@5032714f]" started-at="2026-08-18T16:45:21 IST" name="validLoginTest" description="Verify login with valid Company and User credentials" finished-at="2026-08-18T16:45:25 IST" duration-ms="3416" status="PASS">
          <reporter-output>
          </reporter-output>
        </test-method> <!-- validLoginTest -->
        <test-method signature="validatingSanmatsuHomePage()[pri:2, instance:org.sanmatsu.tests.SanmatsuTest@5032714f]" started-at="2026-08-18T16:45:25 IST" name="validatingSanmatsuHomePage" description="validatingSanmatsuHomePage" finished-at="2026-08-18T16:46:02 IST" duration-ms="37415" status="PASS">
          <reporter-output>
          </reporter-output>
        </test-method> <!-- validatingSanmatsuHomePage -->
        <test-method is-config="true" signature="teardown()[pri:0, instance:org.sanmatsu.tests.SanmatsuTest@5032714f]" started-at="2026-08-18T16:46:02 IST" name="teardown" finished-at="2026-08-18T16:46:02 IST" duration-ms="366" status="PASS">
          <reporter-output>
          </reporter-output>
        </test-method> <!-- teardown -->
      </class> <!-- org.sanmatsu.tests.SanmatsuTest -->
      <class name="org.nisino.tests.NisinoScanTest">
        <test-method is-config="true" signature="setup()[pri:0, instance:org.nisino.tests.NisinoScanTest@48bb62]" started-at="2026-08-18T16:46:02 IST" name="setup" finished-at="2026-08-18T16:46:05 IST" duration-ms="2500" status="PASS">
          <reporter-output>
          </reporter-output>
        </test-method> <!-- setup -->
        <test-method signature="validNisinoLoginTest()[pri:1, instance:org.nisino.tests.NisinoScanTest@48bb62]" started-at="2026-08-18T16:46:05 IST" name="validNisinoLoginTest" description="Verify login with valid Company and User credentials." finished-at="2026-08-18T16:46:08 IST" duration-ms="3421" status="PASS">
          <reporter-output>
          </reporter-output>
        </test-method> <!-- validNisinoLoginTest -->
        <test-method signature="validatingScanSocketTest()[pri:2, instance:org.nisino.tests.NisinoScanTest@48bb62]" started-at="2026-08-18T16:46:08 IST" name="validatingScanSocketTest" description="validatingDrawSocketTest" finished-at="2026-08-18T16:46:34 IST" duration-ms="25366" status="PASS">
          <reporter-output>
          </reporter-output>
        </test-method> <!-- validatingScanSocketTest -->
        <test-method is-config="true" signature="teardown()[pri:0, instance:org.nisino.tests.NisinoScanTest@48bb62]" started-at="2026-08-18T16:46:34 IST" name="teardown" finished-at="2026-08-18T16:46:34 IST" duration-ms="337" status="PASS">
          <reporter-output>
          </reporter-output>
        </test-method> <!-- teardown -->
      </class> <!-- org.nisino.tests.NisinoScanTest -->
    </test> <!-- routinecheck5S -->
  </suite> <!-- routinecheck5S test suite -->
</testng-results>
