-------------------------------------------------------------------------------
Test set: TestSuite
-------------------------------------------------------------------------------
Tests run: 8, Failures: 1, Errors: 0, Skipped: 0, Time elapsed: 139.7 s <<< FAILURE! -- in TestSuite
org.sanmatsu.tests.SanmatsuTest.validatingSanmatsuHomePage -- Time elapsed: 13.52 s <<< FAILURE!
com.microsoft.playwright.PlaywrightException: 
Error {
  message='Protocol error (Network.getResponseBody): No resource with given identifier found
  name='Error
  stack='Error: Protocol error (Network.getResponseBody): No resource with given identifier found
    at C:\Users\DELL\AppData\Local\Temp\playwright-java-11605344127382276116\package\lib\server\chromium\crConnection.js:116:57
    at new Promise (<anonymous>)
    at CRSession.send (C:\Users\DELL\AppData\Local\Temp\playwright-java-11605344127382276116\package\lib\server\chromium\crConnection.js:115:12)
    at Response.getResponseBody [as _getResponseBodyCallback] (C:\Users\DELL\AppData\Local\Temp\playwright-java-11605344127382276116\package\lib\server\chromium\crNetworkManager.js:329:39)
    at C:\Users\DELL\AppData\Local\Temp\playwright-java-11605344127382276116\package\lib\server\network.js:419:21
    at async ResponseDispatcher.body (C:\Users\DELL\AppData\Local\Temp\playwright-java-11605344127382276116\package\lib\server\dispatchers\networkDispatchers.js:91:22)
    at async ProgressController.run (C:\Users\DELL\AppData\Local\Temp\playwright-java-11605344127382276116\package\lib\server\progress.js:78:22)
    at async ResponseDispatcher._runCommand (C:\Users\DELL\AppData\Local\Temp\playwright-java-11605344127382276116\package\lib\server\dispatchers\dispatcher.js:95:14)
    at async DispatcherConnection.dispatch (C:\Users\DELL\AppData\Local\Temp\playwright-java-11605344127382276116\package\lib\server\dispatchers\dispatcher.js:329:22)
}
	at com.microsoft.playwright.impl.WaitableResult.get(WaitableResult.java:56)
	at com.microsoft.playwright.impl.ChannelOwner.runUntil(ChannelOwner.java:138)
	at com.microsoft.playwright.impl.Connection.sendMessage(Connection.java:131)
	at com.microsoft.playwright.impl.ChannelOwner.sendMessage(ChannelOwner.java:124)
	at com.microsoft.playwright.impl.ChannelOwner.sendMessage(ChannelOwner.java:114)
	at com.microsoft.playwright.impl.ResponseImpl.body(ResponseImpl.java:55)
	at com.microsoft.playwright.impl.ResponseImpl.text(ResponseImpl.java:149)
	at fivesservice.Sanmatsu.verifyTodayFileCountAndGetScreenshot(Sanmatsu.java:170)
	at org.sanmatsu.tests.SanmatsuTest.validatingSanmatsuHomePage(SanmatsuTest.java:47)
	at java.base/jdk.internal.reflect.DirectMethodHandleAccessor.invoke(DirectMethodHandleAccessor.java:103)
	at java.base/java.lang.reflect.Method.invoke(Method.java:580)
	at org.testng.internal.invokers.MethodInvocationHelper.invokeMethod(MethodInvocationHelper.java:141)
	at org.testng.internal.invokers.TestInvoker.invokeMethod(TestInvoker.java:687)
	at org.testng.internal.invokers.TestInvoker.invokeTestMethod(TestInvoker.java:230)
	at org.testng.internal.invokers.MethodRunner.runInSequence(MethodRunner.java:63)
	at org.testng.internal.invokers.TestInvoker$MethodInvocationAgent.invoke(TestInvoker.java:995)
	at org.testng.internal.invokers.TestInvoker.invokeTestMethods(TestInvoker.java:203)
	at org.testng.internal.invokers.TestMethodWorker.invokeTestMethods(TestMethodWorker.java:154)
	at org.testng.internal.invokers.TestMethodWorker.run(TestMethodWorker.java:134)
	at java.base/java.util.ArrayList.forEach(ArrayList.java:1596)
	at org.testng.TestRunner.privateRun(TestRunner.java:741)
	at org.testng.TestRunner.run(TestRunner.java:616)
	at org.testng.SuiteRunner.runTest(SuiteRunner.java:421)
	at org.testng.SuiteRunner.runSequentially(SuiteRunner.java:413)
	at org.testng.SuiteRunner.privateRun(SuiteRunner.java:373)
	at org.testng.SuiteRunner.run(SuiteRunner.java:312)
	at org.testng.SuiteRunnerWorker.runSuite(SuiteRunnerWorker.java:52)
	at org.testng.SuiteRunnerWorker.run(SuiteRunnerWorker.java:95)
	at org.testng.TestNG.runSuitesSequentially(TestNG.java:1274)
	at org.testng.TestNG.runSuitesLocally(TestNG.java:1208)
	at org.testng.TestNG.runSuites(TestNG.java:1112)
	at org.testng.TestNG.run(TestNG.java:1079)
	at org.apache.maven.surefire.testng.TestNGExecutor.run(TestNGExecutor.java:308)
	at org.apache.maven.surefire.testng.TestNGXmlTestSuite.execute(TestNGXmlTestSuite.java:71)
	at org.apache.maven.surefire.testng.TestNGProvider.invoke(TestNGProvider.java:113)
	at org.apache.maven.surefire.booter.ForkedBooter.runSuitesInProcess(ForkedBooter.java:385)
	at org.apache.maven.surefire.booter.ForkedBooter.execute(ForkedBooter.java:162)
	at org.apache.maven.surefire.booter.ForkedBooter.run(ForkedBooter.java:507)
	at org.apache.maven.surefire.booter.ForkedBooter.main(ForkedBooter.java:495)
Caused by: com.microsoft.playwright.impl.DriverException: Error {
  message='Protocol error (Network.getResponseBody): No resource with given identifier found
  name='Error
  stack='Error: Protocol error (Network.getResponseBody): No resource with given identifier found
    at C:\Users\DELL\AppData\Local\Temp\playwright-java-11605344127382276116\package\lib\server\chromium\crConnection.js:116:57
    at new Promise (<anonymous>)
    at CRSession.send (C:\Users\DELL\AppData\Local\Temp\playwright-java-11605344127382276116\package\lib\server\chromium\crConnection.js:115:12)
    at Response.getResponseBody [as _getResponseBodyCallback] (C:\Users\DELL\AppData\Local\Temp\playwright-java-11605344127382276116\package\lib\server\chromium\crNetworkManager.js:329:39)
    at C:\Users\DELL\AppData\Local\Temp\playwright-java-11605344127382276116\package\lib\server\network.js:419:21
    at async ResponseDispatcher.body (C:\Users\DELL\AppData\Local\Temp\playwright-java-11605344127382276116\package\lib\server\dispatchers\networkDispatchers.js:91:22)
    at async ProgressController.run (C:\Users\DELL\AppData\Local\Temp\playwright-java-11605344127382276116\package\lib\server\progress.js:78:22)
    at async ResponseDispatcher._runCommand (C:\Users\DELL\AppData\Local\Temp\playwright-java-11605344127382276116\package\lib\server\dispatchers\dispatcher.js:95:14)
    at async DispatcherConnection.dispatch (C:\Users\DELL\AppData\Local\Temp\playwright-java-11605344127382276116\package\lib\server\dispatchers\dispatcher.js:329:22)
}
	at com.microsoft.playwright.impl.Connection.dispatch(Connection.java:262)
	at com.microsoft.playwright.impl.Connection.processOneMessage(Connection.java:214)
	at com.microsoft.playwright.impl.ChannelOwner.runUntil(ChannelOwner.java:136)
	... 37 more

