<?xml version="1.0" encoding="UTF-8"?>
<testsuite xmlns:xsi="http://www.w3.org/2001/XMLSchema-instance" xsi:noNamespaceSchemaLocation="https://maven.apache.org/surefire/maven-surefire-plugin/xsd/surefire-test-report.xsd" version="3.0.2" name="TestSuite" time="69.252" tests="4" errors="0" skipped="0" failures="0">
  <properties>
[...]
</properties>
  <testcase name="validLoginTest" classname="org.oaksystem.tests.OakSystemDrawTest" time="8.85">
    <system-out><![CDATA[Company username is: oaksystem
Company password is: oak123
Company login button clicked.
Current URL: https://www.alfadock-pack.com/ver10/#/home
userlogin page URL is incorrect.
]]></system-out>
    <system-err><![CDATA[SLF4J(W): No SLF4J providers were found.
SLF4J(W): Defaulting to no-operation (NOP) logger implementation
SLF4J(W): See https://www.slf4j.org/codes.html#noProviders for further details.
]]></system-err>
  </testcase>
  <testcase name="validatingDrawSocketTest" classname="org.oaksystem.tests.OakSystemDrawTest" time="15.371">
    <system-out><![CDATA[Current URL: https://www.alfadock-pack.com/ver10/#/home
Home page URL is correct.
HyperLink icon is displayed.
Current URL: https://www.alfadock-pack.com/ver10/#/home/adsocket
adsocket page URL is correct.
Draw Socket icon is displayed.
Current URL: https://www.alfadock-pack.com/ver10/#/adsocket/adgrid/draw/-1
drawsocket page URL is correct..
Pagination changed to 100

====================================
COMPANY : OAKSYSTEM
SECTION : TODAY
ATTRIBUTE : 7
====================================
File: 20260810164650575.pdf | Attribute: 7 | Date: 08/10/2026 16:49:00
File: 20260810164643985.pdf | Attribute: 7 | Date: 08/10/2026 16:49:00
File: 20260810164635758.pdf | Attribute: 7 | Date: 08/10/2026 16:49:00
File: 20260810164624733.pdf | Attribute: 7 | Date: 08/10/2026 16:48:00
File: 20260810164618846.pdf | Attribute: 7 | Date: 08/10/2026 16:48:00
File: 20260810164612476.pdf | Attribute: 7 | Date: 08/10/2026 16:48:00
File: 20260810164605489.pdf | Attribute: 7 | Date: 08/10/2026 16:48:00
File: 20260810164558313.pdf | Attribute: 7 | Date: 08/10/2026 16:48:00
File: 20260810164552353.pdf | Attribute: 7 | Date: 08/10/2026 16:48:00
File: 20260810164546284.pdf | Attribute: 7 | Date: 08/10/2026 16:48:00
File: 20260810164540800.pdf | Attribute: 7 | Date: 08/10/2026 16:48:00
File: 20260810164532833.pdf | Attribute: 7 | Date: 08/10/2026 16:47:00
File: 20260810164526615.pdf | Attribute: 7 | Date: 08/10/2026 16:47:00
File: 20260810164521084.pdf | Attribute: 7 | Date: 08/10/2026 16:47:00
File: 20260810164515524.pdf | Attribute: 7 | Date: 08/10/2026 16:47:00
File: 20260810164509345.pdf | Attribute: 7 | Date: 08/10/2026 16:47:00
File: 20260810164503903.pdf | Attribute: 7 | Date: 08/10/2026 16:47:00
File: 20260810164456227.pdf | Attribute: 7 | Date: 08/10/2026 16:47:00
File: 20260810164449478.pdf | Attribute: 7 | Date: 08/10/2026 16:47:00
File: 20260810164444495.pdf | Attribute: 7 | Date: 08/10/2026 16:47:00
File: 20260810164434859.pdf | Attribute: 7 | Date: 08/10/2026 16:47:00
File: 20260810154818888.pdf | Attribute: 7 | Date: 08/10/2026 15:50:00
File: 20260810154812118.pdf | Attribute: 7 | Date: 08/10/2026 15:50:00
File: 20260810154806044.pdf | Attribute: 7 | Date: 08/10/2026 15:50:00
File: 20260810154758545.pdf | Attribute: 7 | Date: 08/10/2026 15:50:00
File: 20260810154751267.pdf | Attribute: 7 | Date: 08/10/2026 15:50:00
File: 20260810154016421.pdf | Attribute: 7 | Date: 08/10/2026 15:42:00
File: 20260810154003542.pdf | Attribute: 7 | Date: 08/10/2026 15:42:00
File: 20260810153956439.pdf | Attribute: 7 | Date: 08/10/2026 15:42:00
File: 20260810153947872.pdf | Attribute: 7 | Date: 08/10/2026 15:42:00
File: 20260810153850094.pdf | Attribute: 7 | Date: 08/10/2026 15:41:00
File: 20260810153843849.pdf | Attribute: 7 | Date: 08/10/2026 15:41:00
File: 20260810153834968.pdf | Attribute: 7 | Date: 08/10/2026 15:41:00
File: 20260810153828971.pdf | Attribute: 7 | Date: 08/10/2026 15:40:00
File: 20260810153820330.pdf | Attribute: 7 | Date: 08/10/2026 15:40:00
File: 20260810153813976.pdf | Attribute: 7 | Date: 08/10/2026 15:40:00
File: 20260810153804551.pdf | Attribute: 7 | Date: 08/10/2026 15:40:00
File: 20260810153755871.pdf | Attribute: 7 | Date: 08/10/2026 15:40:00
File: 20260810153746781.pdf | Attribute: 7 | Date: 08/10/2026 15:40:00
File: 20260810153010885.pdf | Attribute: 7 | Date: 08/10/2026 15:32:00
File: 20260810152956227.pdf | Attribute: 7 | Date: 08/10/2026 15:32:00
File: 20260810152916041.pdf | Attribute: 7 | Date: 08/10/2026 15:31:00
File: 20260810152832826.pdf | Attribute: 7 | Date: 08/10/2026 15:30:00
File: 20260810152813442.pdf | Attribute: 7 | Date: 08/10/2026 15:30:00
File: 20260810124324092_0001.pdf | Attribute: 7 | Date: 08/10/2026 12:45:00
File: 20260810111655929_0001.pdf | Attribute: 7 | Date: 08/10/2026 11:19:00
File: 20260810102459255_0004.pdf | Attribute: 7 | Date: 08/10/2026 10:27:00
File: 20260810102459255_0002.pdf | Attribute: 7 | Date: 08/10/2026 10:27:00
File: 20260810102459255_0005.pdf | Attribute: 7 | Date: 08/10/2026 10:27:00
File: 20260810102459255_0003.pdf | Attribute: 7 | Date: 08/10/2026 10:27:00
File: 20260810102511783_0001.pdf | Attribute: 7 | Date: 08/10/2026 10:27:00
File: 20260810102459255_0001.pdf | Attribute: 7 | Date: 08/10/2026 10:27:00
------------------------------------
OAKSYSTEM Today Files : 52
====================================
Screenshot saved: screenshots/todayFiles_20260810_132247.png
]]></system-out>
  </testcase>
  <testcase name="validNisinoLoginTest" classname="org.nisino.tests.NisinoScanTest" time="7.87">
    <system-out><![CDATA[Company username is: nisinoseikiss
Company password is: eJ3HZWF6
Company login button clicked.
Current URL: https://www.alfadock-pack.com/ver10/#/home
userlogin page URL is incorrect.
]]></system-out>
  </testcase>
  <testcase name="validatingScanSocketTest" classname="org.nisino.tests.NisinoScanTest" time="16.247">
    <system-out><![CDATA[Current URL: https://www.alfadock-pack.com/ver10/#/home
Home page URL is correct.
HyperLink icon is displayed.
Current URL: https://www.alfadock-pack.com/ver10/#/home/adsocket
adsocket page URL is correct.
Scan Socket icon is displayed.
Pagination changed to 100
======================================
GET SOCKET FILES API RESPONSE
======================================
[{"filename":"2026.08.10.130831.pdf","guid":"1e1c5e81-97cd-4aca-b348-75c83e7042f5","thumbguid":"https://sirpi.s3-ap-northeast-1.amazonaws.com/e0502a9d-6b91-42f8-bc59-5de39426d214?X-Amz-Expires=172800&X-Amz-Algorithm=AWS4-HMAC-SHA256&X-Amz-Credential=AKIAJACPTVWI6S554HTQ/20260810/ap-northeast-1/s3/aws4_request&X-Amz-Date=20260810T075314Z&X-Amz-SignedHeaders=host&X-Amz-Signature=a96e77a4d7f5acf87a9edf2bbb3e4ba330d232fcf032ef310b9b0b6894fc1034","attribute":4,"type":"scan","size":"145591","date":"08/10/2026 13:00:00","id":59627583,"username":"cloudsocket","custname":null,"opername":null,"procname":null,"outguid":null,"quoteRequest":0,"prog_name":null,"mach_name":null,"mat_name":null,"mat_size":null,"numofsheets":0,"processtime":null,"totalFilescount":25462,"filetype":1,"partnum":"","innerFiles":null,"pdf":null,"fileid":-1,"totalfolders":0,"totalfiles":25462,"mo_no":null,"drawing_no":null,"parent_no":null,"product_no":null,"product_name":null,"material_size":null,"processids":null,"duedate":null,"child_nos":null,"material":null,"version":null,"shared":false,"sharedByMe":false,"privatefile":0,"erp_customername":null,"erp_thickness":null,"erp_qty":null,"hashkey":null,"similarvalue":null,"processid":0,"modifieddate":"08/10/2026 04:01:00","favourite":0,"pwdlock":0,"rootid":0},{"filename":"2026.08.09.133937.pdf","guid":"b992bbdc-27d9-4102-aaba-1e7e93a2227b","thumbguid":"https://sirpi.s3-ap-northeast-1.amazonaws.com/3c2702c8-d68f-4bb4-b382-5eb46f104281?X-Amz-Expires=172800&X-Amz-Algorithm=AWS4-HMAC-SHA256&X-Amz-Credential=AKIAJACPTVWI6S554HTQ/20260810/ap-northeast-1/s3/aws4_request&X-Amz-Date=20260810T075314Z&X-Amz-SignedHeaders=host&X-Amz-Signature=43d8aeb6840a177e47108e584fe8b813db06acda30f3839351ec0babd8d51f50","attribute":4,"type":"scan","size":"441419","date":"08/09/2026 13:31:00","id":59622493,"username":"cloudsocket","custname":null,"opername":null,"procname":null,"outguid":null,"quoteRequest":0,"prog_name":null,"mach_name":null,"mat_name":null,"mat_size":null,"numofsheets":0,"processtime":null,"totalFilescount":25462,"filetype":1,"partnum":"","innerFiles":null,"pdf":null,"fileid":-1,"totalfolders":0,"totalfiles":25462,"mo_no":null,"drawing_no":null,"parent_no":null,"product_no":null,"product_name":null,"material_size":null,"processids":null,"duedate":null,"child_nos":null,"material":null,"version":null,"shared":false,"sharedByMe":false,"privatefile":0,"erp_customername":null,"erp_thickness":null,"erp_qty":null,"hashkey":null,"similarvalue":null,"processid":0,"modifieddate":"08/09/2026 04:34:00","favourite":0,"pwdlock":0,"rootid":0},{"filename":"2026.08.08.165150.pdf","guid":"7834ea6b-2a4c-4b8e-9480-16c3ac4052ee","thumbguid":"https://sirpi.s3-ap-northeast-1.amazonaws.com/926eb7fa-b213-4b12-aac5-832bbdc6a60d?X-Amz-Expires=172800&X-Amz-Algorithm=AWS4-HMAC-SHA256&X-Amz-Credential=AKIAJACPTVWI6S554HTQ/20260810/ap-northeast-1/s3/aws4_request&X-Amz-Date=20260810T075314Z&X-Amz-SignedHeaders=host&X-Amz-Signature=ff870b9b72359e4fa11e384f0f5caad1a4865fe7ea5cb5a003ef35170e5af98a","attribute":4,"type":"scan","size":"611720","date":"08/08/2026 16:43:00","id":59620698,"username":"cloudsocket","custname":null,"opername":null,"procname":null,"outguid":null,"quoteRequest":0,"prog_name":null,"mach_name":null,"mat_name":null,"mat_size":null,"numofsheets":0,"processtime":null,"totalFilescount":25462,"filetype":1,"partnum":"","innerFiles":null,"pdf":null,"fileid":-1,"totalfolders":0,"totalfiles":25462,"mo_no":null,"drawing_no":null,"parent_no":null,"product_no":null,"product_name":null,"material_size":null,"processids":null,"duedate":null,"child_nos":null,"material":null,"version":null,"shared":false,"sharedByMe":false,"privatefile":0,"erp_customername":null,"erp_thickness":null,"erp_qty":null,"hashkey":null,"similarvalue":null,"processid":0,"modifieddate":"08/08/2026 07:48:00","favourite":0,"pwdlock":0,"rootid":0},{"filename":"2026.08.08.165103.pdf","guid":"02eb4dc5-36b7-4c61-9745-3d94be33fdf2","thumbguid":"https://sirpi.s3-ap-northeast-1.amazonaws.com/69bbfb1a-7760-4811-90c7-e02283c2e688?X-Amz-Expires=172800&X-Amz-Algorithm=AWS4-HMAC-SHA256&X-Amz-Credential=AKIAJACPTVWI6S554HTQ/20260810/ap-northeast-1/s3/aws4_request&X-Amz-Date=20260810T075314Z&X-Amz-SignedHeaders=host&X-Amz-Signature=c676bb13b737ccef74adf49ea0fd4b60f9c21dc5dc9f92e16fd4ffc7ef34820f","attribute":4,"type":"scan","size":"1488601","date":"08/08/2026 16:43:00","id":59620696,"username":"cloudsocket","custname":null,"opername":null,"procname":null,"outguid":null,"quoteRequest":0,"prog_name":null,"mach_name":null,"mat_name":null,"mat_size":null,"numofsheets":0,"processtime":null,"totalFilescount":25462,"filetype":1,"partnum":"","innerFiles":null,"pdf":null,"fileid":-1,"totalfolders":0,"totalfiles":25462,"mo_no":null,"drawing_no":null,"parent_no":null,"product_no":null,"product_name":null,"material_size":null,"processids":null,"duedate":null,"child_nos":null,"material":null,"version":null,"shared":false,"sharedByMe":false,"privatefile":0,"erp_customername":null,"erp_thickness":null,"erp_qty":null,"hashkey":null,"similarvalue":null,"processid":0,"modifieddate":"08/08/2026 07:45:00","favourite":0,"pwdlock":0,"rootid":0},{"filename":"2026.08.08.161100.pdf","guid":"241fb491-6691-4d91-8147-865d60fca9d6","thumbguid":"https://sirpi.s3-ap-northeast-1.amazonaws.com/b9832cb8-d7e0-4b4e-9916-09fc79c1e9e4?X-Amz-Expires=172800&X-Amz-Algorithm=AWS4-HMAC-SHA256&X-Amz-Credential=AKIAJACPTVWI6S554HTQ/20260810/ap-northeast-1/s3/aws4_request&X-Amz-Date=20260810T075314Z&X-Amz-SignedHeaders=host&X-Amz-Signature=c7c6c1cb06f4c2d6f1e4164abe25a14a860992b607dd65064d57887b9fae6638","attribute":4,"type":"scan","size":"254996","date":"08/08/2026 16:02:00","id":59620588,"username":"cloudsocket","custname":null,"opername":null,"procname":null,"outguid":null,"quoteRequest":0,"prog_name":null,"mach_name":null,"mat_name":null,"mat_size":null,"numofsheets":0,"processtime":null,"totalFilescount":25462,"filetype":1,"partnum":"","innerFiles":null,"pdf":null,"fileid":-1,"totalfolders":0,"totalfiles":25462,"mo_no":null,"drawing_no":null,"parent_no":null,"product_no":null,"product_name":null,"material_size":null,"processids":null,"duedate":null,"child_nos":null,"material":null,"version":null,"shared":false,"sharedByMe":false,"privatefile":0,"erp_customername":null,"erp_thickness":null,"erp_qty":null,"hashkey":null,"similarvalue":null,"processid":0,"modifieddate":"08/08/2026 07:04:00","favourite":0,"pwdlock":0,"rootid":0},{"filename":"2026.08.08.161059.pdf","guid":"d17eddc4-1642-4f5d-8885-31900e73e221","thumbguid":"https://sirpi.s3-ap-northeast-1.amazonaws.com/1c2079d0-5d37-4fd0-b60f-dc9c505e80ee?X-Amz-Expires=172800&X-Amz-Algorithm=AWS4-HMAC-SHA256&X-Amz-Credential=AKIAJACPTVWI6S554HTQ/20260810/ap-northeast-1/s3/aws4_request&X-Amz-Date=20260810T075314Z&X-Amz-SignedHeaders=host&X-Amz-Signature=a96c90763aca098adbcb2a9f83016f9a77d295b5914161d28cb7c8d054b9d17e","attribute":4,"type":"scan","size":"113212","date":"08/08/2026 16:02:00","id":59620589,"username":"cloudsocket","custname":null,"opername":null,"procname":null,"outguid":null,"quoteRequest":0,"prog_name":null,"mach_name":null,"mat_name":null,"mat_size":null,"numofsheets":0,"processtime":null,"totalFilescount":25462,"filetype":1,"partnum":"","innerFiles":null,"pdf":null,"fileid":-1,"totalfolders":0,"totalfiles":25462,"mo_no":null,"drawing_no":null,"parent_no":null,"product_no":null,"product_name":null,"material_size":null,"processids":null,"duedate":null,"child_nos":null,"material":null,"version":null,"shared":false,"sharedByMe":false,"privatefile":0,"erp_customername":null,"erp_thickness":null,"erp_qty":null,"hashkey":null,"similarvalue":null,"processid":0,"modifieddate":"08/08/2026 07:04:00","favourite":0,"pwdlock":0,"rootid":0},{"filename":"2026.08.08.153410.pdf","guid":"88acf27c-a9d4-4a0e-b084-71c1774877dd","thumbguid":"https://sirpi.s3-ap-northeast-1.amazonaws.com/914b9b85-b269-4224-93ef-e30e8397e4e1?X-Amz-Expires=172800&X-Amz-Algorithm=AWS4-HMAC-SHA256&X-Amz-Credential=AKIAJACPTVWI6S554HTQ/20260810/ap-northeast-1/s3/aws4_request&X-Amz-Date=20260810T075314Z&X-Amz-SignedHeaders=host&X-Amz-Signature=2fb69cd1902014cb851e8bbf384e055336cb72dae917bef7f8ee58f4f8b6325b","attribute":4,"type":"scan","size":"472181","date":"08/08/2026 15:25:00","id":59620417,"username":"cloudsocket","custname":null,"opername":null,"procname":null,"outguid":null,"quoteRequest":0,"prog_name":null,"mach_name":null,"mat_name":null,"mat_size":null,"numofsheets":0,"processtime":null,"totalFilescount":25462,"filetype":1,"partnum":"","innerFiles":null,"pdf":null,"fileid":-1,"totalfolders":0,"totalfiles":25462,"mo_no":null,"drawing_no":null,"parent_no":null,"product_no":null,"product_name":null,"material_size":null,"processids":null,"duedate":null,"child_nos":null,"material":null,"version":null,"shared":false,"sharedByMe":false,"privatefile":0,"erp_customername":null,"erp_thickness":null,"erp_qty":null,"hashkey":null,"similarvalue":null,"processid":0,"modifieddate":"08/08/2026 06:28:00","favourite":0,"pwdlock":0,"rootid":0},{"filename":"2026.08.08.145733.pdf","guid":"38b34873-a7a7-4bd7-8888-b750ea41129d","thumbguid":"https://sirpi.s3-ap-northeast-1.amazonaws.com/3577e18e-6c25-47c5-b50f-e09d230f1639?X-Amz-Expires=172800&X-Amz-Algorithm=AWS4-HMAC-SHA256&X-Amz-Credential=AKIAJACPTVWI6S554HTQ/20260810/ap-northeast-1/s3/aws4_request&X-Amz-Date=20260810T075314Z&X-Amz-SignedHeaders=host&X-Amz-Signature=712a3947f58ca22cca02432ca14cd577caa1e5a9917ccb45827526e908df3e8f","attribute":4,"type":"scan","size":"265912","date":"08/08/2026 14:49:00","id":59620322,"username":"cloudsocket","custname":null,"opername":null,"procname":null,"outguid":null,"quoteRequest":0,"prog_name":null,"mach_name":null,"mat_name":null,"mat_size":null,"numofsheets":0,"processtime":null,"totalFilescount":25462,"filetype":1,"partnum":"","innerFiles":null,"pdf":null,"fileid":-1,"totalfolders":0,"totalfiles":25462,"mo_no":null,"drawing_no":null,"parent_no":null,"product_no":null,"product_name":null,"material_size":null,"processids":null,"duedate":null,"child_nos":null,"material":null,"version":null,"shared":false,"sharedByMe":false,"privatefile":0,"erp_customername":null,"erp_thickness":null,"erp_qty":null,"hashkey":null,"similarvalue":null,"processid":0,"modifieddate":"08/08/2026 05:50:00","favourite":0,"pwdlock":0,"rootid":0},{"filename":"2026.08.08.144037.pdf","guid":"7b188e31-dedf-4a64-b4f8-4d2ce234515c","thumbguid":"https://sirpi.s3-ap-northeast-1.amazonaws.com/a73f6fcc-70f8-4588-b0a8-41c318c9247a?X-Amz-Expires=172800&X-Amz-Algorithm=AWS4-HMAC-SHA256&X-Amz-Credential=AKIAJACPTVWI6S554HTQ/20260810/ap-northeast-1/s3/aws4_request&X-Amz-Date=20260810T075314Z&X-Amz-SignedHeaders=host&X-Amz-Signature=71bbc80a80166865e341e8b65713a35e97c7e54e89531e53fef0c9a7e3f61bab","attribute":4,"type":"scan","size":"5336371","date":"08/08/2026 14:33:00","id":59620258,"username":"cloudsocket","custname":null,"opername":null,"procname":null,"outguid":null,"quoteRequest":0,"prog_name":null,"mach_name":null,"mat_name":null,"mat_size":null,"numofsheets":0,"processtime":null,"totalFilescount":25462,"filetype":1,"partnum":"","innerFiles":null,"pdf":null,"fileid":-1,"totalfolders":0,"totalfiles":25462,"mo_no":null,"drawing_no":null,"parent_no":null,"product_no":null,"product_name":null,"material_size":null,"processids":null,"duedate":null,"child_nos":null,"material":null,"version":null,"shared":false,"sharedByMe":false,"privatefile":0,"erp_customername":null,"erp_thickness":null,"erp_qty":null,"hashkey":null,"similarvalue":null,"processid":0,"modifieddate":"08/08/2026 05:38:00","favourite":0,"pwdlock":0,"rootid":0},{"filename":"2026.08.08.141914.pdf","guid":"ca16f1dd-2020-4016-afdd-a0096ef8d1a2","thumbguid":"https://sirpi.s3-ap-northeast-1.amazonaws.com/5f81d9c4-b25b-4ecd-b38b-26c9766171a4?X-Amz-Expires=172800&X-Amz-Algorithm=AWS4-HMAC-SHA256&X-Amz-Credential=AKIAJACPTVWI6S554HTQ/20260810/ap-northeast-1/s3/aws4_request&X-Amz-Date=20260810T075314Z&X-Amz-SignedHeaders=host&X-Amz-Signature=96a6918f0732cfe45666a0fccca9118540d7c8d03e4756c363440821714c41ec","attribute":4,"type":"scan","size":"1508941","date":"08/08/2026 14:11:00","id":59620174,"username":"cloudsocket","custname":null,"opername":null,"procname":null,"outguid":null,"quoteRequest":0,"prog_name":null,"mach_name":null,"mat_name":null,"mat_size":null,"numofsheets":0,"processtime":null,"totalFilescount":25462,"filetype":1,"partnum":"","innerFiles":null,"pdf":null,"fileid":-1,"totalfolders":0,"totalfiles":25462,"mo_no":null,"drawing_no":null,"parent_no":null,"product_no":null,"product_name":null,"material_size":null,"processids":null,"duedate":null,"child_nos":null,"material":null,"version":null,"shared":false,"sharedByMe":false,"privatefile":0,"erp_customername":null,"erp_thickness":null,"erp_qty":null,"hashkey":null,"similarvalue":null,"processid":0,"modifieddate":"08/08/2026 05:14:00","favourite":0,"pwdlock":0,"rootid":0},{"filename":"2026.08.08.134206.pdf","guid":"ad695f5e-33f9-4ccb-b97a-c59b5c6e7674","thumbguid":"https://sirpi.s3-ap-northeast-1.amazonaws.com/93927afb-cf4a-4853-9f12-bfc1d773691d?X-Amz-Expires=172800&X-Amz-Algorithm=AWS4-HMAC-SHA256&X-Amz-Credential=AKIAJACPTVWI6S554HTQ/20260810/ap-northeast-1/s3/aws4_request&X-Amz-Date=20260810T075314Z&X-Amz-SignedHeaders=host&X-Amz-Signature=2e92dc7638402f48f16fe72aa103125b3e7bd76b5798475032173e8c78d557df","attribute":4,"type":"scan","size":"136719","date":"08/08/2026 13:33:00","id":59620065,"username":"cloudsocket","custname":null,"opername":null,"procname":null,"outguid":null,"quoteRequest":0,"prog_name":null,"mach_name":null,"mat_name":null,"mat_size":null,"numofsheets":0,"processtime":null,"totalFilescount":25462,"filetype":1,"partnum":"","innerFiles":null,"pdf":null,"fileid":-1,"totalfolders":0,"totalfiles":25462,"mo_no":null,"drawing_no":null,"parent_no":null,"product_no":null,"product_name":null,"material_size":null,"processids":null,"duedate":null,"child_nos":null,"material":null,"version":null,"shared":false,"sharedByMe":false,"privatefile":0,"erp_customername":null,"erp_thickness":null,"erp_qty":null,"hashkey":null,"similarvalue":null,"processid":0,"modifieddate":"08/08/2026 04:35:00","favourite":0,"pwdlock":0,"rootid":0},{"filename":"2026.08.08.123938.pdf","guid":"fdab939e-500b-410f-ae41-3399e7b42b60","thumbguid":"https://sirpi.s3-ap-northeast-1.amazonaws.com/c60af278-cf15-4a46-bd1b-8d78151dd1ac?X-Amz-Expires=172800&X-Amz-Algorithm=AWS4-HMAC-SHA256&X-Amz-Credential=AKIAJACPTVWI6S554HTQ/20260810/ap-northeast-1/s3/aws4_request&X-Amz-Date=20260810T075314Z&X-Amz-SignedHeaders=host&X-Amz-Signature=7bc6173433bf8334e3ec6d7a7c9536a503e23a3209c0600be9cdf7ea43a27929","attribute":4,"type":"scan","size":"149324","date":"08/08/2026 12:31:00","id":59619771,"username":"cloudsocket","custname":null,"opername":null,"procname":null,"outguid":null,"quoteRequest":0,"prog_name":null,"mach_name":null,"mat_name":null,"mat_size":null,"numofsheets":0,"processtime":null,"totalFilescount":25462,"filetype":1,"partnum":"","innerFiles":null,"pdf":null,"fileid":-1,"totalfolders":0,"totalfiles":25462,"mo_no":null,"drawing_no":null,"parent_no":null,"product_no":null,"product_name":null,"material_size":null,"processids":null,"duedate":null,"child_nos":null,"material":null,"version":null,"shared":false,"sharedByMe":false,"privatefile":0,"erp_customername":null,"erp_thickness":null,"erp_qty":null,"hashkey":null,"similarvalue":null,"processid":0,"modifieddate":"08/08/2026 03:33:00","favourite":0,"pwdlock":0,"rootid":0},{"filename":"2026.08.08.120741.pdf","guid":"85134bcc-5aea-418f-b13f-b0b4ed3ca7c2","thumbguid":"https://sirpi.s3-ap-northeast-1.amazonaws.com/56b03086-3ac7-44b1-adc8-3eaf5e822a7b?X-Amz-Expires=172800&X-Amz-Algorithm=AWS4-HMAC-SHA256&X-Amz-Credential=AKIAJACPTVWI6S554HTQ/20260810/ap-northeast-1/s3/aws4_request&X-Amz-Date=20260810T075314Z&X-Amz-SignedHeaders=host&X-Amz-Signature=309595cbd12f8fb0aacfff1590bc378993ad0ca85f7549007a3fe29209dd8441","attribute":4,"type":"scan","size":"597043","date":"08/08/2026 11:59:00","id":59619628,"username":"cloudsocket","custname":null,"opername":null,"procname":null,"outguid":null,"quoteRequest":0,"prog_name":null,"mach_name":null,"mat_name":null,"mat_size":null,"numofsheets":0,"processtime":null,"totalFilescount":25462,"filetype":1,"partnum":"","innerFiles":null,"pdf":null,"fileid":-1,"totalfolders":0,"totalfiles":25462,"mo_no":null,"drawing_no":null,"parent_no":null,"product_no":null,"product_name":null,"material_size":null,"processids":null,"duedate":null,"child_nos":null,"material":null,"version":null,"shared":false,"sharedByMe":false,"privatefile":0,"erp_customername":null,"erp_thickness":null,"erp_qty":null,"hashkey":null,"similarvalue":null,"processid":0,"modifieddate":"08/08/2026 03:01:00","favourite":0,"pwdlock":0,"rootid":0},{"filename":"2026.08.08.084826.pdf","guid":"e0825a80-7013-4295-8ce4-648b769044cd","thumbguid":"https://sirpi.s3-ap-northeast-1.amazonaws.com/603b46fb-5679-492b-aaf4-59860049030b?X-Amz-Expires=172800&X-Amz-Algorithm=AWS4-HMAC-SHA256&X-Amz-Credential=AKIAJACPTVWI6S554HTQ/20260810/ap-northeast-1/s3/aws4_request&X-Amz-Date=20260810T075314Z&X-Amz-SignedHeaders=host&X-Amz-Signature=845451b49842f0556afca6671433f315bf4e81e32e318a69dd28914cc2d8b7ac","attribute":4,"type":"scan","size":"830734","date":"08/08/2026 08:40:00","id":59618779,"username":"cloudsocket","custname":null,"opername":null,"procname":null,"outguid":null,"quoteRequest":0,"prog_name":null,"mach_name":null,"mat_name":null,"mat_size":null,"numofsheets":0,"processtime":null,"totalFilescount":25462,"filetype":1,"partnum":"","innerFiles":null,"pdf":null,"fileid":-1,"totalfolders":0,"totalfiles":25462,"mo_no":null,"drawing_no":null,"parent_no":null,"product_no":null,"product_name":null,"material_size":null,"processids":null,"duedate":null,"child_nos":null,"material":null,"version":null,"shared":false,"sharedByMe":false,"privatefile":0,"erp_customername":null,"erp_thickness":null,"erp_qty":null,"hashkey":null,"similarvalue":null,"processid":0,"modifieddate":"08/07/2026 23:43:00","favourite":0,"pwdlock":0,"rootid":0},{"filename":"2026.08.07.192244.pdf","guid":"dc72a6b2-d4a5-4dd5-bd78-a3d5b8ba2100","thumbguid":"https://sirpi.s3-ap-northeast-1.amazonaws.com/2612896f-9e72-4881-94c0-6509e43180c1?X-Amz-Expires=172800&X-Amz-Algorithm=AWS4-HMAC-SHA256&X-Amz-Credential=AKIAJACPTVWI6S554HTQ/20260810/ap-northeast-1/s3/aws4_request&X-Amz-Date=20260810T075314Z&X-Amz-SignedHeaders=host&X-Amz-Signature=a724a68eb28151eb8f747e9161aa7881f8193a503807cdf84cc21a27528b9c13","attribute":4,"type":"scan","size":"356406","date":"08/07/2026 19:14:00","id":59605562,"username":"cloudsocket","custname":null,"opername":null,"procname":null,"outguid":null,"quoteRequest":0,"prog_name":null,"mach_name":null,"mat_name":null,"mat_size":null,"numofsheets":0,"processtime":null,"totalFilescount":25462,"filetype":1,"partnum":"","innerFiles":null,"pdf":null,"fileid":-1,"totalfolders":0,"totalfiles":25462,"mo_no":null,"drawing_no":null,"parent_no":null,"product_no":null,"product_name":null,"material_size":null,"processids":null,"duedate":null,"child_nos":null,"material":null,"version":null,"shared":false,"sharedByMe":false,"privatefile":0,"erp_customername":null,"erp_thickness":null,"erp_qty":null,"hashkey":null,"similarvalue":null,"processid":0,"modifieddate":"08/07/2026 10:16:00","favourite":0,"pwdlock":0,"rootid":0},{"filename":"2026.08.07.182506.pdf","guid":"d2efda66-a708-4965-a99e-58a8aa380916","thumbguid":"https://sirpi.s3-ap-northeast-1.amazonaws.com/99f5a674-128f-498f-ae03-b1fa852f920a?X-Amz-Expires=172800&X-Amz-Algorithm=AWS4-HMAC-SHA256&X-Amz-Credential=AKIAJACPTVWI6S554HTQ/20260810/ap-northeast-1/s3/aws4_request&X-Amz-Date=20260810T075314Z&X-Amz-SignedHeaders=host&X-Amz-Signature=2cc2e9276efe8aa1d8fcfebf3fceb2420f9f4b7dc7df75d422d4778607c66c4d","attribute":4,"type":"scan","size":"474682","date":"08/07/2026 18:16:00","id":59602788,"username":"cloudsocket","custname":null,"opername":null,"procname":null,"outguid":null,"quoteRequest":0,"prog_name":null,"mach_name":null,"mat_name":null,"mat_size":null,"numofsheets":0,"processtime":null,"totalFilescount":25462,"filetype":1,"partnum":"","innerFiles":null,"pdf":null,"fileid":-1,"totalfolders":0,"totalfiles":25462,"mo_no":null,"drawing_no":null,"parent_no":null,"product_no":null,"product_name":null,"material_size":null,"processids":null,"duedate":null,"child_nos":null,"material":null,"version":null,"shared":false,"sharedByMe":false,"privatefile":0,"erp_customername":null,"erp_thickness":null,"erp_qty":null,"hashkey":null,"similarvalue":null,"processid":0,"modifieddate":"08/07/2026 09:19:00","favourite":0,"pwdlock":0,"rootid":0},{"filename":"2026.08.07.154128.pdf","guid":"3e7f911b-7a4a-41cd-9a35-5271ca7501ef","thumbguid":"https://sirpi.s3-ap-northeast-1.amazonaws.com/1c23d9ca-d1ce-4a2b-8cab-c058c8be6e9d?X-Amz-Expires=172800&X-Amz-Algorithm=AWS4-HMAC-SHA256&X-Amz-Credential=AKIAJACPTVWI6S554HTQ/20260810/ap-northeast-1/s3/aws4_request&X-Amz-Date=20260810T075314Z&X-Amz-SignedHeaders=host&X-Amz-Signature=40b0711301131d76784219cc2e1ea285a0cfef11d238686d6d79215f73bba090","attribute":4,"type":"scan","size":"500788","date":"08/07/2026 15:33:00","id":59595665,"username":"cloudsocket","custname":null,"opername":null,"procname":null,"outguid":null,"quoteRequest":0,"prog_name":null,"mach_name":null,"mat_name":null,"mat_size":null,"numofsheets":0,"processtime":null,"totalFilescount":25462,"filetype":1,"partnum":"","innerFiles":null,"pdf":null,"fileid":-1,"totalfolders":0,"totalfiles":25462,"mo_no":null,"drawing_no":null,"parent_no":null,"product_no":null,"product_name":null,"material_size":null,"processids":null,"duedate":null,"child_nos":null,"material":null,"version":null,"shared":false,"sharedByMe":false,"privatefile":0,"erp_customername":null,"erp_thickness":null,"erp_qty":null,"hashkey":null,"similarvalue":null,"processid":0,"modifieddate":"08/07/2026 06:35:00","favourite":0,"pwdlock":0,"rootid":0},{"filename":"2026.08.07.132317.pdf","guid":"a5721ace-baa4-4019-83a9-c3366bc542a2","thumbguid":"https://sirpi.s3-ap-northeast-1.amazonaws.com/b389ca18-3707-4169-882a-14079f967687?X-Amz-Expires=172800&X-Amz-Algorithm=AWS4-HMAC-SHA256&X-Amz-Credential=AKIAJACPTVWI6S554HTQ/20260810/ap-northeast-1/s3/aws4_request&X-Amz-Date=20260810T075314Z&X-Amz-SignedHeaders=host&X-Amz-Signature=c92426c69308f1dce3bd918742b8f3e6f1245bb8fe9a51d2eafc784d8a72b98b","attribute":4,"type":"scan","size":"156993","date":"08/07/2026 13:14:00","id":59592029,"username":"cloudsocket","custname":null,"opername":null,"procname":null,"outguid":null,"quoteRequest":0,"prog_name":null,"mach_name":null,"mat_name":null,"mat_size":null,"numofsheets":0,"processtime":null,"totalFilescount":25462,"filetype":1,"partnum":"","innerFiles":null,"pdf":null,"fileid":-1,"totalfolders":0,"totalfiles":25462,"mo_no":null,"drawing_no":null,"parent_no":null,"product_no":null,"product_name":null,"material_size":null,"processids":null,"duedate":null,"child_nos":null,"material":null,"version":null,"shared":false,"sharedByMe":false,"privatefile":0,"erp_customername":null,"erp_thickness":null,"erp_qty":null,"hashkey":null,"similarvalue":null,"processid":0,"modifieddate":"08/07/2026 04:17:00","favourite":0,"pwdlock":0,"rootid":0},{"filename":"2026.08.07.125327.pdf","guid":"7f7e1172-b0b7-4413-a4b4-d76e6f635c4e","thumbguid":"https://sirpi.s3-ap-northeast-1.amazonaws.com/0c9e1477-3a7c-4b01-b1f0-e62aa22be49f?X-Amz-Expires=172800&X-Amz-Algorithm=AWS4-HMAC-SHA256&X-Amz-Credential=AKIAJACPTVWI6S554HTQ/20260810/ap-northeast-1/s3/aws4_request&X-Amz-Date=20260810T075314Z&X-Amz-SignedHeaders=host&X-Amz-Signature=7f8d6637ffcee8db2d97a9b8a4df6a5b6e397555a871089f7d73e194ba08568b","attribute":4,"type":"scan","size":"219121","date":"08/07/2026 12:45:00","id":59591771,"username":"cloudsocket","custname":null,"opername":null,"procname":null,"outguid":null,"quoteRequest":0,"prog_name":null,"mach_name":null,"mat_name":null,"mat_size":null,"numofsheets":0,"processtime":null,"totalFilescount":25462,"filetype":1,"partnum":"","innerFiles":null,"pdf":null,"fileid":-1,"totalfolders":0,"totalfiles":25462,"mo_no":null,"drawing_no":null,"parent_no":null,"product_no":null,"product_name":null,"material_size":null,"processids":null,"duedate":null,"child_nos":null,"material":null,"version":null,"shared":false,"sharedByMe":false,"privatefile":0,"erp_customername":null,"erp_thickness":null,"erp_qty":null,"hashkey":null,"similarvalue":null,"processid":0,"modifieddate":"08/07/2026 03:48:00","favourite":0,"pwdlock":0,"rootid":0},{"filename":"2026.08.07.120032.pdf","guid":"94e60e70-3d49-4f0e-942f-563551cd1c22","thumbguid":"https://sirpi.s3-ap-northeast-1.amazonaws.com/5e7b42d8-fd40-48f0-bc9d-0fb4e6bff7dd?X-Amz-Expires=172800&X-Amz-Algorithm=AWS4-HMAC-SHA256&X-Amz-Credential=AKIAJACPTVWI6S554HTQ/20260810/ap-northeast-1/s3/aws4_request&X-Amz-Date=20260810T075314Z&X-Amz-SignedHeaders=host&X-Amz-Signature=256f7dbe331c334df402c6107a2cc7d1008bb91c933863890e42d80204f60fce","attribute":4,"type":"scan","size":"749683","date":"08/07/2026 11:52:00","id":59591313,"username":"cloudsocket","custname":null,"opername":null,"procname":null,"outguid":null,"quoteRequest":0,"prog_name":null,"mach_name":null,"mat_name":null,"mat_size":null,"numofsheets":0,"processtime":null,"totalFilescount":25462,"filetype":1,"partnum":"","innerFiles":null,"pdf":null,"fileid":-1,"totalfolders":0,"totalfiles":25462,"mo_no":null,"drawing_no":null,"parent_no":null,"product_no":null,"product_name":null,"material_size":null,"processids":null,"duedate":null,"child_nos":null,"material":null,"version":null,"shared":false,"sharedByMe":false,"privatefile":0,"erp_customername":null,"erp_thickness":null,"erp_qty":null,"hashkey":null,"similarvalue":null,"processid":0,"modifieddate":"08/07/2026 02:55:00","favourite":0,"pwdlock":0,"rootid":0},{"filename":"2026.08.07.115937.pdf","guid":"57c4447d-2cf7-4c6c-9b4b-8fbdfe4c2085","thumbguid":"https://sirpi.s3-ap-northeast-1.amazonaws.com/32072c71-036b-4b9f-b1ec-a9ecffb73ac7?X-Amz-Expires=172800&X-Amz-Algorithm=AWS4-HMAC-SHA256&X-Amz-Credential=AKIAJACPTVWI6S554HTQ/20260810/ap-northeast-1/s3/aws4_request&X-Amz-Date=20260810T075314Z&X-Amz-SignedHeaders=host&X-Amz-Signature=c0631cc6628169946c0f12d0899b605eb4b6f65e4692a5b0ba35646bfefbcff5","attribute":4,"type":"scan","size":"554715","date":"08/07/2026 11:51:00","id":59591310,"username":"cloudsocket","custname":null,"opername":null,"procname":null,"outguid":null,"quoteRequest":0,"prog_name":null,"mach_name":null,"mat_name":null,"mat_size":null,"numofsheets":0,"processtime":null,"totalFilescount":25462,"filetype":1,"partnum":"","innerFiles":null,"pdf":null,"fileid":-1,"totalfolders":0,"totalfiles":25462,"mo_no":null,"drawing_no":null,"parent_no":null,"product_no":null,"product_name":null,"material_size":null,"processids":null,"duedate":null,"child_nos":null,"material":null,"version":null,"shared":false,"sharedByMe":false,"privatefile":0,"erp_customername":null,"erp_thickness":null,"erp_qty":null,"hashkey":null,"similarvalue":null,"processid":0,"modifieddate":"08/07/2026 02:53:00","favourite":0,"pwdlock":0,"rootid":0},{"filename":"2026.08.07.111415.pdf","guid":"fc5d8016-a0b2-425f-9260-15302df5537e","thumbguid":"https://sirpi.s3-ap-northeast-1.amazonaws.com/4734a4d2-cb77-448c-b3e1-3b4d47235800?X-Amz-Expires=172800&X-Amz-Algorithm=AWS4-HMAC-SHA256&X-Amz-Credential=AKIAJACPTVWI6S554HTQ/20260810/ap-northeast-1/s3/aws4_request&X-Amz-Date=20260810T075314Z&X-Amz-SignedHeaders=host&X-Amz-Signature=948b5a6957b31e2c47445b3dcf9f03bef5c85ec6512bed08235b4a4414bc120e","attribute":4,"type":"scan","size":"1327917","date":"08/07/2026 11:06:00","id":59590702,"username":"cloudsocket","custname":null,"opername":null,"procname":null,"outguid":null,"quoteRequest":0,"prog_name":null,"mach_name":null,"mat_name":null,"mat_size":null,"numofsheets":0,"processtime":null,"totalFilescount":25462,"filetype":1,"partnum":"","innerFiles":null,"pdf":null,"fileid":-1,"totalfolders":0,"totalfiles":25462,"mo_no":null,"drawing_no":null,"parent_no":null,"product_no":null,"product_name":null,"material_size":null,"processids":null,"duedate":null,"child_nos":null,"material":null,"version":null,"shared":false,"sharedByMe":false,"privatefile":0,"erp_customername":null,"erp_thickness":null,"erp_qty":null,"hashkey":null,"similarvalue":null,"processid":0,"modifieddate":"08/07/2026 02:08:00","favourite":0,"pwdlock":0,"rootid":0},{"filename":"2026.08.07.105522.pdf","guid":"cfd7f503-3412-4ada-968a-0c544317ea26","thumbguid":"https://sirpi.s3-ap-northeast-1.amazonaws.com/47cdce7d-380f-41ff-b634-2c98ba7215e0?X-Amz-Expires=172800&X-Amz-Algorithm=AWS4-HMAC-SHA256&X-Amz-Credential=AKIAJACPTVWI6S554HTQ/20260810/ap-northeast-1/s3/aws4_request&X-Amz-Date=20260810T075314Z&X-Amz-SignedHeaders=host&X-Amz-Signature=ee03a5b6e8f5f922993871beed12c060809ee1e8b26db618ef1af11ababf0922","attribute":4,"type":"scan","size":"150802","date":"08/07/2026 10:47:00","id":59590220,"username":"cloudsocket","custname":null,"opername":null,"procname":null,"outguid":null,"quoteRequest":0,"prog_name":null,"mach_name":null,"mat_name":null,"mat_size":null,"numofsheets":0,"processtime":null,"totalFilescount":25462,"filetype":1,"partnum":"","innerFiles":null,"pdf":null,"fileid":-1,"totalfolders":0,"totalfiles":25462,"mo_no":null,"drawing_no":null,"parent_no":null,"product_no":null,"product_name":null,"material_size":null,"processids":null,"duedate":null,"child_nos":null,"material":null,"version":null,"shared":false,"sharedByMe":false,"privatefile":0,"erp_customername":null,"erp_thickness":null,"erp_qty":null,"hashkey":null,"similarvalue":null,"processid":0,"modifieddate":"08/07/2026 01:48:00","favourite":0,"pwdlock":0,"rootid":0},{"filename":"2026.08.07.094612.pdf","guid":"583a0218-3562-4ea6-975e-e4722c6f5a4d","thumbguid":"https://sirpi.s3-ap-northeast-1.amazonaws.com/564cac99-7b1b-4782-86eb-9b9d6afc6232?X-Amz-Expires=172800&X-Amz-Algorithm=AWS4-HMAC-SHA256&X-Amz-Credential=AKIAJACPTVWI6S554HTQ/20260810/ap-northeast-1/s3/aws4_request&X-Amz-Date=20260810T075314Z&X-Amz-SignedHeaders=host&X-Amz-Signature=9f3501b5105b006e061c69e2672d95a6a057dce35f2ae4fa55d06afc1bece95f","attribute":4,"type":"scan","size":"482450","date":"08/07/2026 09:37:00","id":59589110,"username":"cloudsocket","custname":null,"opername":null,"procname":null,"outguid":null,"quoteRequest":0,"prog_name":null,"mach_name":null,"mat_name":null,"mat_size":null,"numofsheets":0,"processtime":null,"totalFilescount":25462,"filetype":1,"partnum":"","innerFiles":null,"pdf":null,"fileid":-1,"totalfolders":0,"totalfiles":25462,"mo_no":null,"drawing_no":null,"parent_no":null,"product_no":null,"product_name":null,"material_size":null,"processids":null,"duedate":null,"child_nos":null,"material":null,"version":null,"shared":false,"sharedByMe":false,"privatefile":0,"erp_customername":null,"erp_thickness":null,"erp_qty":null,"hashkey":null,"similarvalue":null,"processid":0,"modifieddate":"08/07/2026 00:40:00","favourite":0,"pwdlock":0,"rootid":0},{"filename":"2026.08.07.085251.pdf","guid":"fae195b2-cc9f-4044-b6af-f47684b17b9a","thumbguid":"https://sirpi.s3-ap-northeast-1.amazonaws.com/e38b56b8-ab96-4ae7-801f-5d9edb2e9260?X-Amz-Expires=172800&X-Amz-Algorithm=AWS4-HMAC-SHA256&X-Amz-Credential=AKIAJACPTVWI6S554HTQ/20260810/ap-northeast-1/s3/aws4_request&X-Amz-Date=20260810T075314Z&X-Amz-SignedHeaders=host&X-Amz-Signature=aa2f2af672e09a470352e4d7b3e4f6f189571f6cc5347c6f7b3c9ac329070ec1","attribute":4,"type":"scan","size":"287941","date":"08/07/2026 08:44:00","id":59588550,"username":"cloudsocket","custname":null,"opername":null,"procname":null,"outguid":null,"quoteRequest":0,"prog_name":null,"mach_name":null,"mat_name":null,"mat_size":null,"numofsheets":0,"processtime":null,"totalFilescount":25462,"filetype":1,"partnum":"","innerFiles":null,"pdf":null,"fileid":-1,"totalfolders":0,"totalfiles":25462,"mo_no":null,"drawing_no":null,"parent_no":null,"product_no":null,"product_name":null,"material_size":null,"processids":null,"duedate":null,"child_nos":null,"material":null,"version":null,"shared":false,"sharedByMe":false,"privatefile":0,"erp_customername":null,"erp_thickness":null,"erp_qty":null,"hashkey":null,"similarvalue":null,"processid":0,"modifieddate":"08/06/2026 23:48:00","favourite":0,"pwdlock":0,"rootid":0},{"filename":"2026.08.07.085302.pdf","guid":"0609ae2c-f219-460b-a9cd-839d319e2346","thumbguid":"https://sirpi.s3-ap-northeast-1.amazonaws.com/80cd058d-a140-41b7-a277-8ef377c50c66?X-Amz-Expires=172800&X-Amz-Algorithm=AWS4-HMAC-SHA256&X-Amz-Credential=AKIAJACPTVWI6S554HTQ/20260810/ap-northeast-1/s3/aws4_request&X-Amz-Date=20260810T075314Z&X-Amz-SignedHeaders=host&X-Amz-Signature=48e0272eaeb635f32cbfb9939aca3caeb8fa954916cfd01a3abc7d41b2cdac4e","attribute":4,"type":"scan","size":"270652","date":"08/07/2026 08:44:00","id":59588552,"username":"cloudsocket","custname":null,"opername":null,"procname":null,"outguid":null,"quoteRequest":0,"prog_name":null,"mach_name":null,"mat_name":null,"mat_size":null,"numofsheets":0,"processtime":null,"totalFilescount":25462,"filetype":1,"partnum":"","innerFiles":null,"pdf":null,"fileid":-1,"totalfolders":0,"totalfiles":25462,"mo_no":null,"drawing_no":null,"parent_no":null,"product_no":null,"product_name":null,"material_size":null,"processids":null,"duedate":null,"child_nos":null,"material":null,"version":null,"shared":false,"sharedByMe":false,"privatefile":0,"erp_customername":null,"erp_thickness":null,"erp_qty":null,"hashkey":null,"similarvalue":null,"processid":0,"modifieddate":"08/06/2026 23:47:00","favourite":0,"pwdlock":0,"rootid":0},{"filename":"2026.08.07.085322.pdf","guid":"be1e11b0-393a-4590-99f1-bed4ead3c1fc","thumbguid":"https://sirpi.s3-ap-northeast-1.amazonaws.com/5daa03a2-6814-430e-8ab8-f89521fa335e?X-Amz-Expires=172800&X-Amz-Algorithm=AWS4-HMAC-SHA256&X-Amz-Credential=AKIAJACPTVWI6S554HTQ/20260810/ap-northeast-1/s3/aws4_request&X-Amz-Date=20260810T075314Z&X-Amz-SignedHeaders=host&X-Amz-Signature=1a70212132bdd948dbe454b50f1143a4112584184fcb06a2ef88fb5b8cd01a1b","attribute":4,"type":"scan","size":"266597","date":"08/07/2026 08:45:00","id":59588553,"username":"cloudsocket","custname":null,"opername":null,"procname":null,"outguid":null,"quoteRequest":0,"prog_name":null,"mach_name":null,"mat_name":null,"mat_size":null,"numofsheets":0,"processtime":null,"totalFilescount":25462,"filetype":1,"partnum":"","innerFiles":null,"pdf":null,"fileid":-1,"totalfolders":0,"totalfiles":25462,"mo_no":null,"drawing_no":null,"parent_no":null,"product_no":null,"product_name":null,"material_size":null,"processids":null,"duedate":null,"child_nos":null,"material":null,"version":null,"shared":false,"sharedByMe":false,"privatefile":0,"erp_customername":null,"erp_thickness":null,"erp_qty":null,"hashkey":null,"similarvalue":null,"processid":0,"modifieddate":"08/06/2026 23:47:00","favourite":0,"pwdlock":0,"rootid":0},{"filename":"2026.08.06.213555.pdf","guid":"d9d865ac-5435-42cd-b3f3-3a90c6c030e3","thumbguid":"https://sirpi.s3-ap-northeast-1.amazonaws.com/7b596b32-0a78-4659-b31b-e92e1c408b96?X-Amz-Expires=172800&X-Amz-Algorithm=AWS4-HMAC-SHA256&X-Amz-Credential=AKIAJACPTVWI6S554HTQ/20260810/ap-northeast-1/s3/aws4_request&X-Amz-Date=20260810T075314Z&X-Amz-SignedHeaders=host&X-Amz-Signature=fdc838ae05c42334d77b05561848798e02c752a477e4e268f00660b05441cce6","attribute":4,"type":"scan","size":"475430","date":"08/06/2026 21:27:00","id":59587118,"username":"cloudsocket","custname":null,"opername":null,"procname":null,"outguid":null,"quoteRequest":0,"prog_name":null,"mach_name":null,"mat_name":null,"mat_size":null,"numofsheets":0,"processtime":null,"totalFilescount":25462,"filetype":1,"partnum":"","innerFiles":null,"pdf":null,"fileid":-1,"totalfolders":0,"totalfiles":25462,"mo_no":null,"drawing_no":null,"parent_no":null,"product_no":null,"product_name":null,"material_size":null,"processids":null,"duedate":null,"child_nos":null,"material":null,"version":null,"shared":false,"sharedByMe":false,"privatefile":0,"erp_customername":null,"erp_thickness":null,"erp_qty":null,"hashkey":null,"similarvalue":null,"processid":0,"modifieddate":"08/06/2026 12:31:00","favourite":0,"pwdlock":0,"rootid":0},{"filename":"2026.08.06.213359.pdf","guid":"266f5bcb-db39-406d-b8f0-e9e98528fb8f","thumbguid":"https://sirpi.s3-ap-northeast-1.amazonaws.com/9b0b6499-0bd6-4b54-8636-af84e7f6ef6e?X-Amz-Expires=172800&X-Amz-Algorithm=AWS4-HMAC-SHA256&X-Amz-Credential=AKIAJACPTVWI6S554HTQ/20260810/ap-northeast-1/s3/aws4_request&X-Amz-Date=20260810T075314Z&X-Amz-SignedHeaders=host&X-Amz-Signature=e6352a7a7cdd1ef37763d93c96afc7c34544a1dede083872a04e0b58967ac26c","attribute":4,"type":"scan","size":"533155","date":"08/06/2026 21:25:00","id":59587113,"username":"cloudsocket","custname":null,"opername":null,"procname":null,"outguid":null,"quoteRequest":0,"prog_name":null,"mach_name":null,"mat_name":null,"mat_size":null,"numofsheets":0,"processtime":null,"totalFilescount":25462,"filetype":1,"partnum":"","innerFiles":null,"pdf":null,"fileid":-1,"totalfolders":0,"totalfiles":25462,"mo_no":null,"drawing_no":null,"parent_no":null,"product_no":null,"product_name":null,"material_size":null,"processids":null,"duedate":null,"child_nos":null,"material":null,"version":null,"shared":false,"sharedByMe":false,"privatefile":0,"erp_customername":null,"erp_thickness":null,"erp_qty":null,"hashkey":null,"similarvalue":null,"processid":0,"modifieddate":"08/06/2026 12:28:00","favourite":0,"pwdlock":0,"rootid":0},{"filename":"2026.08.06.205747.pdf","guid":"ec52d656-5dd9-41f1-bef7-144bb6b77c62","thumbguid":"https://sirpi.s3-ap-northeast-1.amazonaws.com/f10a4d49-819c-4680-a3fb-e99801434bde?X-Amz-Expires=172800&X-Amz-Algorithm=AWS4-HMAC-SHA256&X-Amz-Credential=AKIAJACPTVWI6S554HTQ/20260810/ap-northeast-1/s3/aws4_request&X-Amz-Date=20260810T075314Z&X-Amz-SignedHeaders=host&X-Amz-Signature=169f5f59ba6655a4903e58c3135c5f2c82fd34deac4873cc625c21d1ed4bb543","attribute":4,"type":"scan","size":"333431","date":"08/06/2026 20:49:00","id":59586673,"username":"cloudsocket","custname":null,"opername":null,"procname":null,"outguid":null,"quoteRequest":0,"prog_name":null,"mach_name":null,"mat_name":null,"mat_size":null,"numofsheets":0,"processtime":null,"totalFilescount":25462,"filetype":1,"partnum":"","innerFiles":null,"pdf":null,"fileid":-1,"totalfolders":0,"totalfiles":25462,"mo_no":null,"drawing_no":null,"parent_no":null,"product_no":null,"product_name":null,"material_size":null,"processids":null,"duedate":null,"child_nos":null,"material":null,"version":null,"shared":false,"sharedByMe":false,"privatefile":0,"erp_customername":null,"erp_thickness":null,"erp_qty":null,"hashkey":null,"similarvalue":null,"processid":0,"modifieddate":"08/06/2026 11:51:00","favourite":0,"pwdlock":0,"rootid":0},{"filename":"2026.08.06.201853.pdf","guid":"e1bb936e-d555-41d7-995c-297d94b069f1","thumbguid":"https://sirpi.s3-ap-northeast-1.amazonaws.com/579764a2-1179-41cb-a3fe-a98ef6156fa3?X-Amz-Expires=172800&X-Amz-Algorithm=AWS4-HMAC-SHA256&X-Amz-Credential=AKIAJACPTVWI6S554HTQ/20260810/ap-northeast-1/s3/aws4_request&X-Amz-Date=20260810T075314Z&X-Amz-SignedHeaders=host&X-Amz-Signature=5bd94208e9dafc52a95ae7a9a0aa1a5ac71c258c6ba04ca220b55cd85e720acd","attribute":4,"type":"scan","size":"118506","date":"08/06/2026 20:10:00","id":59586582,"username":"cloudsocket","custname":null,"opername":null,"procname":null,"outguid":null,"quoteRequest":0,"prog_name":null,"mach_name":null,"mat_name":null,"mat_size":null,"numofsheets":0,"processtime":null,"totalFilescount":25462,"filetype":1,"partnum":"","innerFiles":null,"pdf":null,"fileid":-1,"totalfolders":0,"totalfiles":25462,"mo_no":null,"drawing_no":null,"parent_no":null,"product_no":null,"product_name":null,"material_size":null,"processids":null,"duedate":null,"child_nos":null,"material":null,"version":null,"shared":false,"sharedByMe":false,"privatefile":0,"erp_customername":null,"erp_thickness":null,"erp_qty":null,"hashkey":null,"similarvalue":null,"processid":0,"modifieddate":"08/06/2026 11:12:00","favourite":0,"pwdlock":0,"rootid":0},{"filename":"2026.08.06.191518.pdf","guid":"79612058-6b82-4116-915b-f4799e6dd9b9","thumbguid":"https://sirpi.s3-ap-northeast-1.amazonaws.com/3f00c1f4-5be9-4cfb-9cd7-634162bb9042?X-Amz-Expires=172800&X-Amz-Algorithm=AWS4-HMAC-SHA256&X-Amz-Credential=AKIAJACPTVWI6S554HTQ/20260810/ap-northeast-1/s3/aws4_request&X-Amz-Date=20260810T075314Z&X-Amz-SignedHeaders=host&X-Amz-Signature=178ace278564f25e791a4e509f0f855b0bc60d5ceea6f10f384409cd7289fe7a","attribute":4,"type":"scan","size":"653315","date":"08/06/2026 19:07:00","id":59586377,"username":"cloudsocket","custname":null,"opername":null,"procname":null,"outguid":null,"quoteRequest":0,"prog_name":null,"mach_name":null,"mat_name":null,"mat_size":null,"numofsheets":0,"processtime":null,"totalFilescount":25462,"filetype":1,"partnum":"","innerFiles":null,"pdf":null,"fileid":-1,"totalfolders":0,"totalfiles":25462,"mo_no":null,"drawing_no":null,"parent_no":null,"product_no":null,"product_name":null,"material_size":null,"processids":null,"duedate":null,"child_nos":null,"material":null,"version":null,"shared":false,"sharedByMe":false,"privatefile":0,"erp_customername":null,"erp_thickness":null,"erp_qty":null,"hashkey":null,"similarvalue":null,"processid":0,"modifieddate":"08/06/2026 10:09:00","favourite":0,"pwdlock":0,"rootid":0},{"filename":"2026.08.06.185601.pdf","guid":"7e006b27-d1e0-4510-9095-dd128d773078","thumbguid":"https://sirpi.s3-ap-northeast-1.amazonaws.com/20228bf4-e4bb-40a6-bf69-a6123e49a053?X-Amz-Expires=172800&X-Amz-Algorithm=AWS4-HMAC-SHA256&X-Amz-Credential=AKIAJACPTVWI6S554HTQ/20260810/ap-northeast-1/s3/aws4_request&X-Amz-Date=20260810T075314Z&X-Amz-SignedHeaders=host&X-Amz-Signature=29da9be29b504d618b7bfb6244343390c98ae2f699ff5933d128bc65160db7cf","attribute":4,"type":"scan","size":"293726","date":"08/06/2026 18:47:00","id":59586273,"username":"cloudsocket","custname":null,"opername":null,"procname":null,"outguid":null,"quoteRequest":0,"prog_name":null,"mach_name":null,"mat_name":null,"mat_size":null,"numofsheets":0,"processtime":null,"totalFilescount":25462,"filetype":1,"partnum":"","innerFiles":null,"pdf":null,"fileid":-1,"totalfolders":0,"totalfiles":25462,"mo_no":null,"drawing_no":null,"parent_no":null,"product_no":null,"product_name":null,"material_size":null,"processids":null,"duedate":null,"child_nos":null,"material":null,"version":null,"shared":false,"sharedByMe":false,"privatefile":0,"erp_customername":null,"erp_thickness":null,"erp_qty":null,"hashkey":null,"similarvalue":null,"processid":0,"modifieddate":"08/06/2026 09:48:00","favourite":0,"pwdlock":0,"rootid":0},{"filename":"2026.08.06.184054.pdf","guid":"fd2978e1-3a49-486d-8a25-906d2ac3036f","thumbguid":"https://sirpi.s3-ap-northeast-1.amazonaws.com/225ddf43-9fd1-4c43-8141-ae8e5d6879f3?X-Amz-Expires=172800&X-Amz-Algorithm=AWS4-HMAC-SHA256&X-Amz-Credential=AKIAJACPTVWI6S554HTQ/20260810/ap-northeast-1/s3/aws4_request&X-Amz-Date=20260810T075314Z&X-Amz-SignedHeaders=host&X-Amz-Signature=1f52871294122484b82caae03a9619d17d22ae40d937cd8d453245f628ca4a93","attribute":4,"type":"scan","size":"130346","date":"08/06/2026 18:32:00","id":59586209,"username":"cloudsocket","custname":null,"opername":null,"procname":null,"outguid":null,"quoteRequest":0,"prog_name":null,"mach_name":null,"mat_name":null,"mat_size":null,"numofsheets":0,"processtime":null,"totalFilescount":25462,"filetype":1,"partnum":"","innerFiles":null,"pdf":null,"fileid":-1,"totalfolders":0,"totalfiles":25462,"mo_no":null,"drawing_no":null,"parent_no":null,"product_no":null,"product_name":null,"material_size":null,"processids":null,"duedate":null,"child_nos":null,"material":null,"version":null,"shared":false,"sharedByMe":false,"privatefile":0,"erp_customername":null,"erp_thickness":null,"erp_qty":null,"hashkey":null,"similarvalue":null,"processid":0,"modifieddate":"08/06/2026 09:33:00","favourite":0,"pwdlock":0,"rootid":0},{"filename":"2026.08.06.182120.pdf","guid":"aa317422-7f78-43c5-82d6-2761d09b00d4","thumbguid":"https://sirpi.s3-ap-northeast-1.amazonaws.com/4a5212cd-7e2b-44ed-848b-fc25bbb62be4?X-Amz-Expires=172800&X-Amz-Algorithm=AWS4-HMAC-SHA256&X-Amz-Credential=AKIAJACPTVWI6S554HTQ/20260810/ap-northeast-1/s3/aws4_request&X-Amz-Date=20260810T075314Z&X-Amz-SignedHeaders=host&X-Amz-Signature=dcc70737d1bab8e789296863da0b6f13eb842566c4acb6b2635b22a7f3b398c5","attribute":4,"type":"scan","size":"112560","date":"08/06/2026 18:12:00","id":59586102,"username":"cloudsocket","custname":null,"opername":null,"procname":null,"outguid":null,"quoteRequest":0,"prog_name":null,"mach_name":null,"mat_name":null,"mat_size":null,"numofsheets":0,"processtime":null,"totalFilescount":25462,"filetype":1,"partnum":"","innerFiles":null,"pdf":null,"fileid":-1,"totalfolders":0,"totalfiles":25462,"mo_no":null,"drawing_no":null,"parent_no":null,"product_no":null,"product_name":null,"material_size":null,"processids":null,"duedate":null,"child_nos":null,"material":null,"version":null,"shared":false,"sharedByMe":false,"privatefile":0,"erp_customername":null,"erp_thickness":null,"erp_qty":null,"hashkey":null,"similarvalue":null,"processid":0,"modifieddate":"08/06/2026 09:14:00","favourite":0,"pwdlock":0,"rootid":0},{"filename":"2026.08.06.175826.pdf","guid":"2f202d76-92c0-4b47-b5cf-2018fa8a610d","thumbguid":"https://sirpi.s3-ap-northeast-1.amazonaws.com/be654f86-40b5-40ea-ab73-8ea1ed409e92?X-Amz-Expires=172800&X-Amz-Algorithm=AWS4-HMAC-SHA256&X-Amz-Credential=AKIAJACPTVWI6S554HTQ/20260810/ap-northeast-1/s3/aws4_request&X-Amz-Date=20260810T075314Z&X-Amz-SignedHeaders=host&X-Amz-Signature=3907d27f7a1e268fdc66808a5cb1123a377e7ad951d54283806a27dca96ba0a1","attribute":4,"type":"scan","size":"2356018","date":"08/06/2026 17:50:00","id":59585955,"username":"cloudsocket","custname":null,"opername":null,"procname":null,"outguid":null,"quoteRequest":0,"prog_name":null,"mach_name":null,"mat_name":null,"mat_size":null,"numofsheets":0,"processtime":null,"totalFilescount":25462,"filetype":1,"partnum":"","innerFiles":null,"pdf":null,"fileid":-1,"totalfolders":0,"totalfiles":25462,"mo_no":null,"drawing_no":null,"parent_no":null,"product_no":null,"product_name":null,"material_size":null,"processids":null,"duedate":null,"child_nos":null,"material":null,"version":null,"shared":false,"sharedByMe":false,"privatefile":0,"erp_customername":null,"erp_thickness":null,"erp_qty":null,"hashkey":null,"similarvalue":null,"processid":0,"modifieddate":"08/06/2026 08:53:00","favourite":0,"pwdlock":0,"rootid":0},{"filename":"2026.08.06.171820.pdf","guid":"4d7b7a08-fa32-43e5-98b2-83b60874d8b5","thumbguid":"https://sirpi.s3-ap-northeast-1.amazonaws.com/df08af79-325d-441b-89ae-3128dc061e2b?X-Amz-Expires=172800&X-Amz-Algorithm=AWS4-HMAC-SHA256&X-Amz-Credential=AKIAJACPTVWI6S554HTQ/20260810/ap-northeast-1/s3/aws4_request&X-Amz-Date=20260810T075314Z&X-Amz-SignedHeaders=host&X-Amz-Signature=2f786a02336a88085e42d71127692373081fa158a2f6b2509b07babbf6573bf3","attribute":4,"type":"scan","size":"146190","date":"08/06/2026 17:09:00","id":59585492,"username":"cloudsocket","custname":null,"opername":null,"procname":null,"outguid":null,"quoteRequest":0,"prog_name":null,"mach_name":null,"mat_name":null,"mat_size":null,"numofsheets":0,"processtime":null,"totalFilescount":25462,"filetype":1,"partnum":"","innerFiles":null,"pdf":null,"fileid":-1,"totalfolders":0,"totalfiles":25462,"mo_no":null,"drawing_no":null,"parent_no":null,"product_no":null,"product_name":null,"material_size":null,"processids":null,"duedate":null,"child_nos":null,"material":null,"version":null,"shared":false,"sharedByMe":false,"privatefile":0,"erp_customername":null,"erp_thickness":null,"erp_qty":null,"hashkey":null,"similarvalue":null,"processid":0,"modifieddate":"08/06/2026 08:13:00","favourite":0,"pwdlock":0,"rootid":0},{"filename":"2026.08.06.171640.pdf","guid":"a84effc0-5730-4a01-814a-831336a8b935","thumbguid":"https://sirpi.s3-ap-northeast-1.amazonaws.com/b8ffc647-c6b9-41c4-b4ea-73d5047f38ac?X-Amz-Expires=172800&X-Amz-Algorithm=AWS4-HMAC-SHA256&X-Amz-Credential=AKIAJACPTVWI6S554HTQ/20260810/ap-northeast-1/s3/aws4_request&X-Amz-Date=20260810T075314Z&X-Amz-SignedHeaders=host&X-Amz-Signature=6191a73d81c7f482908c24d99e2b476148377a4916bbbfd60836fb3c51e1527d","attribute":4,"type":"scan","size":"610243","date":"08/06/2026 17:08:00","id":59585484,"username":"cloudsocket","custname":null,"opername":null,"procname":null,"outguid":null,"quoteRequest":0,"prog_name":null,"mach_name":null,"mat_name":null,"mat_size":null,"numofsheets":0,"processtime":null,"totalFilescount":25462,"filetype":1,"partnum":"","innerFiles":null,"pdf":null,"fileid":-1,"totalfolders":0,"totalfiles":25462,"mo_no":null,"drawing_no":null,"parent_no":null,"product_no":null,"product_name":null,"material_size":null,"processids":null,"duedate":null,"child_nos":null,"material":null,"version":null,"shared":false,"sharedByMe":false,"privatefile":0,"erp_customername":null,"erp_thickness":null,"erp_qty":null,"hashkey":null,"similarvalue":null,"processid":0,"modifieddate":"08/06/2026 08:11:00","favourite":0,"pwdlock":0,"rootid":0},{"filename":"2026.08.06.170057.pdf","guid":"3568cc40-a3c6-4be1-8049-4793a11a0f5e","thumbguid":"https://sirpi.s3-ap-northeast-1.amazonaws.com/d42a13fd-c457-4c3e-8457-07b4508660f1?X-Amz-Expires=172800&X-Amz-Algorithm=AWS4-HMAC-SHA256&X-Amz-Credential=AKIAJACPTVWI6S554HTQ/20260810/ap-northeast-1/s3/aws4_request&X-Amz-Date=20260810T075314Z&X-Amz-SignedHeaders=host&X-Amz-Signature=fad8db18ff69f9c6b1f5628a20acd3d9cd5ac4801fbab1c5961515be0f0fcc6e","attribute":4,"type":"scan","size":"1531510","date":"08/06/2026 16:53:00","id":59585310,"username":"cloudsocket","custname":null,"opername":null,"procname":null,"outguid":null,"quoteRequest":0,"prog_name":null,"mach_name":null,"mat_name":null,"mat_size":null,"numofsheets":0,"processtime":null,"totalFilescount":25462,"filetype":1,"partnum":"","innerFiles":null,"pdf":null,"fileid":-1,"totalfolders":0,"totalfiles":25462,"mo_no":null,"drawing_no":null,"parent_no":null,"product_no":null,"product_name":null,"material_size":null,"processids":null,"duedate":null,"child_nos":null,"material":null,"version":null,"shared":false,"sharedByMe":false,"privatefile":0,"erp_customername":null,"erp_thickness":null,"erp_qty":null,"hashkey":null,"similarvalue":null,"processid":0,"modifieddate":"08/06/2026 08:00:00","favourite":0,"pwdlock":0,"rootid":0},{"filename":"2026.08.06.165833.pdf","guid":"4404d521-5ca0-4ffa-94a1-7975e3c0ddff","thumbguid":"https://sirpi.s3-ap-northeast-1.amazonaws.com/afdbfd6b-6034-42f2-b927-ba33f1a604ee?X-Amz-Expires=172800&X-Amz-Algorithm=AWS4-HMAC-SHA256&X-Amz-Credential=AKIAJACPTVWI6S554HTQ/20260810/ap-northeast-1/s3/aws4_request&X-Amz-Date=20260810T075314Z&X-Amz-SignedHeaders=host&X-Amz-Signature=b37be5c5d45f471d35ddaea0c5ccab36c3e31f67f4b3747f768b16ec15bb1ae2","attribute":4,"type":"scan","size":"1916235","date":"08/06/2026 16:50:00","id":59585246,"username":"cloudsocket","custname":null,"opername":null,"procname":null,"outguid":null,"quoteRequest":0,"prog_name":null,"mach_name":null,"mat_name":null,"mat_size":null,"numofsheets":0,"processtime":null,"totalFilescount":25462,"filetype":1,"partnum":"","innerFiles":null,"pdf":null,"fileid":-1,"totalfolders":0,"totalfiles":25462,"mo_no":null,"drawing_no":null,"parent_no":null,"product_no":null,"product_name":null,"material_size":null,"processids":null,"duedate":null,"child_nos":null,"material":null,"version":null,"shared":false,"sharedByMe":false,"privatefile":0,"erp_customername":null,"erp_thickness":null,"erp_qty":null,"hashkey":null,"similarvalue":null,"processid":0,"modifieddate":"08/06/2026 07:54:00","favourite":0,"pwdlock":0,"rootid":0},{"filename":"2026.08.06.163822.pdf","guid":"2d0b343c-cf17-493a-8299-407225781601","thumbguid":"https://sirpi.s3-ap-northeast-1.amazonaws.com/114595d9-fa2a-403c-9a8b-8aa9338a0585?X-Amz-Expires=172800&X-Amz-Algorithm=AWS4-HMAC-SHA256&X-Amz-Credential=AKIAJACPTVWI6S554HTQ/20260810/ap-northeast-1/s3/aws4_request&X-Amz-Date=20260810T075314Z&X-Amz-SignedHeaders=host&X-Amz-Signature=2d49e9b025603dcab4d7294ec1bd442582f21cb5b9ef1fb932082d9deb01ae12","attribute":4,"type":"scan","size":"774662","date":"08/06/2026 16:30:00","id":59584741,"username":"cloudsocket","custname":null,"opername":null,"procname":null,"outguid":null,"quoteRequest":0,"prog_name":null,"mach_name":null,"mat_name":null,"mat_size":null,"numofsheets":0,"processtime":null,"totalFilescount":25462,"filetype":1,"partnum":"","innerFiles":null,"pdf":null,"fileid":-1,"totalfolders":0,"totalfiles":25462,"mo_no":null,"drawing_no":null,"parent_no":null,"product_no":null,"product_name":null,"material_size":null,"processids":null,"duedate":null,"child_nos":null,"material":null,"version":null,"shared":false,"sharedByMe":false,"privatefile":0,"erp_customername":null,"erp_thickness":null,"erp_qty":null,"hashkey":null,"similarvalue":null,"processid":0,"modifieddate":"08/06/2026 07:32:00","favourite":0,"pwdlock":0,"rootid":0},{"filename":"2026.08.06.163208.pdf","guid":"4f4a2ae4-629c-4c9f-9d67-47b095415bc0","thumbguid":"https://sirpi.s3-ap-northeast-1.amazonaws.com/6b07de34-c036-4e88-9a58-02b5666c9439?X-Amz-Expires=172800&X-Amz-Algorithm=AWS4-HMAC-SHA256&X-Amz-Credential=AKIAJACPTVWI6S554HTQ/20260810/ap-northeast-1/s3/aws4_request&X-Amz-Date=20260810T075314Z&X-Amz-SignedHeaders=host&X-Amz-Signature=d0fffa6512322463cd1e63b1f1fd16899c4da2b26c9f21084d6091d81c42c0e1","attribute":4,"type":"scan","size":"138373","date":"08/06/2026 16:23:00","id":59584657,"username":"cloudsocket","custname":null,"opername":null,"procname":null,"outguid":null,"quoteRequest":0,"prog_name":null,"mach_name":null,"mat_name":null,"mat_size":null,"numofsheets":0,"processtime":null,"totalFilescount":25462,"filetype":1,"partnum":"","innerFiles":null,"pdf":null,"fileid":-1,"totalfolders":0,"totalfiles":25462,"mo_no":null,"drawing_no":null,"parent_no":null,"product_no":null,"product_name":null,"material_size":null,"processids":null,"duedate":null,"child_nos":null,"material":null,"version":null,"shared":false,"sharedByMe":false,"privatefile":0,"erp_customername":null,"erp_thickness":null,"erp_qty":null,"hashkey":null,"similarvalue":null,"processid":0,"modifieddate":"08/06/2026 07:24:00","favourite":0,"pwdlock":0,"rootid":0},{"filename":"2026.08.06.162224.pdf","guid":"5e6d1398-8ce2-44c2-98f0-67aa2280b75c","thumbguid":"https://sirpi.s3-ap-northeast-1.amazonaws.com/829d8d7c-c4fc-4cfe-b5dd-101bda4f8cd4?X-Amz-Expires=172800&X-Amz-Algorithm=AWS4-HMAC-SHA256&X-Amz-Credential=AKIAJACPTVWI6S554HTQ/20260810/ap-northeast-1/s3/aws4_request&X-Amz-Date=20260810T075314Z&X-Amz-SignedHeaders=host&X-Amz-Signature=a2e6f95ce1ada877fc825bf60a08a2c11c00043a872fee29f7541e44eb3678c1","attribute":4,"type":"scan","size":"165781","date":"08/06/2026 16:14:00","id":59584557,"username":"cloudsocket","custname":null,"opername":null,"procname":null,"outguid":null,"quoteRequest":0,"prog_name":null,"mach_name":null,"mat_name":null,"mat_size":null,"numofsheets":0,"processtime":null,"totalFilescount":25462,"filetype":1,"partnum":"","innerFiles":null,"pdf":null,"fileid":-1,"totalfolders":0,"totalfiles":25462,"mo_no":null,"drawing_no":null,"parent_no":null,"product_no":null,"product_name":null,"material_size":null,"processids":null,"duedate":null,"child_nos":null,"material":null,"version":null,"shared":false,"sharedByMe":false,"privatefile":0,"erp_customername":null,"erp_thickness":null,"erp_qty":null,"hashkey":null,"similarvalue":null,"processid":0,"modifieddate":"08/06/2026 07:15:00","favourite":0,"pwdlock":0,"rootid":0},{"filename":"2026.08.06.160938.pdf","guid":"036bc535-5aa9-4c15-8b99-c6402d16bcf5","thumbguid":"https://sirpi.s3-ap-northeast-1.amazonaws.com/562d70a3-b601-4e88-961d-1cb45df04f2f?X-Amz-Expires=172800&X-Amz-Algorithm=AWS4-HMAC-SHA256&X-Amz-Credential=AKIAJACPTVWI6S554HTQ/20260810/ap-northeast-1/s3/aws4_request&X-Amz-Date=20260810T075314Z&X-Amz-SignedHeaders=host&X-Amz-Signature=9c78b4750bd9aaa09a5e0946c0622ccece32d3d45c18b5edd859c61d96e14dde","attribute":4,"type":"scan","size":"1913163","date":"08/06/2026 16:01:00","id":59584410,"username":"cloudsocket","custname":null,"opername":null,"procname":null,"outguid":null,"quoteRequest":0,"prog_name":null,"mach_name":null,"mat_name":null,"mat_size":null,"numofsheets":0,"processtime":null,"totalFilescount":25462,"filetype":1,"partnum":"","innerFiles":null,"pdf":null,"fileid":-1,"totalfolders":0,"totalfiles":25462,"mo_no":null,"drawing_no":null,"parent_no":null,"product_no":null,"product_name":null,"material_size":null,"processids":null,"duedate":null,"child_nos":null,"material":null,"version":null,"shared":false,"sharedByMe":false,"privatefile":0,"erp_customername":null,"erp_thickness":null,"erp_qty":null,"hashkey":null,"similarvalue":null,"processid":0,"modifieddate":"08/06/2026 07:05:00","favourite":0,"pwdlock":0,"rootid":0},{"filename":"2026.08.06.144508.pdf","guid":"93d6b940-e480-460c-a083-d04b7bf4458b","thumbguid":"https://sirpi.s3-ap-northeast-1.amazonaws.com/f6694d78-9726-459d-abf9-51416373f87e?X-Amz-Expires=172800&X-Amz-Algorithm=AWS4-HMAC-SHA256&X-Amz-Credential=AKIAJACPTVWI6S554HTQ/20260810/ap-northeast-1/s3/aws4_request&X-Amz-Date=20260810T075314Z&X-Amz-SignedHeaders=host&X-Amz-Signature=04a40d3afc52b14c0b943596d0be1f55606cf824822d7a2a4f357a8260ef096b","attribute":4,"type":"scan","size":"1922305","date":"08/06/2026 14:37:00","id":59583363,"username":"cloudsocket","custname":null,"opername":null,"procname":null,"outguid":null,"quoteRequest":0,"prog_name":null,"mach_name":null,"mat_name":null,"mat_size":null,"numofsheets":0,"processtime":null,"totalFilescount":25462,"filetype":1,"partnum":"","innerFiles":null,"pdf":null,"fileid":-1,"totalfolders":0,"totalfiles":25462,"mo_no":null,"drawing_no":null,"parent_no":null,"product_no":null,"product_name":null,"material_size":null,"processids":null,"duedate":null,"child_nos":null,"material":null,"version":null,"shared":false,"sharedByMe":false,"privatefile":0,"erp_customername":null,"erp_thickness":null,"erp_qty":null,"hashkey":null,"similarvalue":null,"processid":0,"modifieddate":"08/06/2026 05:40:00","favourite":0,"pwdlock":0,"rootid":0},{"filename":"2026.08.06.144019.pdf","guid":"1469d8db-b48d-48a5-b98b-976e3942a7d9","thumbguid":"https://sirpi.s3-ap-northeast-1.amazonaws.com/bbdb0d37-9649-4cd9-a095-34c285e31fc2?X-Amz-Expires=172800&X-Amz-Algorithm=AWS4-HMAC-SHA256&X-Amz-Credential=AKIAJACPTVWI6S554HTQ/20260810/ap-northeast-1/s3/aws4_request&X-Amz-Date=20260810T075314Z&X-Amz-SignedHeaders=host&X-Amz-Signature=997a47fa2867da385e08d39fd87a469ece12d150c1149824bd277a4c14db212a","attribute":4,"type":"scan","size":"142363","date":"08/06/2026 14:31:00","id":59583310,"username":"cloudsocket","custname":null,"opername":null,"procname":null,"outguid":null,"quoteRequest":0,"prog_name":null,"mach_name":null,"mat_name":null,"mat_size":null,"numofsheets":0,"processtime":null,"totalFilescount":25462,"filetype":1,"partnum":"","innerFiles":null,"pdf":null,"fileid":-1,"totalfolders":0,"totalfiles":25462,"mo_no":null,"drawing_no":null,"parent_no":null,"product_no":null,"product_name":null,"material_size":null,"processids":null,"duedate":null,"child_nos":null,"material":null,"version":null,"shared":false,"sharedByMe":false,"privatefile":0,"erp_customername":null,"erp_thickness":null,"erp_qty":null,"hashkey":null,"similarvalue":null,"processid":0,"modifieddate":"08/06/2026 05:33:00","favourite":0,"pwdlock":0,"rootid":0},{"filename":"2026.08.06.135756.pdf","guid":"2c6f75d1-79c3-4aba-919b-080066d5fd38","thumbguid":"https://sirpi.s3-ap-northeast-1.amazonaws.com/3afbcf95-727c-4ab0-b477-8858c9007109?X-Amz-Expires=172800&X-Amz-Algorithm=AWS4-HMAC-SHA256&X-Amz-Credential=AKIAJACPTVWI6S554HTQ/20260810/ap-northeast-1/s3/aws4_request&X-Amz-Date=20260810T075314Z&X-Amz-SignedHeaders=host&X-Amz-Signature=e997cfd9bd449c5eaac0c230feb0f33978c0f49c5f889bf1c064b237fb690af0","attribute":4,"type":"scan","size":"1826573","date":"08/06/2026 13:50:00","id":59581890,"username":"cloudsocket","custname":null,"opername":null,"procname":null,"outguid":null,"quoteRequest":0,"prog_name":null,"mach_name":null,"mat_name":null,"mat_size":null,"numofsheets":0,"processtime":null,"totalFilescount":25462,"filetype":1,"partnum":"","innerFiles":null,"pdf":null,"fileid":-1,"totalfolders":0,"totalfiles":25462,"mo_no":null,"drawing_no":null,"parent_no":null,"product_no":null,"product_name":null,"material_size":null,"processids":null,"duedate":null,"child_nos":null,"material":null,"version":null,"shared":false,"sharedByMe":false,"privatefile":0,"erp_customername":null,"erp_thickness":null,"erp_qty":null,"hashkey":null,"similarvalue":null,"processid":0,"modifieddate":"08/06/2026 04:52:00","favourite":0,"pwdlock":0,"rootid":0},{"filename":"2026.08.06.133253.pdf","guid":"7f44f3ee-2a12-42ff-91e4-5c640b79a5ad","thumbguid":"https://sirpi.s3-ap-northeast-1.amazonaws.com/9a577c56-093b-42bb-b0df-2d444f21ce9d?X-Amz-Expires=172800&X-Amz-Algorithm=AWS4-HMAC-SHA256&X-Amz-Credential=AKIAJACPTVWI6S554HTQ/20260810/ap-northeast-1/s3/aws4_request&X-Amz-Date=20260810T075314Z&X-Amz-SignedHeaders=host&X-Amz-Signature=881e074a4014cae3fed89ed858850a952e1d875390d70fe7ecb0a5484f29a826","attribute":4,"type":"scan","size":"279666","date":"08/06/2026 13:24:00","id":59581556,"username":"cloudsocket","custname":null,"opername":null,"procname":null,"outguid":null,"quoteRequest":0,"prog_name":null,"mach_name":null,"mat_name":null,"mat_size":null,"numofsheets":0,"processtime":null,"totalFilescount":25462,"filetype":1,"partnum":"","innerFiles":null,"pdf":null,"fileid":-1,"totalfolders":0,"totalfiles":25462,"mo_no":null,"drawing_no":null,"parent_no":null,"product_no":null,"product_name":null,"material_size":null,"processids":null,"duedate":null,"child_nos":null,"material":null,"version":null,"shared":false,"sharedByMe":false,"privatefile":0,"erp_customername":null,"erp_thickness":null,"erp_qty":null,"hashkey":null,"similarvalue":null,"processid":0,"modifieddate":"08/06/2026 04:26:00","favourite":0,"pwdlock":0,"rootid":0},{"filename":"2026.08.06.132317.pdf","guid":"f91cb86d-921e-415e-a8bb-38ab16e6a203","thumbguid":"https://sirpi.s3-ap-northeast-1.amazonaws.com/b6942e14-cb3e-43bf-aa32-14213be0556c?X-Amz-Expires=172800&X-Amz-Algorithm=AWS4-HMAC-SHA256&X-Amz-Credential=AKIAJACPTVWI6S554HTQ/20260810/ap-northeast-1/s3/aws4_request&X-Amz-Date=20260810T075314Z&X-Amz-SignedHeaders=host&X-Amz-Signature=379402e37b1c83d0ba55ec83fd1473f2c9e5251b246272967a4033c5536f94c3","attribute":4,"type":"scan","size":"1453114","date":"08/06/2026 13:15:00","id":59581467,"username":"cloudsocket","custname":null,"opername":null,"procname":null,"outguid":null,"quoteRequest":0,"prog_name":null,"mach_name":null,"mat_name":null,"mat_size":null,"numofsheets":0,"processtime":null,"totalFilescount":25462,"filetype":1,"partnum":"","innerFiles":null,"pdf":null,"fileid":-1,"totalfolders":0,"totalfiles":25462,"mo_no":null,"drawing_no":null,"parent_no":null,"product_no":null,"product_name":null,"material_size":null,"processids":null,"duedate":null,"child_nos":null,"material":null,"version":null,"shared":false,"sharedByMe":false,"privatefile":0,"erp_customername":null,"erp_thickness":null,"erp_qty":null,"hashkey":null,"similarvalue":null,"processid":0,"modifieddate":"08/06/2026 04:17:00","favourite":0,"pwdlock":0,"rootid":0},{"filename":"2026.08.06.114100.pdf","guid":"e351cb67-e91f-4197-828d-5dc5265676af","thumbguid":"https://sirpi.s3-ap-northeast-1.amazonaws.com/68e3d274-09bc-4166-9a46-98dee419b8cb?X-Amz-Expires=172800&X-Amz-Algorithm=AWS4-HMAC-SHA256&X-Amz-Credential=AKIAJACPTVWI6S554HTQ/20260810/ap-northeast-1/s3/aws4_request&X-Amz-Date=20260810T075314Z&X-Amz-SignedHeaders=host&X-Amz-Signature=def61126d8a165e5241c9e3ff368154f6ac8c4d74e7090abb0321f4da8f1e9f7","attribute":4,"type":"scan","size":"270344","date":"08/06/2026 11:32:00","id":59579616,"username":"cloudsocket","custname":null,"opername":null,"procname":null,"outguid":null,"quoteRequest":0,"prog_name":null,"mach_name":null,"mat_name":null,"mat_size":null,"numofsheets":0,"processtime":null,"totalFilescount":25462,"filetype":1,"partnum":"","innerFiles":null,"pdf":null,"fileid":-1,"totalfolders":0,"totalfiles":25462,"mo_no":null,"drawing_no":null,"parent_no":null,"product_no":null,"product_name":null,"material_size":null,"processids":null,"duedate":null,"child_nos":null,"material":null,"version":null,"shared":false,"sharedByMe":false,"privatefile":0,"erp_customername":null,"erp_thickness":null,"erp_qty":null,"hashkey":null,"similarvalue":null,"processid":0,"modifieddate":"08/06/2026 02:34:00","favourite":0,"pwdlock":0,"rootid":0},{"filename":"2026.08.06.113441.pdf","guid":"522d58d5-08d6-4ecc-a1a2-7da4a39c679f","thumbguid":"https://sirpi.s3-ap-northeast-1.amazonaws.com/a4290ebf-a813-4159-8896-d3651887d619?X-Amz-Expires=172800&X-Amz-Algorithm=AWS4-HMAC-SHA256&X-Amz-Credential=AKIAJACPTVWI6S554HTQ/20260810/ap-northeast-1/s3/aws4_request&X-Amz-Date=20260810T075314Z&X-Amz-SignedHeaders=host&X-Amz-Signature=60769be26cc633c3848d9f2fbce13bc71fc60658ae0000368e22b3c0d06401e7","attribute":4,"type":"scan","size":"295195","date":"08/06/2026 11:26:00","id":59579513,"username":"cloudsocket","custname":null,"opername":null,"procname":null,"outguid":null,"quoteRequest":0,"prog_name":null,"mach_name":null,"mat_name":null,"mat_size":null,"numofsheets":0,"processtime":null,"totalFilescount":25462,"filetype":1,"partnum":"","innerFiles":null,"pdf":null,"fileid":-1,"totalfolders":0,"totalfiles":25462,"mo_no":null,"drawing_no":null,"parent_no":null,"product_no":null,"product_name":null,"material_size":null,"processids":null,"duedate":null,"child_nos":null,"material":null,"version":null,"shared":false,"sharedByMe":false,"privatefile":0,"erp_customername":null,"erp_thickness":null,"erp_qty":null,"hashkey":null,"similarvalue":null,"processid":0,"modifieddate":"08/06/2026 02:27:00","favourite":0,"pwdlock":0,"rootid":0},{"filename":"2026.08.06.110124.pdf","guid":"6a241750-fa87-4cd1-a6fa-c1aa1e7f741f","thumbguid":"https://sirpi.s3-ap-northeast-1.amazonaws.com/c573386a-707e-4195-bac9-a4d8e538d4b3?X-Amz-Expires=172800&X-Amz-Algorithm=AWS4-HMAC-SHA256&X-Amz-Credential=AKIAJACPTVWI6S554HTQ/20260810/ap-northeast-1/s3/aws4_request&X-Amz-Date=20260810T075314Z&X-Amz-SignedHeaders=host&X-Amz-Signature=9a87a548cefe8f6ec9184e341f33224aaa2db8624e6a492df1b609bfa31a3cfc","attribute":4,"type":"scan","size":"523220","date":"08/06/2026 10:53:00","id":59579134,"username":"cloudsocket","custname":null,"opername":null,"procname":null,"outguid":null,"quoteRequest":0,"prog_name":null,"mach_name":null,"mat_name":null,"mat_size":null,"numofsheets":0,"processtime":null,"totalFilescount":25462,"filetype":1,"partnum":"","innerFiles":null,"pdf":null,"fileid":-1,"totalfolders":0,"totalfiles":25462,"mo_no":null,"drawing_no":null,"parent_no":null,"product_no":null,"product_name":null,"material_size":null,"processids":null,"duedate":null,"child_nos":null,"material":null,"version":null,"shared":false,"sharedByMe":false,"privatefile":0,"erp_customername":null,"erp_thickness":null,"erp_qty":null,"hashkey":null,"similarvalue":null,"processid":0,"modifieddate":"08/06/2026 01:54:00","favourite":0,"pwdlock":0,"rootid":0},{"filename":"2026.08.06.102828.pdf","guid":"615e88b9-560e-431a-9ef4-1e6d1bfd8e9e","thumbguid":"https://sirpi.s3-ap-northeast-1.amazonaws.com/094f1e7b-e3ea-4126-8726-0d30341b8afa?X-Amz-Expires=172800&X-Amz-Algorithm=AWS4-HMAC-SHA256&X-Amz-Credential=AKIAJACPTVWI6S554HTQ/20260810/ap-northeast-1/s3/aws4_request&X-Amz-Date=20260810T075314Z&X-Amz-SignedHeaders=host&X-Amz-Signature=36fb814c40bea4df223ec14b6a6b9a25b5bdde0ed7a4a9b8a84273e987636fe5","attribute":4,"type":"scan","size":"258608","date":"08/06/2026 10:20:00","id":59578658,"username":"cloudsocket","custname":null,"opername":null,"procname":null,"outguid":null,"quoteRequest":0,"prog_name":null,"mach_name":null,"mat_name":null,"mat_size":null,"numofsheets":0,"processtime":null,"totalFilescount":25462,"filetype":1,"partnum":"","innerFiles":null,"pdf":null,"fileid":-1,"totalfolders":0,"totalfiles":25462,"mo_no":null,"drawing_no":null,"parent_no":null,"product_no":null,"product_name":null,"material_size":null,"processids":null,"duedate":null,"child_nos":null,"material":null,"version":null,"shared":false,"sharedByMe":false,"privatefile":0,"erp_customername":null,"erp_thickness":null,"erp_qty":null,"hashkey":null,"similarvalue":null,"processid":0,"modifieddate":"08/06/2026 01:23:00","favourite":0,"pwdlock":0,"rootid":0},{"filename":"2026.08.06.094218.pdf","guid":"efb9dbea-7dca-43ad-b222-fae160565a23","thumbguid":"https://sirpi.s3-ap-northeast-1.amazonaws.com/e478788c-86a6-4f94-a7c0-57f98b91fcc2?X-Amz-Expires=172800&X-Amz-Algorithm=AWS4-HMAC-SHA256&X-Amz-Credential=AKIAJACPTVWI6S554HTQ/20260810/ap-northeast-1/s3/aws4_request&X-Amz-Date=20260810T075314Z&X-Amz-SignedHeaders=host&X-Amz-Signature=825ae626eb8de42a11ed99602ee9d429341554a1677855b8487c61ed1ee309f0","attribute":4,"type":"scan","size":"143983","date":"08/06/2026 09:33:00","id":59577992,"username":"cloudsocket","custname":null,"opername":null,"procname":null,"outguid":null,"quoteRequest":0,"prog_name":null,"mach_name":null,"mat_name":null,"mat_size":null,"numofsheets":0,"processtime":null,"totalFilescount":25462,"filetype":1,"partnum":"","innerFiles":null,"pdf":null,"fileid":-1,"totalfolders":0,"totalfiles":25462,"mo_no":null,"drawing_no":null,"parent_no":null,"product_no":null,"product_name":null,"material_size":null,"processids":null,"duedate":null,"child_nos":null,"material":null,"version":null,"shared":false,"sharedByMe":false,"privatefile":0,"erp_customername":null,"erp_thickness":null,"erp_qty":null,"hashkey":null,"similarvalue":null,"processid":0,"modifieddate":"08/06/2026 00:36:00","favourite":0,"pwdlock":0,"rootid":0},{"filename":"2026.08.06.092551.pdf","guid":"a4041832-4bcf-47cd-8eea-567000f59ded","thumbguid":"https://sirpi.s3-ap-northeast-1.amazonaws.com/03f78d05-64cb-489d-a805-f5043fbbadec?X-Amz-Expires=172800&X-Amz-Algorithm=AWS4-HMAC-SHA256&X-Amz-Credential=AKIAJACPTVWI6S554HTQ/20260810/ap-northeast-1/s3/aws4_request&X-Amz-Date=20260810T075314Z&X-Amz-SignedHeaders=host&X-Amz-Signature=159812b71e0c4562cc6e1c90a60d11148940e28c0dbe3f66ff1a4220445d1841","attribute":4,"type":"scan","size":"3938385","date":"08/06/2026 09:18:00","id":59577682,"username":"cloudsocket","custname":null,"opername":null,"procname":null,"outguid":null,"quoteRequest":0,"prog_name":null,"mach_name":null,"mat_name":null,"mat_size":null,"numofsheets":0,"processtime":null,"totalFilescount":25462,"filetype":1,"partnum":"","innerFiles":null,"pdf":null,"fileid":-1,"totalfolders":0,"totalfiles":25462,"mo_no":null,"drawing_no":null,"parent_no":null,"product_no":null,"product_name":null,"material_size":null,"processids":null,"duedate":null,"child_nos":null,"material":null,"version":null,"shared":false,"sharedByMe":false,"privatefile":0,"erp_customername":null,"erp_thickness":null,"erp_qty":null,"hashkey":null,"similarvalue":null,"processid":0,"modifieddate":"08/06/2026 00:27:00","favourite":0,"pwdlock":0,"rootid":0},{"filename":"2026.08.06.092253.pdf","guid":"a80285dd-5e93-4d29-aef0-f460b62feb57","thumbguid":"https://sirpi.s3-ap-northeast-1.amazonaws.com/026f981d-2221-4212-b744-f8b02853af7b?X-Amz-Expires=172800&X-Amz-Algorithm=AWS4-HMAC-SHA256&X-Amz-Credential=AKIAJACPTVWI6S554HTQ/20260810/ap-northeast-1/s3/aws4_request&X-Amz-Date=20260810T075314Z&X-Amz-SignedHeaders=host&X-Amz-Signature=36224f430b14e5ad62726bb8eef908f5368a60bee20a8a99eb5965853d5345fc","attribute":4,"type":"scan","size":"2151211","date":"08/06/2026 09:15:00","id":59577660,"username":"cloudsocket","custname":null,"opername":null,"procname":null,"outguid":null,"quoteRequest":0,"prog_name":null,"mach_name":null,"mat_name":null,"mat_size":null,"numofsheets":0,"processtime":null,"totalFilescount":25462,"filetype":1,"partnum":"","innerFiles":null,"pdf":null,"fileid":-1,"totalfolders":0,"totalfiles":25462,"mo_no":null,"drawing_no":null,"parent_no":null,"product_no":null,"product_name":null,"material_size":null,"processids":null,"duedate":null,"child_nos":null,"material":null,"version":null,"shared":false,"sharedByMe":false,"privatefile":0,"erp_customername":null,"erp_thickness":null,"erp_qty":null,"hashkey":null,"similarvalue":null,"processid":0,"modifieddate":"08/06/2026 00:19:00","favourite":0,"pwdlock":0,"rootid":0},{"filename":"2026.08.06.091925.pdf","guid":"1f32ea28-e8a8-4002-9a62-556a00b3ebd9","thumbguid":"https://sirpi.s3-ap-northeast-1.amazonaws.com/90f72666-bf68-4d1a-82b1-387e55291f62?X-Amz-Expires=172800&X-Amz-Algorithm=AWS4-HMAC-SHA256&X-Amz-Credential=AKIAJACPTVWI6S554HTQ/20260810/ap-northeast-1/s3/aws4_request&X-Amz-Date=20260810T075314Z&X-Amz-SignedHeaders=host&X-Amz-Signature=c5b9b9f1705be2c5cc38eb6ccaae9a05c722cdbe0e781ca676d82efcf98bc659","attribute":4,"type":"scan","size":"187956","date":"08/06/2026 09:11:00","id":59577636,"username":"cloudsocket","custname":null,"opername":null,"procname":null,"outguid":null,"quoteRequest":0,"prog_name":null,"mach_name":null,"mat_name":null,"mat_size":null,"numofsheets":0,"processtime":null,"totalFilescount":25462,"filetype":1,"partnum":"","innerFiles":null,"pdf":null,"fileid":-1,"totalfolders":0,"totalfiles":25462,"mo_no":null,"drawing_no":null,"parent_no":null,"product_no":null,"product_name":null,"material_size":null,"processids":null,"duedate":null,"child_nos":null,"material":null,"version":null,"shared":false,"sharedByMe":false,"privatefile":0,"erp_customername":null,"erp_thickness":null,"erp_qty":null,"hashkey":null,"similarvalue":null,"processid":0,"modifieddate":"08/06/2026 00:12:00","favourite":0,"pwdlock":0,"rootid":0},{"filename":"2026.08.06.091012.pdf","guid":"f0bb127c-363c-4d37-bec2-3d3c4d0ea378","thumbguid":"https://sirpi.s3-ap-northeast-1.amazonaws.com/4b17b9b2-7853-4bc6-b9df-dcd944acc020?X-Amz-Expires=172800&X-Amz-Algorithm=AWS4-HMAC-SHA256&X-Amz-Credential=AKIAJACPTVWI6S554HTQ/20260810/ap-northeast-1/s3/aws4_request&X-Amz-Date=202608
[...]
sion":null,"shared":false,"sharedByMe":false,"privatefile":0,"erp_customername":null,"erp_thickness":null,"erp_qty":null,"hashkey":null,"similarvalue":null,"processid":0,"modifieddate":"08/04/2026 11:40:00","favourite":0,"pwdlock":0,"rootid":0},{"filename":"2026.08.04.191143.pdf","guid":"1acdde7e-64e9-4b55-ab97-5ebea89861a5","thumbguid":"https://sirpi.s3-ap-northeast-1.amazonaws.com/6edff72c-378e-4e13-9e7c-a920f9aa4e5c?X-Amz-Expires=172800&X-Amz-Algorithm=AWS4-HMAC-SHA256&X-Amz-Credential=AKIAJACPTVWI6S554HTQ/20260810/ap-northeast-1/s3/aws4_request&X-Amz-Date=20260810T075314Z&X-Amz-SignedHeaders=host&X-Amz-Signature=1f9d85314d0b04b4a2c44f33f03b5738a8a86dc0416608c85295b7cdf4da207b","attribute":4,"type":"scan","size":"232415","date":"08/04/2026 19:03:00","id":59563552,"username":"cloudsocket","custname":null,"opername":null,"procname":null,"outguid":null,"quoteRequest":0,"prog_name":null,"mach_name":null,"mat_name":null,"mat_size":null,"numofsheets":0,"processtime":null,"totalFilescount":25462,"filetype":1,"partnum":"","innerFiles":null,"pdf":null,"fileid":-1,"totalfolders":0,"totalfiles":25462,"mo_no":null,"drawing_no":null,"parent_no":null,"product_no":null,"product_name":null,"material_size":null,"processids":null,"duedate":null,"child_nos":null,"material":null,"version":null,"shared":false,"sharedByMe":false,"privatefile":0,"erp_customername":null,"erp_thickness":null,"erp_qty":null,"hashkey":null,"similarvalue":null,"processid":0,"modifieddate":"08/04/2026 10:05:00","favourite":0,"pwdlock":0,"rootid":0},{"filename":"2026.08.04.164313.pdf","guid":"f4f6243a-3cb9-4776-9c23-511a86859938","thumbguid":"https://sirpi.s3-ap-northeast-1.amazonaws.com/6e4fdcd5-22e4-4650-aad2-3cdf2bbfdf47?X-Amz-Expires=172800&X-Amz-Algorithm=AWS4-HMAC-SHA256&X-Amz-Credential=AKIAJACPTVWI6S554HTQ/20260810/ap-northeast-1/s3/aws4_request&X-Amz-Date=20260810T075314Z&X-Amz-SignedHeaders=host&X-Amz-Signature=102558a9461f27232a84e4fca66634ed2e6e40b065e1f1050def5e0f1edfe7e9","attribute":4,"type":"scan","size":"419369","date":"08/04/2026 16:34:00","id":59561115,"username":"cloudsocket","custname":null,"opername":null,"procname":null,"outguid":null,"quoteRequest":0,"prog_name":null,"mach_name":null,"mat_name":null,"mat_size":null,"numofsheets":0,"processtime":null,"totalFilescount":25462,"filetype":1,"partnum":"","innerFiles":null,"pdf":null,"fileid":-1,"totalfolders":0,"totalfiles":25462,"mo_no":null,"drawing_no":null,"parent_no":null,"product_no":null,"product_name":null,"material_size":null,"processids":null,"duedate":null,"child_nos":null,"material":null,"version":null,"shared":false,"sharedByMe":false,"privatefile":0,"erp_customername":null,"erp_thickness":null,"erp_qty":null,"hashkey":null,"similarvalue":null,"processid":0,"modifieddate":"08/04/2026 07:41:00","favourite":0,"pwdlock":0,"rootid":0},{"filename":"2026.08.04.144827.pdf","guid":"23453c64-802e-4ddc-931f-35ae63ff63c7","thumbguid":"https://sirpi.s3-ap-northeast-1.amazonaws.com/408014ca-aade-4cfd-9413-23b1c7bcf269?X-Amz-Expires=172800&X-Amz-Algorithm=AWS4-HMAC-SHA256&X-Amz-Credential=AKIAJACPTVWI6S554HTQ/20260810/ap-northeast-1/s3/aws4_request&X-Amz-Date=20260810T075314Z&X-Amz-SignedHeaders=host&X-Amz-Signature=4cf1e9bc36e3478656e0869437b718718805cc260c1a6cfdbfbe32d015221be4","attribute":4,"type":"scan","size":"342629","date":"08/04/2026 14:40:00","id":59559628,"username":"cloudsocket","custname":null,"opername":null,"procname":null,"outguid":null,"quoteRequest":0,"prog_name":null,"mach_name":null,"mat_name":null,"mat_size":null,"numofsheets":0,"processtime":null,"totalFilescount":25462,"filetype":1,"partnum":"","innerFiles":null,"pdf":null,"fileid":-1,"totalfolders":0,"totalfiles":25462,"mo_no":null,"drawing_no":null,"parent_no":null,"product_no":null,"product_name":null,"material_size":null,"processids":null,"duedate":null,"child_nos":null,"material":null,"version":null,"shared":false,"sharedByMe":false,"privatefile":0,"erp_customername":null,"erp_thickness":null,"erp_qty":null,"hashkey":null,"similarvalue":null,"processid":0,"modifieddate":"08/04/2026 05:43:00","favourite":0,"pwdlock":0,"rootid":0},{"filename":"2026.08.04.141434.pdf","guid":"2b303eed-2d69-42ba-8309-a5e647eb3e50","thumbguid":"https://sirpi.s3-ap-northeast-1.amazonaws.com/95e0d3d7-3b30-4f67-9cac-b593d140be05?X-Amz-Expires=172800&X-Amz-Algorithm=AWS4-HMAC-SHA256&X-Amz-Credential=AKIAJACPTVWI6S554HTQ/20260810/ap-northeast-1/s3/aws4_request&X-Amz-Date=20260810T075314Z&X-Amz-SignedHeaders=host&X-Amz-Signature=93be421b323ae6daa9aa681c72d0464b66de32257e3db6b2755f2397ebe3b2eb","attribute":4,"type":"scan","size":"478190","date":"08/04/2026 14:06:00","id":59559042,"username":"cloudsocket","custname":null,"opername":null,"procname":null,"outguid":null,"quoteRequest":0,"prog_name":null,"mach_name":null,"mat_name":null,"mat_size":null,"numofsheets":0,"processtime":null,"totalFilescount":25462,"filetype":1,"partnum":"","innerFiles":null,"pdf":null,"fileid":-1,"totalfolders":0,"totalfiles":25462,"mo_no":null,"drawing_no":null,"parent_no":null,"product_no":null,"product_name":null,"material_size":null,"processids":null,"duedate":null,"child_nos":null,"material":null,"version":null,"shared":false,"sharedByMe":false,"privatefile":0,"erp_customername":null,"erp_thickness":null,"erp_qty":null,"hashkey":null,"similarvalue":null,"processid":0,"modifieddate":"08/04/2026 05:09:00","favourite":0,"pwdlock":0,"rootid":0},{"filename":"2026.08.04.141306.pdf","guid":"300f2fb0-6b98-4525-b7f4-11ac96ee09e6","thumbguid":"https://sirpi.s3-ap-northeast-1.amazonaws.com/148784ec-d733-49f1-a2b6-3b6ba30a3b16?X-Amz-Expires=172800&X-Amz-Algorithm=AWS4-HMAC-SHA256&X-Amz-Credential=AKIAJACPTVWI6S554HTQ/20260810/ap-northeast-1/s3/aws4_request&X-Amz-Date=20260810T075314Z&X-Amz-SignedHeaders=host&X-Amz-Signature=f552095494c57cc213388d04e5313aac499fcb9e2084f9e001144a4c7583a58b","attribute":4,"type":"scan","size":"580745","date":"08/04/2026 14:04:00","id":59559033,"username":"cloudsocket","custname":null,"opername":null,"procname":null,"outguid":null,"quoteRequest":0,"prog_name":null,"mach_name":null,"mat_name":null,"mat_size":null,"numofsheets":0,"processtime":null,"totalFilescount":25462,"filetype":1,"partnum":"","innerFiles":null,"pdf":null,"fileid":-1,"totalfolders":0,"totalfiles":25462,"mo_no":null,"drawing_no":null,"parent_no":null,"product_no":null,"product_name":null,"material_size":null,"processids":null,"duedate":null,"child_nos":null,"material":null,"version":null,"shared":false,"sharedByMe":false,"privatefile":0,"erp_customername":null,"erp_thickness":null,"erp_qty":null,"hashkey":null,"similarvalue":null,"processid":0,"modifieddate":"08/04/2026 05:08:00","favourite":0,"pwdlock":0,"rootid":0},{"filename":"2026.08.04.132720.pdf","guid":"718ddb69-d96e-4145-9a0f-a5e94de1d91c","thumbguid":"https://sirpi.s3-ap-northeast-1.amazonaws.com/0dd9e3e4-aaf9-43e5-ac1e-5e063cb3731d?X-Amz-Expires=172800&X-Amz-Algorithm=AWS4-HMAC-SHA256&X-Amz-Credential=AKIAJACPTVWI6S554HTQ/20260810/ap-northeast-1/s3/aws4_request&X-Amz-Date=20260810T075314Z&X-Amz-SignedHeaders=host&X-Amz-Signature=21a59554d0ab148239c0c316955065e072b33a688135a7c0e1322074d19c93cb","attribute":4,"type":"scan","size":"561278","date":"08/04/2026 13:19:00","id":59558367,"username":"cloudsocket","custname":null,"opername":null,"procname":null,"outguid":null,"quoteRequest":0,"prog_name":null,"mach_name":null,"mat_name":null,"mat_size":null,"numofsheets":0,"processtime":null,"totalFilescount":25462,"filetype":1,"partnum":"","innerFiles":null,"pdf":null,"fileid":-1,"totalfolders":0,"totalfiles":25462,"mo_no":null,"drawing_no":null,"parent_no":null,"product_no":null,"product_name":null,"material_size":null,"processids":null,"duedate":null,"child_nos":null,"material":null,"version":null,"shared":false,"sharedByMe":false,"privatefile":0,"erp_customername":null,"erp_thickness":null,"erp_qty":null,"hashkey":null,"similarvalue":null,"processid":0,"modifieddate":"08/04/2026 04:20:00","favourite":0,"pwdlock":0,"rootid":0},{"filename":"2026.08.04.123216.pdf","guid":"50749f78-29f0-4d89-8f9e-5ebafc1c2426","thumbguid":"https://sirpi.s3-ap-northeast-1.amazonaws.com/23e41d91-433f-4fec-b47a-56a5d038fa24?X-Amz-Expires=172800&X-Amz-Algorithm=AWS4-HMAC-SHA256&X-Amz-Credential=AKIAJACPTVWI6S554HTQ/20260810/ap-northeast-1/s3/aws4_request&X-Amz-Date=20260810T075314Z&X-Amz-SignedHeaders=host&X-Amz-Signature=bb5f9d970ce8a87661bbde0bb6ae20f3c6d958b618415c5950af269ae8ae2590","attribute":4,"type":"scan","size":"406418","date":"08/04/2026 12:23:00","id":59557785,"username":"cloudsocket","custname":null,"opername":null,"procname":null,"outguid":null,"quoteRequest":0,"prog_name":null,"mach_name":null,"mat_name":null,"mat_size":null,"numofsheets":0,"processtime":null,"totalFilescount":25462,"filetype":1,"partnum":"","innerFiles":null,"pdf":null,"fileid":-1,"totalfolders":0,"totalfiles":25462,"mo_no":null,"drawing_no":null,"parent_no":null,"product_no":null,"product_name":null,"material_size":null,"processids":null,"duedate":null,"child_nos":null,"material":null,"version":null,"shared":false,"sharedByMe":false,"privatefile":0,"erp_customername":null,"erp_thickness":null,"erp_qty":null,"hashkey":null,"similarvalue":null,"processid":0,"modifieddate":"08/04/2026 03:26:00","favourite":0,"pwdlock":0,"rootid":0},{"filename":"2026.08.04.111233.pdf","guid":"7f2f04ed-0c9f-40b4-9fe8-4bcce7ad704c","thumbguid":"https://sirpi.s3-ap-northeast-1.amazonaws.com/3abc10c1-3cc6-47a5-a4cc-72e2b9f8bd6a?X-Amz-Expires=172800&X-Amz-Algorithm=AWS4-HMAC-SHA256&X-Amz-Credential=AKIAJACPTVWI6S554HTQ/20260810/ap-northeast-1/s3/aws4_request&X-Amz-Date=20260810T075314Z&X-Amz-SignedHeaders=host&X-Amz-Signature=236ad64f966495f73b5ecb55b71b71900438c4d9eb0a5a65a6c203b72c021956","attribute":4,"type":"scan","size":"212768","date":"08/04/2026 11:04:00","id":59556446,"username":"cloudsocket","custname":null,"opername":null,"procname":null,"outguid":null,"quoteRequest":0,"prog_name":null,"mach_name":null,"mat_name":null,"mat_size":null,"numofsheets":0,"processtime":null,"totalFilescount":25462,"filetype":1,"partnum":"","innerFiles":null,"pdf":null,"fileid":-1,"totalfolders":0,"totalfiles":25462,"mo_no":null,"drawing_no":null,"parent_no":null,"product_no":null,"product_name":null,"material_size":null,"processids":null,"duedate":null,"child_nos":null,"material":null,"version":null,"shared":false,"sharedByMe":false,"privatefile":0,"erp_customername":null,"erp_thickness":null,"erp_qty":null,"hashkey":null,"similarvalue":null,"processid":0,"modifieddate":"08/04/2026 02:06:00","favourite":0,"pwdlock":0,"rootid":0},{"filename":"2026.08.03.212109.pdf","guid":"fa79a3b5-3a01-44a6-ad13-76906da2e2e7","thumbguid":"https://sirpi.s3-ap-northeast-1.amazonaws.com/03f18ea3-9d52-4421-adc1-859cdc1dc184?X-Amz-Expires=172800&X-Amz-Algorithm=AWS4-HMAC-SHA256&X-Amz-Credential=AKIAJACPTVWI6S554HTQ/20260810/ap-northeast-1/s3/aws4_request&X-Amz-Date=20260810T075314Z&X-Amz-SignedHeaders=host&X-Amz-Signature=ec329cab19f91985dd18d0b752d6b8a1f4b3a7e76019deede822c44c6bd00b4b","attribute":4,"type":"scan","size":"905490","date":"08/03/2026 21:13:00","id":59552128,"username":"cloudsocket","custname":null,"opername":null,"procname":null,"outguid":null,"quoteRequest":0,"prog_name":null,"mach_name":null,"mat_name":null,"mat_size":null,"numofsheets":0,"processtime":null,"totalFilescount":25462,"filetype":1,"partnum":"","innerFiles":null,"pdf":null,"fileid":-1,"totalfolders":0,"totalfiles":25462,"mo_no":null,"drawing_no":null,"parent_no":null,"product_no":null,"product_name":null,"material_size":null,"processids":null,"duedate":null,"child_nos":null,"material":null,"version":null,"shared":false,"sharedByMe":false,"privatefile":0,"erp_customername":null,"erp_thickness":null,"erp_qty":null,"hashkey":null,"similarvalue":null,"processid":0,"modifieddate":"08/03/2026 12:15:00","favourite":0,"pwdlock":0,"rootid":0},{"filename":"2026.08.03.205938.pdf","guid":"f76f102b-d218-4e2a-9b82-6bc21b77d8cc","thumbguid":"https://sirpi.s3-ap-northeast-1.amazonaws.com/aa306e7f-d623-4f63-8d8e-b3d804a57d78?X-Amz-Expires=172800&X-Amz-Algorithm=AWS4-HMAC-SHA256&X-Amz-Credential=AKIAJACPTVWI6S554HTQ/20260810/ap-northeast-1/s3/aws4_request&X-Amz-Date=20260810T075314Z&X-Amz-SignedHeaders=host&X-Amz-Signature=67329e24baab8a09ba27cf7c9b3846485f7a3498c4e1c8101826060da70bebb5","attribute":4,"type":"scan","size":"132776","date":"08/03/2026 20:51:00","id":59549972,"username":"cloudsocket","custname":null,"opername":null,"procname":null,"outguid":null,"quoteRequest":0,"prog_name":null,"mach_name":null,"mat_name":null,"mat_size":null,"numofsheets":0,"processtime":null,"totalFilescount":25462,"filetype":1,"partnum":"","innerFiles":null,"pdf":null,"fileid":-1,"totalfolders":0,"totalfiles":25462,"mo_no":null,"drawing_no":null,"parent_no":null,"product_no":null,"product_name":null,"material_size":null,"processids":null,"duedate":null,"child_nos":null,"material":null,"version":null,"shared":false,"sharedByMe":false,"privatefile":0,"erp_customername":null,"erp_thickness":null,"erp_qty":null,"hashkey":null,"similarvalue":null,"processid":0,"modifieddate":"08/03/2026 11:52:00","favourite":0,"pwdlock":0,"rootid":0},{"filename":"2026.08.03.203532.pdf","guid":"c4a48da5-3860-487c-b674-734554614103","thumbguid":"https://sirpi.s3-ap-northeast-1.amazonaws.com/dacf791c-011c-4bae-9a5d-58de28c07d5f?X-Amz-Expires=172800&X-Amz-Algorithm=AWS4-HMAC-SHA256&X-Amz-Credential=AKIAJACPTVWI6S554HTQ/20260810/ap-northeast-1/s3/aws4_request&X-Amz-Date=20260810T075314Z&X-Amz-SignedHeaders=host&X-Amz-Signature=42e5f14324af0e6f8aec306e5cda587d7455e4d0ac6bef51710aa803dadb35a6","attribute":4,"type":"scan","size":"237098","date":"08/03/2026 20:27:00","id":59547719,"username":"cloudsocket","custname":null,"opername":null,"procname":null,"outguid":null,"quoteRequest":0,"prog_name":null,"mach_name":null,"mat_name":null,"mat_size":null,"numofsheets":0,"processtime":null,"totalFilescount":25462,"filetype":1,"partnum":"","innerFiles":null,"pdf":null,"fileid":-1,"totalfolders":0,"totalfiles":25462,"mo_no":null,"drawing_no":null,"parent_no":null,"product_no":null,"product_name":null,"material_size":null,"processids":null,"duedate":null,"child_nos":null,"material":null,"version":null,"shared":false,"sharedByMe":false,"privatefile":0,"erp_customername":null,"erp_thickness":null,"erp_qty":null,"hashkey":null,"similarvalue":null,"processid":0,"modifieddate":"08/03/2026 11:33:00","favourite":0,"pwdlock":0,"rootid":0},{"filename":"2026.08.03.203504.pdf","guid":"4dba8be2-eb9e-4f14-8b09-df59df971dab","thumbguid":"https://sirpi.s3-ap-northeast-1.amazonaws.com/109ee657-da33-4242-8c40-50d0831f328e?X-Amz-Expires=172800&X-Amz-Algorithm=AWS4-HMAC-SHA256&X-Amz-Credential=AKIAJACPTVWI6S554HTQ/20260810/ap-northeast-1/s3/aws4_request&X-Amz-Date=20260810T075314Z&X-Amz-SignedHeaders=host&X-Amz-Signature=215899b3e480d8cbe17fbaf0b12cb8c29d68cb74493487c00ece9348f83d32d6","attribute":4,"type":"scan","size":"1600589","date":"08/03/2026 20:27:00","id":59547615,"username":"cloudsocket","custname":null,"opername":null,"procname":null,"outguid":null,"quoteRequest":0,"prog_name":null,"mach_name":null,"mat_name":null,"mat_size":null,"numofsheets":0,"processtime":null,"totalFilescount":25462,"filetype":1,"partnum":"","innerFiles":null,"pdf":null,"fileid":-1,"totalfolders":0,"totalfiles":25462,"mo_no":null,"drawing_no":null,"parent_no":null,"product_no":null,"product_name":null,"material_size":null,"processids":null,"duedate":null,"child_nos":null,"material":null,"version":null,"shared":false,"sharedByMe":false,"privatefile":0,"erp_customername":null,"erp_thickness":null,"erp_qty":null,"hashkey":null,"similarvalue":null,"processid":0,"modifieddate":"08/03/2026 11:29:00","favourite":0,"pwdlock":0,"rootid":0},{"filename":"2026.08.03.202557.pdf","guid":"7b24f739-d1e2-4a15-ace7-84a7756dbcb5","thumbguid":"https://sirpi.s3-ap-northeast-1.amazonaws.com/7d00f6ee-8297-4006-b1c5-d984e4207708?X-Amz-Expires=172800&X-Amz-Algorithm=AWS4-HMAC-SHA256&X-Amz-Credential=AKIAJACPTVWI6S554HTQ/20260810/ap-northeast-1/s3/aws4_request&X-Amz-Date=20260810T075314Z&X-Amz-SignedHeaders=host&X-Amz-Signature=43b8fab0148833f16aa9834920d7202f28965a65a764fa9fe5b33ca5d7bcce08","attribute":4,"type":"scan","size":"1045238","date":"08/03/2026 20:17:00","id":59546747,"username":"cloudsocket","custname":null,"opername":null,"procname":null,"outguid":null,"quoteRequest":0,"prog_name":null,"mach_name":null,"mat_name":null,"mat_size":null,"numofsheets":0,"processtime":null,"totalFilescount":25462,"filetype":1,"partnum":"","innerFiles":null,"pdf":null,"fileid":-1,"totalfolders":0,"totalfiles":25462,"mo_no":null,"drawing_no":null,"parent_no":null,"product_no":null,"product_name":null,"material_size":null,"processids":null,"duedate":null,"child_nos":null,"material":null,"version":null,"shared":false,"sharedByMe":false,"privatefile":0,"erp_customername":null,"erp_thickness":null,"erp_qty":null,"hashkey":null,"similarvalue":null,"processid":0,"modifieddate":"08/03/2026 11:19:00","favourite":0,"pwdlock":0,"rootid":0},{"filename":"2026.08.03.200609.pdf","guid":"d17af371-3986-4d87-840d-6c2730459bb5","thumbguid":"https://sirpi.s3-ap-northeast-1.amazonaws.com/49185cde-6468-499b-bd21-9af1dc65ea56?X-Amz-Expires=172800&X-Amz-Algorithm=AWS4-HMAC-SHA256&X-Amz-Credential=AKIAJACPTVWI6S554HTQ/20260810/ap-northeast-1/s3/aws4_request&X-Amz-Date=20260810T075314Z&X-Amz-SignedHeaders=host&X-Amz-Signature=09c82ba79be9fe37cb5f2c3bff6623c78e0d528549e0d66ae9fdbe31ba3319be","attribute":4,"type":"scan","size":"427766","date":"08/03/2026 19:57:00","id":59544694,"username":"cloudsocket","custname":null,"opername":null,"procname":null,"outguid":null,"quoteRequest":0,"prog_name":null,"mach_name":null,"mat_name":null,"mat_size":null,"numofsheets":0,"processtime":null,"totalFilescount":25462,"filetype":1,"partnum":"","innerFiles":null,"pdf":null,"fileid":-1,"totalfolders":0,"totalfiles":25462,"mo_no":null,"drawing_no":null,"parent_no":null,"product_no":null,"product_name":null,"material_size":null,"processids":null,"duedate":null,"child_nos":null,"material":null,"version":null,"shared":false,"sharedByMe":false,"privatefile":0,"erp_customername":null,"erp_thickness":null,"erp_qty":null,"hashkey":null,"similarvalue":null,"processid":0,"modifieddate":"08/03/2026 10:59:00","favourite":0,"pwdlock":0,"rootid":0},{"filename":"2026.08.03.175624.pdf","guid":"56798fa7-027a-4bd3-9cbc-286f2cb68933","thumbguid":"https://sirpi.s3-ap-northeast-1.amazonaws.com/f484274e-2cd8-4b23-865c-db5dbb8bd7df?X-Amz-Expires=172800&X-Amz-Algorithm=AWS4-HMAC-SHA256&X-Amz-Credential=AKIAJACPTVWI6S554HTQ/20260810/ap-northeast-1/s3/aws4_request&X-Amz-Date=20260810T075314Z&X-Amz-SignedHeaders=host&X-Amz-Signature=702fa46b0e43120cafbdd3f2f3a3a17e83061249bc7972ec03086f2553de40f9","attribute":4,"type":"scan","size":"131688","date":"08/03/2026 17:48:00","id":59542413,"username":"cloudsocket","custname":null,"opername":null,"procname":null,"outguid":null,"quoteRequest":0,"prog_name":null,"mach_name":null,"mat_name":null,"mat_size":null,"numofsheets":0,"processtime":null,"totalFilescount":25462,"filetype":1,"partnum":"","innerFiles":null,"pdf":null,"fileid":-1,"totalfolders":0,"totalfiles":25462,"mo_no":null,"drawing_no":null,"parent_no":null,"product_no":null,"product_name":null,"material_size":null,"processids":null,"duedate":null,"child_nos":null,"material":null,"version":null,"shared":false,"sharedByMe":false,"privatefile":0,"erp_customername":null,"erp_thickness":null,"erp_qty":null,"hashkey":null,"similarvalue":null,"processid":0,"modifieddate":"08/03/2026 09:04:00","favourite":0,"pwdlock":0,"rootid":0}]
======================================

====================================
COMPANY : NISINOSEIKISS
SECTION : TODAY
ATTRIBUTE : 4
====================================
File: 2026.08.10.130831.pdf | Attribute: 4 | Date: 08/10/2026 13:00:00
------------------------------------
NISINOSEIKISS Today Files : 1
====================================
Screenshot saved: screenshots/todayFiles_20260810_132314.png
]]></system-out>
  </testcase>
</testsuite>