<?xml version="1.0" encoding="UTF-8"?>
<testsuite xmlns:xsi="http://www.w3.org/2001/XMLSchema-instance" xsi:noNamespaceSchemaLocation="https://maven.apache.org/surefire/maven-surefire-plugin/xsd/surefire-test-report.xsd" version="3.0.2" name="TestSuite" time="220.176" tests="8" errors="0" skipped="0" failures="0">
  <properties>
[...]
</properties>
  <testcase name="validLoginTest" classname="org.ohkuma.tests.OhkumaTest" time="4.623">
    <system-out><![CDATA[======================================
TEST SUITE STARTED
======================================
Browser launched successfully.com.microsoft.playwright.impl.BrowserImpl@37091312
Page created successfully.com.microsoft.playwright.impl.PageImpl@7216fb24
Navigated to base URL successfully.https://www.alfadock-pack.com/
Company username entered: Ohkuma
Company password entered
Company login button clicked.
URL after User Login: https://www.alfadock-pack.com/userlogin.html
Username entered: admin
User password entered
Login button clicked
]]></system-out>
    <system-err><![CDATA[SLF4J(W): No SLF4J providers were found.
SLF4J(W): Defaulting to no-operation (NOP) logger implementation
SLF4J(W): See https://www.slf4j.org/codes.html#noProviders for further details.
]]></system-err>
  </testcase>
  <testcase name="validatingS09Socket" classname="org.ohkuma.tests.OhkumaTest" time="75.438">
    <system-out><![CDATA[Current URL: https://www.alfadock-pack.com/ver10/#/home
Home page URL is correct.
HyperLink icon is displayed.
Current URL: https://www.alfadock-pack.com/ver10/#/home/adsocket
adsocket page URL is correct.
S09 Socket icon is displayed.
Current URL: https://www.alfadock-pack.com/ver10/#/adsocket/adgrid/s09/-1
s09 page URL is correct..
Pagination already set to 100
Screenshot saved: screenshots/OHKUMA_S09_Folders_20260819_135409.png

[OHKUMA] Today's India date: 2026-08-19
[OHKUMA] Folder: 本社溶接 | API modifieddate: 08/19/2026 07:47:00 | India date: 2026-08-19
[OHKUMA] Today's folder found: 本社溶接
[OHKUMA] Folder: 本社スポット | API modifieddate: 08/19/2026 07:47:00 | India date: 2026-08-19
[OHKUMA] Today's folder found: 本社スポット
[OHKUMA] Folder: 本社ベンダー | API modifieddate: 08/19/2026 07:44:00 | India date: 2026-08-19
[OHKUMA] Today's folder found: 本社ベンダー
[OHKUMA] Folder: 栃木艤装 | API modifieddate: 08/19/2026 02:35:00 | India date: 2026-08-19
[OHKUMA] Today's folder found: 栃木艤装
[OHKUMA] Folder: 栃木ベンダー | API modifieddate: 08/17/2026 23:50:00 | India date: 2026-08-18
[OHKUMA] Folder: 栃木溶接 | API modifieddate: 08/17/2026 02:47:00 | India date: 2026-08-17
[OHKUMA] Folder: 栃木スポット | API modifieddate: 08/17/2026 01:42:00 | India date: 2026-08-17
[OHKUMA] Folder: 本社ロボット | API modifieddate: 08/04/2026 06:58:00 | India date: 2026-08-04
[OHKUMA] Folder: 栃木ロボット | API modifieddate: 08/04/2026 06:45:00 | India date: 2026-08-04
[OHKUMA] Folder: 本社機械加工 | API modifieddate: 07/22/2026 05:23:00 | India date: 2026-07-22
[OHKUMA] Folder: 図面 | API modifieddate: 07/21/2026 06:17:00 | India date: 2026-07-21
[OHKUMA] Folder: 栃木機械加工 | API modifieddate: 07/09/2026 04:51:00 | India date: 2026-07-09
[OHKUMA] Folder: 本社出荷検査 | API modifieddate: 07/09/2026 04:50:00 | India date: 2026-07-09
[OHKUMA] Folder: 艤装図面 | API modifieddate: 05/29/2026 06:08:00 | India date: 2026-05-29
[OHKUMA] Folder: 組立図 | API modifieddate: 05/29/2026 06:06:00 | India date: 2026-05-29
[OHKUMA] Folder: カチオン吊りかけ | API modifieddate: 05/13/2026 00:09:00 | India date: 2026-05-13
[OHKUMA] Folder: カチオン降ろし | API modifieddate: 05/13/2026 00:09:00 | India date: 2026-05-13
[OHKUMA] Folder: 本社プレス | API modifieddate: 04/14/2026 07:03:00 | India date: 2026-04-14
[OHKUMA] Folder: 栃木出荷検査 | API modifieddate: 03/06/2026 09:07:00 | India date: 2026-03-06
[OHKUMA] Folder: 栃木スポット - コピー | API modifieddate: 05/10/2023 04:05:00 | India date: 2023-05-10
[OHKUMA] Folder: 16457E0340 | API modifieddate: 12/27/2022 07:20:00 | India date: 2022-12-27
[OHKUMA] Total today's folders found: 4
[OHKUMA] Today's folders to process: [本社溶接, 本社スポット, 本社ベンダー, 栃木艤装]
[OHKUMA] Processing folder [1/4]: 本社溶接
[OHKUMA] Double-clicked folder: 本社溶接
[OHKUMA] File: 21806E1E60.jpg | API modifieddate: 08/19/2026 07:47:00 | India date: 2026-08-19
[OHKUMA] YELLOW file found: 21806E1E60.jpg
[OHKUMA] File: D42263500.jpg | API modifieddate: 08/19/2026 07:36:00 | India date: 2026-08-19
[OHKUMA] YELLOW file found: D42263500.jpg
[OHKUMA] File: 95692341.jpg | API modifieddate: 08/19/2026 07:19:00 | India date: 2026-08-19
[OHKUMA] YELLOW file found: 95692341.jpg
[OHKUMA] File: YA40064993.jpg | API modifieddate: 08/18/2026 08:06:00 | India date: 2026-08-18
[OHKUMA] File: YA40064994.jpg | API modifieddate: 08/18/2026 07:51:00 | India date: 2026-08-18
[OHKUMA] File: Thumbs.db | API modifieddate: 08/18/2026 07:47:00 | India date: 2026-08-18
[OHKUMA] File: YA40069170.jpg | API modifieddate: 08/18/2026 07:05:00 | India date: 2026-08-18
[OHKUMA] File: YA40069656.jpg | API modifieddate: 08/18/2026 06:33:00 | India date: 2026-08-18
[OHKUMA] File: YA40081659.jpg | API modifieddate: 08/18/2026 06:19:00 | India date: 2026-08-18
[OHKUMA] File: 95681105.jpg | API modifieddate: 08/17/2026 07:15:00 | India date: 2026-08-17
[OHKUMA] File: YA40069577.jpg | API modifieddate: 08/17/2026 04:38:00 | India date: 2026-08-17
[OHKUMA] File: 23362383.jpg | API modifieddate: 08/07/2026 00:56:00 | India date: 2026-08-07
[OHKUMA] File: 23362385.jpg | API modifieddate: 08/07/2026 00:43:00 | India date: 2026-08-07
[OHKUMA] File: 95681104.jpg | API modifieddate: 08/05/2026 07:39:00 | India date: 2026-08-05
[OHKUMA] File: 1757378571.jpg | API modifieddate: 08/04/2026 06:56:00 | India date: 2026-08-04
[OHKUMA] File: S440JE1410.jpg | API modifieddate: 08/03/2026 05:18:00 | India date: 2026-08-03
[OHKUMA] File: YA40070912D001.jpg | API modifieddate: 07/31/2026 07:44:00 | India date: 2026-07-31
[OHKUMA] File: YA40078614D001.jpg | API modifieddate: 07/31/2026 07:33:00 | India date: 2026-07-31
[OHKUMA] File: YA40084430.jpg | API modifieddate: 07/31/2026 07:14:00 | India date: 2026-07-31
[OHKUMA] File: YA40084427.jpg | API modifieddate: 07/31/2026 07:12:00 | India date: 2026-07-31
[OHKUMA] File: YA40069403.jpg | API modifieddate: 07/31/2026 06:41:00 | India date: 2026-07-31
[OHKUMA] File: 95689615.jpg | API modifieddate: 07/30/2026 07:17:00 | India date: 2026-07-30
[OHKUMA] File: YA40036244.jpg | API modifieddate: 07/29/2026 07:47:00 | India date: 2026-07-29
[OHKUMA] File: YA40071878D001.jpg | API modifieddate: 07/29/2026 07:21:00 | India date: 2026-07-29
[OHKUMA] File: YA40056215.jpg | API modifieddate: 07/29/2026 07:10:00 | India date: 2026-07-29
[OHKUMA] File: YA40057954.jpg | API modifieddate: 07/29/2026 07:02:00 | India date: 2026-07-29
[OHKUMA] File: YA40071947D001.jpg | API modifieddate: 07/29/2026 00:46:00 | India date: 2026-07-29
[OHKUMA] File: YA40064227.jpg | API modifieddate: 07/28/2026 07:32:00 | India date: 2026-07-28
[OHKUMA] File: YA40054206.jpg | API modifieddate: 07/28/2026 07:32:00 | India date: 2026-07-28
[OHKUMA] File: 8102521XXXD001.jpg | API modifieddate: 07/28/2026 07:08:00 | India date: 2026-07-28
[OHKUMA] File: TWA3694619.jpg | API modifieddate: 07/24/2026 06:25:00 | India date: 2026-07-24
[OHKUMA] File: TWA3709374.jpg | API modifieddate: 07/24/2026 06:00:00 | India date: 2026-07-24
[OHKUMA] File: TWA3836200.jpg | API modifieddate: 07/24/2026 05:54:00 | India date: 2026-07-24
[OHKUMA] File: TWA0194095.jpg | API modifieddate: 07/23/2026 07:35:00 | India date: 2026-07-23
[OHKUMA] File: TWA3701527.jpg | API modifieddate: 07/23/2026 07:33:00 | India date: 2026-07-23
[OHKUMA] File: TWA3737955.jpg | API modifieddate: 07/23/2026 07:13:00 | India date: 2026-07-23
[OHKUMA] File: RYU2222142.jpg | API modifieddate: 07/23/2026 06:58:00 | India date: 2026-07-23
[OHKUMA] File: TWA3710169.jpg | API modifieddate: 07/22/2026 07:42:00 | India date: 2026-07-22
[OHKUMA] File: TWA3134809.jpg | API modifieddate: 07/22/2026 07:28:00 | India date: 2026-07-22
[OHKUMA] File: TWA3836197.jpg | API modifieddate: 07/22/2026 07:08:00 | India date: 2026-07-22
[OHKUMA] File: TWA3690930.jpg | API modifieddate: 07/22/2026 07:00:00 | India date: 2026-07-22
[OHKUMA] File: TWA3836186.jpg | API modifieddate: 07/22/2026 06:49:00 | India date: 2026-07-22
[OHKUMA] File: 95638752.jpg | API modifieddate: 07/22/2026 01:51:00 | India date: 2026-07-22
[OHKUMA] File: 95638786.jpg | API modifieddate: 07/22/2026 01:31:00 | India date: 2026-07-22
[OHKUMA] File: TWA3701535.jpg | API modifieddate: 07/21/2026 07:49:00 | India date: 2026-07-21
[OHKUMA] File: TWA3737944.jpg | API modifieddate: 07/21/2026 07:31:00 | India date: 2026-07-21
[OHKUMA] File: YA40072907.jpg | API modifieddate: 07/21/2026 07:15:00 | India date: 2026-07-21
[OHKUMA] File: 24279128.jpg | API modifieddate: 07/16/2026 07:12:00 | India date: 2026-07-16
[OHKUMA] File: YA40062149.jpg | API modifieddate: 07/16/2026 06:53:00 | India date: 2026-07-16
[OHKUMA] File: YA40072893.jpg | API modifieddate: 07/16/2026 06:06:00 | India date: 2026-07-16
[OHKUMA] File: 95691645.jpg | API modifieddate: 07/16/2026 05:50:00 | India date: 2026-07-16
[OHKUMA] File: YA40062358.jpg | API modifieddate: 07/16/2026 05:50:00 | India date: 2026-07-16
[OHKUMA] File: YJ40003912.jpg | API modifieddate: 07/15/2026 09:30:00 | India date: 2026-07-15
[OHKUMA] File: YA40074772.jpg | API modifieddate: 07/15/2026 09:18:00 | India date: 2026-07-15
[OHKUMA] File: YA40070178.jpg | API modifieddate: 07/15/2026 09:00:00 | India date: 2026-07-15
[OHKUMA] File: 95691807.jpg | API modifieddate: 07/15/2026 08:52:00 | India date: 2026-07-15
[OHKUMA] File: 95691675.jpg | API modifieddate: 07/15/2026 08:47:00 | India date: 2026-07-15
[OHKUMA] File: YA40072892.jpg | API modifieddate: 07/14/2026 07:54:00 | India date: 2026-07-14
[OHKUMA] File: YA40062189.jpg | API modifieddate: 07/14/2026 07:54:00 | India date: 2026-07-14
[OHKUMA] File: YA40064222.jpg | API modifieddate: 07/14/2026 06:57:00 | India date: 2026-07-14
[OHKUMA] File: YA40062157.jpg | API modifieddate: 07/14/2026 06:41:00 | India date: 2026-07-14
[OHKUMA] File: YA40063529.jpg | API modifieddate: 07/14/2026 06:11:00 | India date: 2026-07-14
[OHKUMA] File: YA40061232.jpg | API modifieddate: 07/14/2026 05:59:00 | India date: 2026-07-14
[OHKUMA] File: YA40071970D001.jpg | API modifieddate: 07/14/2026 05:41:00 | India date: 2026-07-14
[OHKUMA] File: YA40072015D001.jpg | API modifieddate: 07/14/2026 05:26:00 | India date: 2026-07-14
[OHKUMA] File: YA40062151.jpg | API modifieddate: 07/14/2026 04:51:00 | India date: 2026-07-14
[OHKUMA] File: 2021705Z06.jpg | API modifieddate: 07/13/2026 05:59:00 | India date: 2026-07-13
[OHKUMA] File: YJ40003868.jpg | API modifieddate: 07/09/2026 07:11:00 | India date: 2026-07-09
[OHKUMA] File: YA40050647D001.jpg | API modifieddate: 07/09/2026 06:49:00 | India date: 2026-07-09
[OHKUMA] File: YA40083701D001.jpg | API modifieddate: 07/09/2026 06:26:00 | India date: 2026-07-09
[OHKUMA] File: YJ40003867.jpg | API modifieddate: 07/09/2026 06:07:00 | India date: 2026-07-09
[OHKUMA] File: YA40078716D001.jpg | API modifieddate: 07/09/2026 03:14:00 | India date: 2026-07-09
[OHKUMA] File: YD40005402.jpg | API modifieddate: 07/08/2026 07:45:00 | India date: 2026-07-08
[OHKUMA] File: YA40073108.jpg | API modifieddate: 07/08/2026 07:32:00 | India date: 2026-07-08
[OHKUMA] File: 32A94301000.jpg | API modifieddate: 07/08/2026 07:13:00 | India date: 2026-07-08
[OHKUMA] File: YA40074664.jpg | API modifieddate: 07/08/2026 06:30:00 | India date: 2026-07-08
[OHKUMA] File: twa3443360.tif | API modifieddate: 07/08/2026 05:57:00 | India date: 2026-07-08
[OHKUMA] File: YA40069153D001.jpg | API modifieddate: 07/08/2026 05:51:00 | India date: 2026-07-08
[OHKUMA] File: 8128192.jpg | API modifieddate: 07/08/2026 02:12:00 | India date: 2026-07-08
[OHKUMA] File: YA40073726.jpg | API modifieddate: 07/07/2026 07:43:00 | India date: 2026-07-07
[OHKUMA] File: YA40083753.jpg | API modifieddate: 07/07/2026 07:29:00 | India date: 2026-07-07
[OHKUMA] File: YA40067024D001.jpg | API modifieddate: 07/07/2026 07:16:00 | India date: 2026-07-07
[OHKUMA] File: YA40083814.jpg | API modifieddate: 07/07/2026 06:50:00 | India date: 2026-07-07
[OHKUMA] File: 95690114.jpg | API modifieddate: 07/07/2026 06:28:00 | India date: 2026-07-07
[OHKUMA] File: 95690116.jpg | API modifieddate: 07/07/2026 05:56:00 | India date: 2026-07-07
[OHKUMA] File: TWA3331197.jpg | API modifieddate: 07/06/2026 05:57:00 | India date: 2026-07-06
[OHKUMA] File: TWA3488195.jpg | API modifieddate: 07/06/2026 05:27:00 | India date: 2026-07-06
[OHKUMA] File: 81E58903000.jpg | API modifieddate: 07/06/2026 04:37:00 | India date: 2026-07-06
[OHKUMA] File: YA40050590D001.jpg | API modifieddate: 07/06/2026 04:25:00 | India date: 2026-07-06
[OHKUMA] File: YA40055970D001.jpg | API modifieddate: 07/06/2026 04:17:00 | India date: 2026-07-06
[OHKUMA] File: YC40013273.jpg | API modifieddate: 07/03/2026 07:58:00 | India date: 2026-07-03
[OHKUMA] File: YA40020988D001.jpg | API modifieddate: 07/03/2026 07:24:00 | India date: 2026-07-03
[OHKUMA] File: YA40083263D001.jpg | API modifieddate: 07/03/2026 06:40:00 | India date: 2026-07-03
[OHKUMA] File: YA40036388D001.jpg | API modifieddate: 07/03/2026 05:36:00 | India date: 2026-07-03
[OHKUMA] File: ZT40000173.jpg | API modifieddate: 07/03/2026 05:21:00 | India date: 2026-07-03
[OHKUMA] File: 81E79211000.jpg | API modifieddate: 07/03/2026 04:15:00 | India date: 2026-07-03
[OHKUMA] File: YA40083808.jpg | API modifieddate: 07/02/2026 07:29:00 | India date: 2026-07-02
[OHKUMA] File: YA40072988D001.jpg | API modifieddate: 07/02/2026 07:11:00 | India date: 2026-07-02
[OHKUMA] File: 81E58902000.jpg | API modifieddate: 07/02/2026 06:51:00 | India date: 2026-07-02
[OHKUMA] File: YA40052437.jpg | API modifieddate: 07/02/2026 06:45:00 | India date: 2026-07-02

========================================
 OHKUMA FOLDER : 本社溶接
========================================
Today's Total File Count     : 3
Today's Yellow Icon Files    : 3
Today's No Yellow Icon Files : 0
Yellow + No Yellow           : 3
========================================
[OHKUMA] Home icon clicked - returned to S09 folder list.
[OHKUMA] Processing folder [2/4]: 本社スポット
[OHKUMA] Double-clicked folder: 本社スポット
[OHKUMA] File: 21806E1E60.jpg | API modifieddate: 08/19/2026 07:47:00 | India date: 2026-08-19
[OHKUMA] YELLOW file found: 21806E1E60.jpg
[OHKUMA] File: 23211E0M40.jpg | API modifieddate: 08/19/2026 06:58:00 | India date: 2026-08-19
[OHKUMA] YELLOW file found: 23211E0M40.jpg
[OHKUMA] File: YA40069561.jpg | API modifieddate: 08/19/2026 06:37:00 | India date: 2026-08-19
[OHKUMA] YELLOW file found: YA40069561.jpg
[OHKUMA] File: 47381E5730.jpg | API modifieddate: 08/18/2026 07:22:00 | India date: 2026-08-18
[OHKUMA] File: YA40069170.jpg | API modifieddate: 08/18/2026 07:08:00 | India date: 2026-08-18
[OHKUMA] File: YA40069656.jpg | API modifieddate: 08/18/2026 06:35:00 | India date: 2026-08-18
[OHKUMA] File: YA40081659.jpg | API modifieddate: 08/18/2026 06:21:00 | India date: 2026-08-18
[OHKUMA] File: 23362383.jpg | API modifieddate: 08/07/2026 00:44:00 | India date: 2026-08-07
[OHKUMA] File: 23362385.jpg | API modifieddate: 08/07/2026 00:33:00 | India date: 2026-08-07
[OHKUMA] File: 95690184.jpg | API modifieddate: 08/04/2026 07:38:00 | India date: 2026-08-04
[OHKUMA] File: 95690162.jpg | API modifieddate: 08/04/2026 07:38:00 | India date: 2026-08-04
[OHKUMA] File: 95647458.jpg | API modifieddate: 08/04/2026 07:35:00 | India date: 2026-08-04
[OHKUMA] File: 47381E5S40.jpg | API modifieddate: 08/04/2026 07:34:00 | India date: 2026-08-04
[OHKUMA] File: 24427878.jpg | API modifieddate: 08/04/2026 07:33:00 | India date: 2026-08-04
[OHKUMA] File: 24409616.jpg | API modifieddate: 08/04/2026 07:33:00 | India date: 2026-08-04
[OHKUMA] File: 23211E0P90.jpg | API modifieddate: 08/04/2026 07:32:00 | India date: 2026-08-04
[OHKUMA] File: 22811893.jpg | API modifieddate: 08/04/2026 07:32:00 | India date: 2026-08-04
[OHKUMA] File: 21806E1D50.jpg | API modifieddate: 08/04/2026 07:32:00 | India date: 2026-08-04
[OHKUMA] File: 95647508.jpg | API modifieddate: 08/04/2026 07:00:00 | India date: 2026-08-04
[OHKUMA] File: 47381E5G40.jpg | API modifieddate: 08/04/2026 07:00:00 | India date: 2026-08-04
[OHKUMA] File: 22845487.jpg | API modifieddate: 08/04/2026 07:00:00 | India date: 2026-08-04
[OHKUMA] File: 95682833.jpg | API modifieddate: 08/04/2026 06:51:00 | India date: 2026-08-04
[OHKUMA] File: 95639501.jpg | API modifieddate: 08/04/2026 06:51:00 | India date: 2026-08-04
[OHKUMA] File: 95639499.jpg | API modifieddate: 08/04/2026 06:50:00 | India date: 2026-08-04
[OHKUMA] File: 86659E0190.jpg | API modifieddate: 08/04/2026 06:49:00 | India date: 2026-08-04
[OHKUMA] File: 8272937T00.jpg | API modifieddate: 08/04/2026 06:48:00 | India date: 2026-08-04
[OHKUMA] File: 22946482.jpg | API modifieddate: 08/04/2026 06:48:00 | India date: 2026-08-04
[OHKUMA] File: 22879698.jpg | API modifieddate: 08/04/2026 06:48:00 | India date: 2026-08-04
[OHKUMA] File: 22814271.jpg | API modifieddate: 08/04/2026 06:47:00 | India date: 2026-08-04
[OHKUMA] File: YA40081450.jpg | API modifieddate: 08/04/2026 06:04:00 | India date: 2026-08-04
[OHKUMA] File: YA40069626.jpg | API modifieddate: 08/04/2026 06:04:00 | India date: 2026-08-04
[OHKUMA] File: S1703E0480.jpg | API modifieddate: 08/04/2026 06:02:00 | India date: 2026-08-04
[OHKUMA] File: 70B74076000.jpg | API modifieddate: 08/04/2026 06:02:00 | India date: 2026-08-04
[OHKUMA] File: 70B11304C00.jpg | API modifieddate: 08/04/2026 06:01:00 | India date: 2026-08-04
[OHKUMA] File: 58155610001.jpg | API modifieddate: 08/04/2026 06:01:00 | India date: 2026-08-04
[OHKUMA] File: 23A63801A00.jpg | API modifieddate: 08/04/2026 06:01:00 | India date: 2026-08-04
[OHKUMA] File: 24144471.jpg | API modifieddate: 08/04/2026 06:01:00 | India date: 2026-08-04
[OHKUMA] File: 22811819.jpg | API modifieddate: 08/04/2026 06:00:00 | India date: 2026-08-04
[OHKUMA] File: ZT40000056.jpg | API modifieddate: 08/04/2026 05:59:00 | India date: 2026-08-04
[OHKUMA] File: YA40082595D001.jpg | API modifieddate: 08/04/2026 05:59:00 | India date: 2026-08-04
[OHKUMA] File: YA40077621D001.jpg | API modifieddate: 08/04/2026 05:59:00 | India date: 2026-08-04
[OHKUMA] File: Thumbs.db | API modifieddate: 08/04/2026 05:20:00 | India date: 2026-08-04
[OHKUMA] File: S440JE1410.jpg | API modifieddate: 08/03/2026 05:11:00 | India date: 2026-08-03
[OHKUMA] File: YA40069403.jpg | API modifieddate: 07/31/2026 06:53:00 | India date: 2026-07-31
[OHKUMA] File: YA40071878D001.jpg | API modifieddate: 07/29/2026 07:22:00 | India date: 2026-07-29
[OHKUMA] File: YA40064227.jpg | API modifieddate: 07/28/2026 07:40:00 | India date: 2026-07-28
[OHKUMA] File: TWA3836200.jpg | API modifieddate: 07/24/2026 05:57:00 | India date: 2026-07-24
[OHKUMA] File: TWA0194095.jpg | API modifieddate: 07/23/2026 07:38:00 | India date: 2026-07-23
[OHKUMA] File: YA40083814.jpg | API modifieddate: 07/07/2026 06:52:00 | India date: 2026-07-07
[OHKUMA] File: TWA3331197.jpg | API modifieddate: 07/06/2026 06:13:00 | India date: 2026-07-06
[OHKUMA] File: 95657959.jpg | API modifieddate: 07/03/2026 06:23:00 | India date: 2026-07-03
[OHKUMA] File: YA40036388D001.jpg | API modifieddate: 07/03/2026 06:21:00 | India date: 2026-07-03
[OHKUMA] File: TWA3581694.jpg | API modifieddate: 07/02/2026 04:19:00 | India date: 2026-07-02
[OHKUMA] File: YA40069107_S.jpg | API modifieddate: 07/01/2026 06:54:00 | India date: 2026-07-01
[OHKUMA] File: TWA3581257.jpg | API modifieddate: 06/29/2026 07:25:00 | India date: 2026-06-29
[OHKUMA] File: 2013400Z4A.jpg | API modifieddate: 06/29/2026 06:52:00 | India date: 2026-06-29
[OHKUMA] File: 95639503.jpg | API modifieddate: 06/29/2026 06:41:00 | India date: 2026-06-29
[OHKUMA] File: YA40082469D001.jpg | API modifieddate: 06/29/2026 06:13:00 | India date: 2026-06-29
[OHKUMA] File: YA40083798D001.jpg | API modifieddate: 06/26/2026 04:32:00 | India date: 2026-06-26
[OHKUMA] File: YA40069916D001.jpg | API modifieddate: 06/11/2026 06:15:00 | India date: 2026-06-11
[OHKUMA] File: 17541577B5A.jpg | API modifieddate: 06/10/2026 07:12:00 | India date: 2026-06-10
[OHKUMA] File: TWA3579935.jpg | API modifieddate: 06/08/2026 07:47:00 | India date: 2026-06-08
[OHKUMA] File: TWA3014955.jpg | API modifieddate: 06/08/2026 04:09:00 | India date: 2026-06-08
[OHKUMA] File: D42269800.jpg | API modifieddate: 06/05/2026 07:42:00 | India date: 2026-06-05
[OHKUMA] File: 4591910Z3D.jpg | API modifieddate: 06/05/2026 07:42:00 | India date: 2026-06-05
[OHKUMA] File: 95636887.jpg | API modifieddate: 06/05/2026 07:21:00 | India date: 2026-06-05
[OHKUMA] File: YA40073106.jpg | API modifieddate: 06/05/2026 06:46:00 | India date: 2026-06-05
[OHKUMA] File: YA40081262D001.jpg | API modifieddate: 06/05/2026 06:07:00 | India date: 2026-06-05
[OHKUMA] File: YA40083784.jpg | API modifieddate: 06/05/2026 03:00:00 | India date: 2026-06-05
[OHKUMA] File: YA40071171.jpg | API modifieddate: 06/05/2026 02:38:00 | India date: 2026-06-05
[OHKUMA] File: YA40083785.jpg | API modifieddate: 06/05/2026 02:33:00 | India date: 2026-06-05
[OHKUMA] File: YA40083783.jpg | API modifieddate: 06/05/2026 02:12:00 | India date: 2026-06-05
[OHKUMA] File: YA40083788.jpg | API modifieddate: 06/05/2026 01:49:00 | India date: 2026-06-05
[OHKUMA] File: YA40083787.jpg | API modifieddate: 06/04/2026 07:54:00 | India date: 2026-06-04
[OHKUMA] File: YA40071172.jpg | API modifieddate: 06/04/2026 07:06:00 | India date: 2026-06-04
[OHKUMA] File: YA40071213.jpg | API modifieddate: 06/04/2026 06:24:00 | India date: 2026-06-04
[OHKUMA] File: YA40071154.jpg | API modifieddate: 06/03/2026 07:34:00 | India date: 2026-06-03
[OHKUMA] File: YJ40003399.jpg | API modifieddate: 06/03/2026 07:21:00 | India date: 2026-06-03
[OHKUMA] File: TWA1594921-1.jpg | API modifieddate: 05/28/2026 02:48:00 | India date: 2026-05-28
[OHKUMA] File: 95660695.jpg | API modifieddate: 05/28/2026 00:16:00 | India date: 2026-05-28
[OHKUMA] File: 82702E3N90.jpg | API modifieddate: 05/27/2026 07:19:00 | India date: 2026-05-27
[OHKUMA] File: 24478973.jpg | API modifieddate: 05/27/2026 06:55:00 | India date: 2026-05-27
[OHKUMA] File: 58E82111001.jpg | API modifieddate: 05/26/2026 07:46:00 | India date: 2026-05-26
[OHKUMA] File: YA40083724D001.jpg | API modifieddate: 05/26/2026 07:01:00 | India date: 2026-05-26
[OHKUMA] File: YA40083781.jpg | API modifieddate: 05/26/2026 05:36:00 | India date: 2026-05-26
[OHKUMA] File: YA40083786.jpg | API modifieddate: 05/26/2026 05:16:00 | India date: 2026-05-26
[OHKUMA] File: 33823E0M20.jpg | API modifieddate: 05/25/2026 08:23:00 | India date: 2026-05-25
[OHKUMA] File: YA40083789.jpg | API modifieddate: 05/25/2026 07:56:00 | India date: 2026-05-25
[OHKUMA] File: TWA2078406.jpg | API modifieddate: 05/22/2026 05:29:00 | India date: 2026-05-22
[OHKUMA] File: TWA1179581.jpg | API modifieddate: 05/22/2026 05:13:00 | India date: 2026-05-22
[OHKUMA] File: 95660352.jpg | API modifieddate: 05/21/2026 02:47:00 | India date: 2026-05-21
[OHKUMA] File: 95679195.jpg | API modifieddate: 05/20/2026 08:07:00 | India date: 2026-05-20
[OHKUMA] File: 95677040.jpg | API modifieddate: 05/20/2026 07:56:00 | India date: 2026-05-20
[OHKUMA] File: Y174209Z86.jpg | API modifieddate: 05/20/2026 04:19:00 | India date: 2026-05-20
[OHKUMA] File: 22162303.jpg | API modifieddate: 05/20/2026 03:06:00 | India date: 2026-05-20
[OHKUMA] File: 95648111.jpg | API modifieddate: 05/20/2026 02:47:00 | India date: 2026-05-20
[OHKUMA] File: 6232600Z0B.jpg | API modifieddate: 05/19/2026 08:49:00 | India date: 2026-05-19
[OHKUMA] File: 22173709.jpg | API modifieddate: 05/19/2026 08:46:00 | India date: 2026-05-19
[OHKUMA] File: 5157401Z6C.jpg | API modifieddate: 05/18/2026 07:27:00 | India date: 2026-05-18
[OHKUMA] File: 95686652.jpg | API modifieddate: 05/18/2026 07:03:00 | India date: 2026-05-18

========================================
 OHKUMA FOLDER : 本社スポット
========================================
Today's Total File Count     : 3
Today's Yellow Icon Files    : 3
Today's No Yellow Icon Files : 0
Yellow + No Yellow           : 3
========================================
[OHKUMA] Home icon clicked - returned to S09 folder list.
[OHKUMA] Processing folder [3/4]: 本社ベンダー
[OHKUMA] Double-clicked folder: 本社ベンダー
[OHKUMA] File: 21806E1E60.jpg | API modifieddate: 08/19/2026 07:44:00 | India date: 2026-08-19
[OHKUMA] YELLOW file found: 21806E1E60.jpg
[OHKUMA] File: D42263500.jpg | API modifieddate: 08/19/2026 07:36:00 | India date: 2026-08-19
[OHKUMA] YELLOW file found: D42263500.jpg
[OHKUMA] File: 95692341.jpg | API modifieddate: 08/19/2026 07:19:00 | India date: 2026-08-19
[OHKUMA] YELLOW file found: 95692341.jpg
[OHKUMA] File: 23211E0M40.jpg | API modifieddate: 08/19/2026 06:58:00 | India date: 2026-08-19
[OHKUMA] YELLOW file found: 23211E0M40.jpg
[OHKUMA] File: YA40069561.jpg | API modifieddate: 08/19/2026 06:38:00 | India date: 2026-08-19
[OHKUMA] YELLOW file found: YA40069561.jpg
[OHKUMA] File: YA40064993.jpg | API modifieddate: 08/18/2026 07:59:00 | India date: 2026-08-18
[OHKUMA] File: YA40064994.jpg | API modifieddate: 08/18/2026 07:28:00 | India date: 2026-08-18
[OHKUMA] File: 47381E5730.jpg | API modifieddate: 08/18/2026 07:20:00 | India date: 2026-08-18
[OHKUMA] File: YA40069170.jpg | API modifieddate: 08/18/2026 07:05:00 | India date: 2026-08-18
[OHKUMA] File: YA00106702.jpg | API modifieddate: 08/18/2026 06:40:00 | India date: 2026-08-18
[OHKUMA] File: YA40069656.jpg | API modifieddate: 08/18/2026 06:35:00 | India date: 2026-08-18
[OHKUMA] File: YA40081659.jpg | API modifieddate: 08/18/2026 06:19:00 | India date: 2026-08-18
[OHKUMA] File: 95681105.jpg | API modifieddate: 08/17/2026 07:13:00 | India date: 2026-08-17
[OHKUMA] File: YA40069577.jpg | API modifieddate: 08/17/2026 04:39:00 | India date: 2026-08-17
[OHKUMA] File: 95686634.jpg | API modifieddate: 08/17/2026 01:45:00 | India date: 2026-08-17
[OHKUMA] File: 95686637.jpg | API modifieddate: 08/07/2026 03:02:00 | India date: 2026-08-07
[OHKUMA] File: 23362383.jpg | API modifieddate: 08/07/2026 00:38:00 | India date: 2026-08-07
[OHKUMA] File: 23362385.jpg | API modifieddate: 08/07/2026 00:28:00 | India date: 2026-08-07
[OHKUMA] File: YA40070239.jpg | API modifieddate: 08/05/2026 09:51:00 | India date: 2026-08-05
[OHKUMA] File: 95681104.jpg | API modifieddate: 08/05/2026 07:36:00 | India date: 2026-08-05
[OHKUMA] File: 81E78811000.jpg | API modifieddate: 08/04/2026 05:25:00 | India date: 2026-08-04
[OHKUMA] File: YA00109028.jpg | API modifieddate: 08/04/2026 03:58:00 | India date: 2026-08-04
[OHKUMA] File: YA40072267.jpg | API modifieddate: 08/04/2026 03:02:00 | India date: 2026-08-04
[OHKUMA] File: 95686248.jpg | API modifieddate: 08/03/2026 07:56:00 | India date: 2026-08-03
[OHKUMA] File: 95686247.jpg | API modifieddate: 08/03/2026 07:55:00 | India date: 2026-08-03
[OHKUMA] File: 95641260.jpg | API modifieddate: 08/03/2026 07:54:00 | India date: 2026-08-03
[OHKUMA] File: 95678672.jpg | API modifieddate: 08/03/2026 07:35:00 | India date: 2026-08-03
[OHKUMA] File: 95660823.jpg | API modifieddate: 08/03/2026 07:34:00 | India date: 2026-08-03
[OHKUMA] File: YA00115569D001.jpg | API modifieddate: 08/03/2026 07:20:00 | India date: 2026-08-03
[OHKUMA] File: YA00115568D001.jpg | API modifieddate: 08/03/2026 07:20:00 | India date: 2026-08-03
[OHKUMA] File: YA40074519.jpg | API modifieddate: 08/03/2026 05:33:00 | India date: 2026-08-03
[OHKUMA] File: YA40074520.jpg | API modifieddate: 08/03/2026 05:29:00 | India date: 2026-08-03
[OHKUMA] File: YA40070763D001.jpg | API modifieddate: 08/03/2026 05:17:00 | India date: 2026-08-03
[OHKUMA] File: S440JE1410.jpg | API modifieddate: 08/03/2026 05:17:00 | India date: 2026-08-03
[OHKUMA] File: YA40072543D001.jpg | API modifieddate: 08/03/2026 04:50:00 | India date: 2026-08-03
[OHKUMA] File: YA40073527D001.jpg | API modifieddate: 08/03/2026 04:44:00 | India date: 2026-08-03
[OHKUMA] File: YA40073916.jpg | API modifieddate: 08/03/2026 02:51:00 | India date: 2026-08-03
[OHKUMA] File: YA40073915.jpg | API modifieddate: 08/03/2026 02:51:00 | India date: 2026-08-03
[OHKUMA] File: YA40069576.jpg | API modifieddate: 08/03/2026 02:14:00 | India date: 2026-08-03
[OHKUMA] File: YA40069575.jpg | API modifieddate: 08/03/2026 02:14:00 | India date: 2026-08-03
[OHKUMA] File: YA40069574.jpg | API modifieddate: 08/03/2026 02:14:00 | India date: 2026-08-03
[OHKUMA] File: YA40069573.jpg | API modifieddate: 08/03/2026 02:14:00 | India date: 2026-08-03
[OHKUMA] File: YA40070912D001.jpg | API modifieddate: 07/31/2026 07:44:00 | India date: 2026-07-31
[OHKUMA] File: YA40078614D001.jpg | API modifieddate: 07/31/2026 07:33:00 | India date: 2026-07-31
[OHKUMA] File: YA40084430.jpg | API modifieddate: 07/31/2026 07:14:00 | India date: 2026-07-31
[OHKUMA] File: YA40084427.jpg | API modifieddate: 07/31/2026 06:57:00 | India date: 2026-07-31
[OHKUMA] File: S4707E0D10.jpg | API modifieddate: 07/31/2026 06:54:00 | India date: 2026-07-31
[OHKUMA] File: YA40069403.jpg | API modifieddate: 07/31/2026 06:41:00 | India date: 2026-07-31
[OHKUMA] File: YA40082550D001.jpg | API modifieddate: 07/31/2026 04:15:00 | India date: 2026-07-31
[OHKUMA] File: YA00115241.jpg | API modifieddate: 07/31/2026 00:27:00 | India date: 2026-07-31
[OHKUMA] File: YA40074916.jpg | API modifieddate: 07/31/2026 00:22:00 | India date: 2026-07-31
[OHKUMA] File: YA40074915.jpg | API modifieddate: 07/31/2026 00:22:00 | India date: 2026-07-31
[OHKUMA] File: 95689615.jpg | API modifieddate: 07/30/2026 07:17:00 | India date: 2026-07-30
[OHKUMA] File: 95693204.jpg | API modifieddate: 07/30/2026 07:11:00 | India date: 2026-07-30
[OHKUMA] File: 95686636.jpg | API modifieddate: 07/30/2026 05:06:00 | India date: 2026-07-30
[OHKUMA] File: YA40036244.jpg | API modifieddate: 07/29/2026 07:34:00 | India date: 2026-07-29
[OHKUMA] File: YA00114875.jpg | API modifieddate: 07/29/2026 07:26:00 | India date: 2026-07-29
[OHKUMA] File: YA40071878D001.jpg | API modifieddate: 07/29/2026 07:20:00 | India date: 2026-07-29
[OHKUMA] File: YA40056215.jpg | API modifieddate: 07/29/2026 07:05:00 | India date: 2026-07-29
[OHKUMA] File: YA40081664.jpg | API modifieddate: 07/29/2026 05:38:00 | India date: 2026-07-29
[OHKUMA] File: 95694843.jpg | API modifieddate: 07/29/2026 00:36:00 | India date: 2026-07-29
[OHKUMA] File: YA40071947D001.jpg | API modifieddate: 07/28/2026 07:49:00 | India date: 2026-07-28
[OHKUMA] File: YA40064227.jpg | API modifieddate: 07/28/2026 07:40:00 | India date: 2026-07-28
[OHKUMA] File: YA40054206.jpg | API modifieddate: 07/28/2026 07:17:00 | India date: 2026-07-28
[OHKUMA] File: 8102521XXXD001.jpg | API modifieddate: 07/28/2026 07:08:00 | India date: 2026-07-28
[OHKUMA] File: 95693207.jpg | API modifieddate: 07/28/2026 07:03:00 | India date: 2026-07-28
[OHKUMA] File: 95695895.jpg | API modifieddate: 07/28/2026 05:55:00 | India date: 2026-07-28
[OHKUMA] File: 11A71723000.jpg | API modifieddate: 07/28/2026 02:59:00 | India date: 2026-07-28
[OHKUMA] File: YA00109569.jpg | API modifieddate: 07/27/2026 06:01:00 | India date: 2026-07-27
[OHKUMA] File: 95694842.jpg | API modifieddate: 07/27/2026 06:01:00 | India date: 2026-07-27
[OHKUMA] File: 21806E1E90.jpg | API modifieddate: 07/27/2026 04:20:00 | India date: 2026-07-27
[OHKUMA] File: 95679984.jpg | API modifieddate: 07/27/2026 04:07:00 | India date: 2026-07-27
[OHKUMA] File: 95640193.jpg | API modifieddate: 07/27/2026 00:02:00 | India date: 2026-07-27
[OHKUMA] File: TWA3694619.jpg | API modifieddate: 07/24/2026 06:25:00 | India date: 2026-07-24
[OHKUMA] File: TWA3709374.jpg | API modifieddate: 07/24/2026 06:00:00 | India date: 2026-07-24
[OHKUMA] File: TWA3836200.jpg | API modifieddate: 07/24/2026 05:57:00 | India date: 2026-07-24
[OHKUMA] File: 81E77513002.jpg | API modifieddate: 07/23/2026 08:52:00 | India date: 2026-07-23
[OHKUMA] File: TWA0194095.jpg | API modifieddate: 07/23/2026 07:35:00 | India date: 2026-07-23
[OHKUMA] File: TWA3701527.jpg | API modifieddate: 07/23/2026 07:33:00 | India date: 2026-07-23
[OHKUMA] File: TWA3737955.jpg | API modifieddate: 07/23/2026 07:13:00 | India date: 2026-07-23
[OHKUMA] File: RYU2222142.jpg | API modifieddate: 07/23/2026 06:58:00 | India date: 2026-07-23
[OHKUMA] File: TWA3710169.jpg | API modifieddate: 07/22/2026 07:40:00 | India date: 2026-07-22
[OHKUMA] File: TWA3134809.jpg | API modifieddate: 07/22/2026 07:27:00 | India date: 2026-07-22
[OHKUMA] File: 95686263.jpg | API modifieddate: 07/22/2026 07:27:00 | India date: 2026-07-22
[OHKUMA] File: 95686262.jpg | API modifieddate: 07/22/2026 07:27:00 | India date: 2026-07-22
[OHKUMA] File: TWA3836197.jpg | API modifieddate: 07/22/2026 07:06:00 | India date: 2026-07-22
[OHKUMA] File: TWA3690930.jpg | API modifieddate: 07/22/2026 07:00:00 | India date: 2026-07-22
[OHKUMA] File: TWA3836186.jpg | API modifieddate: 07/22/2026 06:48:00 | India date: 2026-07-22
[OHKUMA] File: 95638752.jpg | API modifieddate: 07/22/2026 01:32:00 | India date: 2026-07-22
[OHKUMA] File: 95638786.jpg | API modifieddate: 07/22/2026 01:28:00 | India date: 2026-07-22
[OHKUMA] File: S4701E2670.jpg | API modifieddate: 07/22/2026 01:22:00 | India date: 2026-07-22
[OHKUMA] File: S4701E2250.jpg | API modifieddate: 07/21/2026 08:19:00 | India date: 2026-07-21
[OHKUMA] File: TWA3701535.jpg | API modifieddate: 07/21/2026 07:49:00 | India date: 2026-07-21
[OHKUMA] File: 95687307.jpg | API modifieddate: 07/21/2026 07:48:00 | India date: 2026-07-21
[OHKUMA] File: TWA3737944.jpg | API modifieddate: 07/21/2026 07:29:00 | India date: 2026-07-21
[OHKUMA] File: YA40072907.jpg | API modifieddate: 07/21/2026 07:15:00 | India date: 2026-07-21
[OHKUMA] File: TWA3716338.jpg | API modifieddate: 07/21/2026 07:08:00 | India date: 2026-07-21
[OHKUMA] File: S4701E2310.jpg | API modifieddate: 07/21/2026 06:50:00 | India date: 2026-07-21
[OHKUMA] File: S4712E1R90.jpg | API modifieddate: 07/21/2026 06:30:00 | India date: 2026-07-21
[OHKUMA] File: 82E68505000.jpg | API modifieddate: 07/21/2026 04:11:00 | India date: 2026-07-21

========================================
 OHKUMA FOLDER : 本社ベンダー
========================================
Today's Total File Count     : 5
Today's Yellow Icon Files    : 5
Today's No Yellow Icon Files : 0
Yellow + No Yellow           : 5
========================================
[OHKUMA] Home icon clicked - returned to S09 folder list.
[OHKUMA] Processing folder [4/4]: 栃木艤装
[OHKUMA] Double-clicked folder: 栃木艤装
[OHKUMA] File: Thumbs.db | API modifieddate: 08/19/2026 02:35:00 | India date: 2026-08-19
[OHKUMA] NO YELLOW file found: Thumbs.db
[OHKUMA] File: 5157200Z9E.jpg | API modifieddate: 08/19/2026 02:35:00 | India date: 2026-08-19
[OHKUMA] YELLOW file found: 5157200Z9E.jpg
[OHKUMA] File: 5157501Z6A.jpg | API modifieddate: 07/03/2026 02:54:00 | India date: 2026-07-03
[OHKUMA] File: 5222811620.jpg | API modifieddate: 07/03/2026 02:12:00 | India date: 2026-07-03
[OHKUMA] File: 5157201Z0D.jpg | API modifieddate: 07/02/2026 04:56:00 | India date: 2026-07-02
[OHKUMA] File: 5222811754.jpg | API modifieddate: 06/29/2026 02:54:00 | India date: 2026-06-29
[OHKUMA] File: 5223321926.jpg | API modifieddate: 06/29/2026 02:54:00 | India date: 2026-06-29
[OHKUMA] File: 5222811608.jpg | API modifieddate: 06/29/2026 02:53:00 | India date: 2026-06-29
[OHKUMA] File: 5222811813.jpg | API modifieddate: 06/16/2026 03:30:00 | India date: 2026-06-16
[OHKUMA] File: 22811620.jpg | API modifieddate: 06/15/2026 01:19:00 | India date: 2026-06-15
[OHKUMA] File: 5222811825.jpg | API modifieddate: 06/12/2026 03:55:00 | India date: 2026-06-12
[OHKUMA] File: 5222814275.jpg | API modifieddate: 05/29/2026 06:15:00 | India date: 2026-05-29
[OHKUMA] File: 5158100Z3C.jpg | API modifieddate: 05/29/2026 05:51:00 | India date: 2026-05-29
[OHKUMA] File: 5158100Z3A.jpg | API modifieddate: 05/29/2026 05:50:00 | India date: 2026-05-29
[OHKUMA] File: 5158000Z7E.jpg | API modifieddate: 05/29/2026 05:48:00 | India date: 2026-05-29
[OHKUMA] File: 5157501Z3C.jpg | API modifieddate: 05/29/2026 05:48:00 | India date: 2026-05-29
[OHKUMA] File: 5157401Z6E.jpg | API modifieddate: 05/29/2026 05:48:00 | India date: 2026-05-29
[OHKUMA] File: 5157401Z4E.jpg | API modifieddate: 05/29/2026 05:46:00 | India date: 2026-05-29
[OHKUMA] File: 5157401Z3E.jpg | API modifieddate: 05/29/2026 05:46:00 | India date: 2026-05-29
[OHKUMA] File: 5157100Z0E.jpg | API modifieddate: 05/29/2026 05:45:00 | India date: 2026-05-29
[OHKUMA] File: 5157001Z1C.jpg | API modifieddate: 05/29/2026 05:45:00 | India date: 2026-05-29
[OHKUMA] File: 5155000Z3E.jpg | API modifieddate: 05/29/2026 05:44:00 | India date: 2026-05-29
[OHKUMA] File: 5153200Z7A.jpg | API modifieddate: 05/29/2026 05:43:00 | India date: 2026-05-29
[OHKUMA] File: 5151400Z2C.jpg | API modifieddate: 05/29/2026 05:42:00 | India date: 2026-05-29
[OHKUMA] File: 5151400Z2A.jpg | API modifieddate: 05/29/2026 05:41:00 | India date: 2026-05-29
[OHKUMA] File: 23321933.jpg | API modifieddate: 05/29/2026 05:40:00 | India date: 2026-05-29
[OHKUMA] File: 23321930.jpg | API modifieddate: 05/29/2026 05:40:00 | India date: 2026-05-29
[OHKUMA] File: 23321926.jpg | API modifieddate: 05/29/2026 05:39:00 | India date: 2026-05-29
[OHKUMA] File: 22814275.jpg | API modifieddate: 05/29/2026 05:38:00 | India date: 2026-05-29
[OHKUMA] File: 22811919.jpg | API modifieddate: 05/29/2026 05:38:00 | India date: 2026-05-29
[OHKUMA] File: 22811847.jpg | API modifieddate: 05/29/2026 05:37:00 | India date: 2026-05-29
[OHKUMA] File: 22811825.jpg | API modifieddate: 05/29/2026 05:35:00 | India date: 2026-05-29
[OHKUMA] File: 22811813.jpg | API modifieddate: 05/29/2026 05:35:00 | India date: 2026-05-29
[OHKUMA] File: 22811777.jpg | API modifieddate: 05/29/2026 05:34:00 | India date: 2026-05-29
[OHKUMA] File: 22811694.jpg | API modifieddate: 05/29/2026 05:34:00 | India date: 2026-05-29
[OHKUMA] File: 22811754.jpg | API modifieddate: 05/29/2026 05:34:00 | India date: 2026-05-29
[OHKUMA] File: 22811686.jpg | API modifieddate: 05/29/2026 05:34:00 | India date: 2026-05-29
[OHKUMA] File: 22811682.jpg | API modifieddate: 05/29/2026 05:33:00 | India date: 2026-05-29
[OHKUMA] File: 22811678.jpg | API modifieddate: 05/29/2026 05:33:00 | India date: 2026-05-29
[OHKUMA] File: 22811629.jpg | API modifieddate: 05/29/2026 05:33:00 | India date: 2026-05-29
[OHKUMA] File: 22811615.jpg | API modifieddate: 05/29/2026 05:32:00 | India date: 2026-05-29
[OHKUMA] File: 22811608.jpg | API modifieddate: 05/29/2026 05:31:00 | India date: 2026-05-29
[OHKUMA] File: 22811434.jpg | API modifieddate: 05/29/2026 05:30:00 | India date: 2026-05-29
[OHKUMA] File: 22811419.jpg | API modifieddate: 05/29/2026 05:29:00 | India date: 2026-05-29
[OHKUMA] File: 22158017.jpg | API modifieddate: 05/29/2026 05:29:00 | India date: 2026-05-29
[OHKUMA] File: 22178803.jpg | API modifieddate: 05/29/2026 05:29:00 | India date: 2026-05-29
[OHKUMA] File: 5157501Z6E.jpg | API modifieddate: 05/22/2026 02:20:00 | India date: 2026-05-22
[OHKUMA] File: 5157401Z6C.jpg | API modifieddate: 05/22/2026 02:20:00 | India date: 2026-05-22
[OHKUMA] File: 22811847.pdf | API modifieddate: 02/20/2026 07:14:00 | India date: 2026-02-20
[OHKUMA] File: 22814275.pdf | API modifieddate: 02/20/2026 07:14:00 | India date: 2026-02-20
[OHKUMA] File: 22811825.pdf | API modifieddate: 02/20/2026 07:14:00 | India date: 2026-02-20
[OHKUMA] File: 22811813.pdf | API modifieddate: 02/20/2026 07:14:00 | India date: 2026-02-20
[OHKUMA] File: 22811777.pdf | API modifieddate: 02/20/2026 07:14:00 | India date: 2026-02-20
[OHKUMA] File: 22811419.pdf | API modifieddate: 02/20/2026 07:14:00 | India date: 2026-02-20
[OHKUMA] File: 22178803.pdf | API modifieddate: 02/20/2026 07:13:00 | India date: 2026-02-20
[OHKUMA] File: 22158017.pdf | API modifieddate: 02/20/2026 07:13:00 | India date: 2026-02-20
[OHKUMA] File: 5158000Z7E.tif | API modifieddate: 02/06/2026 12:20:00 | India date: 2026-02-06
[OHKUMA] File: 5157401Z6E.tif | API modifieddate: 02/06/2026 12:19:00 | India date: 2026-02-06
[OHKUMA] File: 5157401Z4E.tif | API modifieddate: 02/06/2026 12:18:00 | India date: 2026-02-06
[OHKUMA] File: 5157201Z0D.tif | API modifieddate: 02/06/2026 12:15:00 | India date: 2026-02-06
[OHKUMA] File: 5157001Z1C.tif | API modifieddate: 02/06/2026 12:12:00 | India date: 2026-02-06
[OHKUMA] File: 5151400Z2A.tif | API modifieddate: 02/06/2026 12:09:00 | India date: 2026-02-06
[OHKUMA] File: 22811847.tif | API modifieddate: 02/06/2026 12:00:00 | India date: 2026-02-06
[OHKUMA] File: 22811813.tif | API modifieddate: 02/06/2026 11:59:00 | India date: 2026-02-06
[OHKUMA] File: 22811608.tif | API modifieddate: 02/06/2026 11:49:00 | India date: 2026-02-06
[OHKUMA] File: 22811419.tif | API modifieddate: 02/06/2026 11:46:00 | India date: 2026-02-06
[OHKUMA] File: 22158017.tif | API modifieddate: 02/06/2026 11:44:00 | India date: 2026-02-06
[OHKUMA] File: 5157401Z3E.tif | API modifieddate: 02/05/2026 09:51:00 | India date: 2026-02-05
[OHKUMA] File: 5153200Z7A.tif | API modifieddate: 02/05/2026 09:50:00 | India date: 2026-02-05
[OHKUMA] File: 22178803.tif | API modifieddate: 02/05/2026 09:42:00 | India date: 2026-02-05
[OHKUMA] File: 83341047000　ベンダー　スポット　図面　　（青）.jpg | API modifieddate: 05/10/2023 04:11:00 | India date: 2023-05-10

========================================
 OHKUMA FOLDER : 栃木艤装
========================================
Today's Total File Count     : 2
Today's Yellow Icon Files    : 1
Today's No Yellow Icon Files : 1
Yellow + No Yellow           : 2
========================================

========================================
     OHKUMA - ALL TODAY FOLDERS TOTAL
========================================
Today's Total File Count     : 13
Today's Yellow Icon Files    : 12
Today's No Yellow Icon Files : 1
========================================
[OHKUMA] All today's folders processed.
]]></system-out>
  </testcase>
  <testcase name="validLoginTest" classname="org.oaksystem.tests.OakSystemDrawTest" time="4.156">
    <system-out><![CDATA[Context closed successfully.com.microsoft.playwright.impl.BrowserContextImpl@3b00856b
Browser closed successfully.com.microsoft.playwright.impl.BrowserImpl@37091312
Playwright closed successfully.com.microsoft.playwright.impl.PlaywrightImpl@44f3fe83
Browser launched successfully.com.microsoft.playwright.impl.BrowserImpl@417d6615
Page created successfully.com.microsoft.playwright.impl.PageImpl@489543a6
Navigated to base URL successfully.https://www.alfadock-pack.com/
Company username entered: oaksystem
Company password entered
Company login button clicked.
URL after User Login: https://www.alfadock-pack.com/userlogin.html
Username entered: admin
User password entered
Login button clicked
]]></system-out>
  </testcase>
  <testcase name="validatingDrawSocketTest" classname="org.oaksystem.tests.OakSystemDrawTest" time="19.511">
    <system-out><![CDATA[Current URL: https://www.alfadock-pack.com/ver10/#/home
Home page URL is correct.
hyperlink icon is visible
Current URL: https://www.alfadock-pack.com/ver10/#/home/adsocket
adsocket page URL is correct.
drawsocket icon is visible
Current URL: https://www.alfadock-pack.com/ver10/#/adsocket/adgrid/draw/-1
draw socket page URL is correct..
Pagination changed to 100
[OAKSYSTEM] YELLOW : 20260819152654049.pdf | GUID = cbf758b9-9851-4f50-8689-a7ed3ea2b99e | filetype = 1 | modifieddate = 08/19/2026 06:30:00 | attribute = 7
[OAKSYSTEM] YELLOW : 20260819152642515.pdf | GUID = 35610822-ea2a-4006-8d19-b8ed6e186a28 | filetype = 1 | modifieddate = 08/19/2026 06:30:00 | attribute = 7
[OAKSYSTEM] YELLOW : 20260819142131929.pdf | GUID = 35db1a78-4713-4adf-975a-03690c7cdd0b | filetype = 1 | modifieddate = 08/19/2026 05:25:00 | attribute = 7

========================================
       OAKSYSTEM - TODAY
========================================
Today's India Date       : 2026-08-19
Total File Count         : 3
Yellow Icon Files        : 3
Non Yellow Icon Files    : 0
Yellow + Non Yellow      : 3
========================================
Screenshot saved: screenshots/OAKSYSTEM_todayFiles_20260819_135534.png
]]></system-out>
  </testcase>
  <testcase name="validLoginTest" classname="org.sanmatsu.tests.SanmatsuTest" time="4.127">
    <system-out><![CDATA[Context closed successfully.com.microsoft.playwright.impl.BrowserContextImpl@7a6ebe1e
Browser closed successfully.com.microsoft.playwright.impl.BrowserImpl@417d6615
Playwright closed successfully.com.microsoft.playwright.impl.PlaywrightImpl@3a91d146
Browser launched successfully.com.microsoft.playwright.impl.BrowserImpl@6f952d6c
Page created successfully.com.microsoft.playwright.impl.PageImpl@aa004a0
Navigated to base URL successfully.https://www.alfadock-pack.com/
Company username entered: sanmatsu
Company password entered
Company login button clicked.
URL after User Login: https://www.alfadock-pack.com/userlogin.html
Username entered: admin
User password entered
Login button clicked
]]></system-out>
  </testcase>
  <testcase name="validatingSanmatsuHomePage" classname="org.sanmatsu.tests.SanmatsuTest" time="25.93">
    <system-out><![CDATA[Current URL: https://www.alfadock-pack.com/ver10/#/home
Home page URL is correct.
Current URL: https://www.alfadock-pack.com/ver10/#/home/adsocket
adsocket page URL is correct.
Current URL: https://www.alfadock-pack.com/ver10/#/adsocket/adgrid/draw/-1
draw socket page URL is correct..
Pagination changed to 100
Screenshot saved: screenshots/SANMATSU_todayFiles_20260819_135606.png
[SANMATSU] Processing page 1...
[SANMATSU] NON YELLOW : 0022-62590SA@9.pdf | GUID = 9f43e8d6-ca42-427a-ba0b-9f5c4c818666 | filetype = 1 | modifieddate = 08/19/2026 08:25:00 | attribute = 0
[SANMATSU] YELLOW : 0022-62590SA.pdf | GUID = fec3f3c8-26d2-4970-ac9b-735acea7f388 | filetype = 1 | modifieddate = 08/19/2026 08:25:00 | attribute = 1
[SANMATSU] NON YELLOW : 57533-8242B-KOUNYU@G.pdf | GUID = 6cd3ae30-2ee9-4884-9bdb-26ff1d066bcf | filetype = 1 | modifieddate = 08/19/2026 08:25:00 | attribute = 0
[SANMATSU] YELLOW : 9803-1360-01@1.pdf | GUID = ccea226a-f999-4fa2-8567-036e0c2bace9 | filetype = 1 | modifieddate = 08/19/2026 08:15:00 | attribute = 1
[SANMATSU] YELLOW : 9803-1360-01.pdf | GUID = a2835c08-5c5f-48db-a7e3-36b4008474a7 | filetype = 1 | modifieddate = 08/19/2026 08:15:00 | attribute = 1
[SANMATSU] YELLOW : 5010-805189-11.pdf | GUID = d7b281c2-3285-4ac2-84fd-b4c6365aef41 | filetype = 1 | modifieddate = 08/19/2026 08:15:00 | attribute = 1
[SANMATSU] YELLOW : 5010-805189-11@1.pdf | GUID = 12e1bc46-8ceb-432b-a626-c586a1d2fb35 | filetype = 1 | modifieddate = 08/19/2026 08:15:00 | attribute = 1
[SANMATSU] YELLOW : 310-0167-A@1.pdf | GUID = 2f26cb12-c90c-41d4-9614-5bd25395382f | filetype = 1 | modifieddate = 08/19/2026 08:03:00 | attribute = 1
[SANMATSU] YELLOW : 5010-656635-11.pdf | GUID = bbe84e7b-65d0-4fda-9350-647a3da6cf9f | filetype = 1 | modifieddate = 08/19/2026 08:03:00 | attribute = 1
[SANMATSU] YELLOW : 00203AA.pdf | GUID = 04a29021-19c7-42e7-82ac-8c2ef854a6db | filetype = 1 | modifieddate = 08/19/2026 08:02:00 | attribute = 1
[SANMATSU] YELLOW : 11095372-11.pdf | GUID = 5a7958da-ca8d-41d1-97e4-d3f831823453 | filetype = 1 | modifieddate = 08/19/2026 07:51:00 | attribute = 1
[SANMATSU] YELLOW : 9803-1359-01.pdf | GUID = 2c140fc7-1db4-482f-a088-93aeda879eaf | filetype = 1 | modifieddate = 08/19/2026 07:51:00 | attribute = 1
[SANMATSU] YELLOW : 9803-1359-01@1.pdf | GUID = 6c156452-c04c-4c21-9a84-21b7f5076bb3 | filetype = 1 | modifieddate = 08/19/2026 07:51:00 | attribute = 1
[SANMATSU] YELLOW : 11095372-11@1.pdf | GUID = ec33d730-8f32-44e9-a59a-e4935a021f5f | filetype = 1 | modifieddate = 08/19/2026 07:51:00 | attribute = 1
[SANMATSU] YELLOW : 11091521-87@9.pdf | GUID = 307381cb-7b40-48c3-ad3e-274cceddc91f | filetype = 1 | modifieddate = 08/19/2026 07:40:00 | attribute = 1
[SANMATSU] YELLOW : 3B10-632758-11@1.pdf | GUID = a6726691-fee3-4154-995d-2dc1efebfd5e | filetype = 1 | modifieddate = 08/19/2026 07:40:00 | attribute = 1
[SANMATSU] YELLOW : 11091522-24@9.pdf | GUID = 36b431a1-3bf3-4524-bbf1-bb5974a0aa88 | filetype = 1 | modifieddate = 08/19/2026 07:40:00 | attribute = 1
[SANMATSU] YELLOW : 3B10-632758-11.pdf | GUID = fdbabba8-66be-42f3-a2c7-284f9f6fca67 | filetype = 1 | modifieddate = 08/19/2026 07:40:00 | attribute = 1
[SANMATSU] YELLOW : 11091521-87@1.pdf | GUID = faed6564-af37-4ad1-ba71-89854beedf32 | filetype = 1 | modifieddate = 08/19/2026 07:40:00 | attribute = 1
[SANMATSU] YELLOW : 11091522-24@1.pdf | GUID = 813f2001-1dfe-4e29-8da9-a303cad8b126 | filetype = 1 | modifieddate = 08/19/2026 07:40:00 | attribute = 1
[SANMATSU] YELLOW : 60353-7282A+.pdf | GUID = 444c5432-b0ca-42df-8be4-6e9065ff9f66 | filetype = 1 | modifieddate = 08/19/2026 07:29:00 | attribute = 1
[SANMATSU] NON YELLOW : AB024-MSK@G.pdf | GUID = 26040595-2ab5-44bc-8875-0a9b79c18529 | filetype = 1 | modifieddate = 08/19/2026 07:28:00 | attribute = 0
[SANMATSU] YELLOW : 60353-7282A+@1.pdf | GUID = d40e587d-677b-4289-8b08-fd061c884015 | filetype = 1 | modifieddate = 08/19/2026 07:28:00 | attribute = 1
[SANMATSU] YELLOW : KCN-425B-019-0@1.pdf | GUID = c43d43f5-525b-46ad-a8fd-edb098743b7b | filetype = 1 | modifieddate = 08/19/2026 07:28:00 | attribute = 1
[SANMATSU] YELLOW : 00217AA@1.pdf | GUID = 225d39fe-ff8b-4669-87d1-d1ef9e928c23 | filetype = 1 | modifieddate = 08/19/2026 07:28:00 | attribute = 1
[SANMATSU] YELLOW : 27AAC518.pdf | GUID = aa025ee4-74fe-40aa-aac1-263af51f2940 | filetype = 1 | modifieddate = 08/19/2026 07:18:00 | attribute = 1
[SANMATSU] YELLOW : KCN-425B-023-0.pdf | GUID = 695cf54f-5301-4b11-ab7b-7e3547f5aafe | filetype = 1 | modifieddate = 08/19/2026 07:18:00 | attribute = 1
[SANMATSU] YELLOW : 00214AB.pdf | GUID = 764597d1-1663-42e1-b4e6-590a379d9a85 | filetype = 1 | modifieddate = 08/19/2026 07:18:00 | attribute = 1
[SANMATSU] YELLOW : 27AAC518@9.pdf | GUID = 2955f2ae-35e8-40fd-804d-afe5d1c5c8db | filetype = 1 | modifieddate = 08/19/2026 07:18:00 | attribute = 1
[SANMATSU] YELLOW : KCN-425B-023-0@1.pdf | GUID = d09f4d80-84d7-48f1-bf9f-44f4c7874999 | filetype = 1 | modifieddate = 08/19/2026 07:18:00 | attribute = 1
[SANMATSU] YELLOW : 11095372-12@1.pdf | GUID = 7ad767fe-e652-44d3-90ba-c4690f240bac | filetype = 1 | modifieddate = 08/19/2026 07:18:00 | attribute = 1
[SANMATSU] YELLOW : 27AAC518@1.pdf | GUID = 39bd76da-78d4-40d2-99f5-61e20703a7e9 | filetype = 1 | modifieddate = 08/19/2026 07:17:00 | attribute = 1
[SANMATSU] YELLOW : 11095372-12.pdf | GUID = e5ded664-528a-4ea0-980c-8c18137a971b | filetype = 1 | modifieddate = 08/19/2026 07:17:00 | attribute = 1
[SANMATSU] YELLOW : 00214AB@1.pdf | GUID = 0dc428b5-c2ca-4609-b325-882ed9b99307 | filetype = 1 | modifieddate = 08/19/2026 07:07:00 | attribute = 1
[SANMATSU] YELLOW : 27AAC517@1.pdf | GUID = 8ae26f21-4154-4fae-ba23-27878826d477 | filetype = 1 | modifieddate = 08/19/2026 07:07:00 | attribute = 1
[SANMATSU] YELLOW : DEL_00214AB.pdf | GUID = a2b76e48-c216-49b0-8bfa-93cf62f2d35e | filetype = 1 | modifieddate = 08/19/2026 07:07:00 | attribute = 1
[SANMATSU] YELLOW : 27AAC517.pdf | GUID = 285856db-d156-402a-a760-dd400f1d1133 | filetype = 1 | modifieddate = 08/19/2026 07:07:00 | attribute = 1
[SANMATSU] YELLOW : 27AAC517@9.pdf | GUID = f82dd03e-f42e-431e-b314-aa968344fbf5 | filetype = 1 | modifieddate = 08/19/2026 07:07:00 | attribute = 1
[SANMATSU] YELLOW : GB30206H0437-1@1.pdf | GUID = 1214c662-8cad-4299-8450-3696b3901715 | filetype = 1 | modifieddate = 08/19/2026 07:07:00 | attribute = 1
[SANMATSU] YELLOW : 5010-753493-11@9.pdf | GUID = ea8b5a23-39c6-4dbe-9885-4b0102402980 | filetype = 1 | modifieddate = 08/19/2026 07:05:00 | attribute = 1
[SANMATSU] YELLOW : KCN-425B-026-0.pdf | GUID = 1e5d9979-8b17-4185-a79b-88dfa956afde | filetype = 1 | modifieddate = 08/19/2026 07:05:00 | attribute = 1
[SANMATSU] YELLOW : 00214AB@9.pdf | GUID = 8bbdd8ff-0daf-4555-946e-c3161761512e | filetype = 1 | modifieddate = 08/19/2026 07:05:00 | attribute = 1
[SANMATSU] YELLOW : KCN-425B-026-0@1.pdf | GUID = d03118ed-6843-404b-9160-17f65d824072 | filetype = 1 | modifieddate = 08/19/2026 07:05:00 | attribute = 1
[SANMATSU] YELLOW : 00214AA.pdf | GUID = 9ca3c03a-e03e-4635-9dd6-3c5592eb9508 | filetype = 1 | modifieddate = 08/19/2026 06:54:00 | attribute = 1
[SANMATSU] YELLOW : KCN-425B-019-0.pdf | GUID = e7d8480a-3b90-4ca1-a1e9-f5f55a44f745 | filetype = 1 | modifieddate = 08/19/2026 06:43:00 | attribute = 1
[SANMATSU] YELLOW : KCN-425B-006-0.pdf | GUID = 818c2d93-de52-4025-9dec-6177dededf95 | filetype = 1 | modifieddate = 08/19/2026 06:31:00 | attribute = 1
[SANMATSU] YELLOW : KCN-425B-006-0@1.pdf | GUID = 6c8987ae-3523-49ab-81ef-5097ab13b4ca | filetype = 1 | modifieddate = 08/19/2026 06:31:00 | attribute = 1
[SANMATSU] YELLOW : 00221AA.pdf | GUID = 6b274cfe-08af-429b-a457-423eda90800a | filetype = 1 | modifieddate = 08/19/2026 06:31:00 | attribute = 1
[SANMATSU] YELLOW : 5010-577153-12@9.pdf | GUID = 7fc9434d-649e-44b3-a387-f8aa9677fe74 | filetype = 1 | modifieddate = 08/19/2026 06:20:00 | attribute = 1
[SANMATSU] YELLOW : 5010-577153-12.pdf | GUID = b24bad65-5bf1-4e85-bbd6-a24bc65ec5f4 | filetype = 1 | modifieddate = 08/19/2026 06:19:00 | attribute = 1
[SANMATSU] YELLOW : JTS-N01-003-00.pdf | GUID = f01d1936-b4f3-49fd-9c3d-af64b07b0d02 | filetype = 1 | modifieddate = 08/19/2026 06:09:00 | attribute = 1
[SANMATSU] YELLOW : JTS-N01-003-00@1.pdf | GUID = b137fca1-cc9e-4486-8177-57ebf194d3d8 | filetype = 1 | modifieddate = 08/19/2026 06:09:00 | attribute = 1
[SANMATSU] YELLOW : 3B10-502480-12@P.pdf | GUID = b7b45ee6-60c4-459b-9e33-b0dacff0dd1a | filetype = 1 | modifieddate = 08/19/2026 06:08:00 | attribute = 1
[SANMATSU] YELLOW : LASY-010000-00.pdf | GUID = 0e5b5a05-4757-441b-b6fc-0eccbbaaaf15 | filetype = 1 | modifieddate = 08/19/2026 05:57:00 | attribute = 1
[SANMATSU] YELLOW : LASY-010000-00@1.pdf | GUID = 3fc21a45-b222-4a78-846e-394dec2c1bfb | filetype = 1 | modifieddate = 08/19/2026 05:57:00 | attribute = 1
[SANMATSU] YELLOW : 5010-656635-11@1.pdf | GUID = a2b42b99-e9b4-4a9a-acda-d0585be1d55e | filetype = 1 | modifieddate = 08/19/2026 05:57:00 | attribute = 1
[SANMATSU] YELLOW : 60361-4868A-IN.pdf | GUID = 58229d9c-e468-4858-a86d-0e38351d7f2b | filetype = 1 | modifieddate = 08/19/2026 05:57:00 | attribute = 1
[SANMATSU] YELLOW : 60353-7282A.pdf | GUID = 9097f61a-83a1-4d0e-a011-0f2c00d509f0 | filetype = 1 | modifieddate = 08/19/2026 05:35:00 | attribute = 1
[SANMATSU] YELLOW : KCN-425B-029-0@1.pdf | GUID = 0b865868-f0c9-4925-ae7c-82aae99acdfa | filetype = 1 | modifieddate = 08/19/2026 05:35:00 | attribute = 1
[SANMATSU] YELLOW : KCN-425B-029-0.pdf | GUID = 3c03a820-4501-4292-bf52-1e4afc02fcc8 | filetype = 1 | modifieddate = 08/19/2026 05:35:00 | attribute = 1
[SANMATSU] YELLOW : 11095372-05.pdf | GUID = da80cadd-af13-45b7-9923-9711ceabf52d | filetype = 1 | modifieddate = 08/19/2026 05:14:00 | attribute = 1
[SANMATSU] YELLOW : 11095372-05@1.pdf | GUID = 7752d561-d345-4060-94ed-d98b9e445e4c | filetype = 1 | modifieddate = 08/19/2026 05:14:00 | attribute = 1
[SANMATSU] YELLOW : 00239AA.pdf | GUID = 166c4e20-c93b-4980-9976-f621d7a34bc7 | filetype = 1 | modifieddate = 08/19/2026 05:13:00 | attribute = 1
[SANMATSU] YELLOW : 3B10-583894-11.pdf | GUID = a11082a7-f6cf-40cc-a15d-79a27745f207 | filetype = 1 | modifieddate = 08/19/2026 05:13:00 | attribute = 1
[SANMATSU] YELLOW : tf008-10-009b.pdf | GUID = 24672338-1e3c-45bc-b9ef-911d94b290da | filetype = 1 | modifieddate = 08/19/2026 05:13:00 | attribute = 1
[SANMATSU] YELLOW : 3B10-583895-11.pdf | GUID = 120cdcb4-5896-4abc-a2fc-74613f48a994 | filetype = 1 | modifieddate = 08/19/2026 05:13:00 | attribute = 1
[SANMATSU] YELLOW : 1408039-01@9.pdf | GUID = 7c0db818-3e6b-44c3-8464-88ec2bcfea8d | filetype = 1 | modifieddate = 08/19/2026 05:01:00 | attribute = 1
[SANMATSU] YELLOW : 1408039-01@P.pdf | GUID = 50296654-6031-4f07-bbfd-224cadc5b2cc | filetype = 1 | modifieddate = 08/19/2026 05:01:00 | attribute = 1
[SANMATSU] YELLOW : LASY-010002-00@1.pdf | GUID = 885ee6fd-9cc3-44a1-8e8e-4a24e5db737c | filetype = 1 | modifieddate = 08/19/2026 04:50:00 | attribute = 1
[SANMATSU] NON YELLOW : 2S10-508786-11@G.pdf | GUID = 1e58a9f7-8378-4a5f-bff9-1971b609f02f | filetype = 1 | modifieddate = 08/19/2026 04:49:00 | attribute = 0
[SANMATSU] YELLOW : LASY-010002-00.pdf | GUID = 71fc3556-3c21-45e2-b8f1-967819d9b99c | filetype = 1 | modifieddate = 08/19/2026 04:49:00 | attribute = 1
[SANMATSU] NON YELLOW : 2S10-508788-11@G.pdf | GUID = aef41d71-aa39-4255-a59f-45f41889f5b0 | filetype = 1 | modifieddate = 08/19/2026 04:49:00 | attribute = 0
[SANMATSU] YELLOW : KCN-425B-009-0@1.pdf | GUID = 843ef0ec-4522-43e1-9fcf-5d802a2eab2e | filetype = 1 | modifieddate = 08/19/2026 04:49:00 | attribute = 1
[SANMATSU] YELLOW : 0043-25613SA+@1.pdf | GUID = 9a6c02aa-7f26-4ce1-966c-5c673f4f07fb | filetype = 1 | modifieddate = 08/19/2026 04:39:00 | attribute = 1
[SANMATSU] YELLOW : 0043-25613SA+.pdf | GUID = b8d0d487-d286-44e3-b614-a6fa8681f7e4 | filetype = 1 | modifieddate = 08/19/2026 04:39:00 | attribute = 1
[SANMATSU] YELLOW : 0043-25613SA+@9.pdf | GUID = 1d427e6a-b7d4-465d-bd6a-d9f4fac3749d | filetype = 1 | modifieddate = 08/19/2026 04:39:00 | attribute = 1
[SANMATSU] YELLOW : 00119AA.pdf | GUID = 40c20fc3-c722-4ed4-9632-92a190d98a70 | filetype = 1 | modifieddate = 08/19/2026 04:39:00 | attribute = 1
[SANMATSU] YELLOW : 00119AA@1.pdf | GUID = ba05edb2-e647-4fb7-b9b1-1578957636e2 | filetype = 1 | modifieddate = 08/19/2026 04:39:00 | attribute = 1
[SANMATSU] YELLOW : Y-B-29326@9.pdf | GUID = 277912f2-7507-4c8e-aea2-9c63b1f3fc26 | filetype = 1 | modifieddate = 08/19/2026 04:27:00 | attribute = 1
[SANMATSU] YELLOW : 11095372-04@1.pdf | GUID = ccb27a40-14f7-43e4-8698-6a3a95663243 | filetype = 1 | modifieddate = 08/19/2026 04:27:00 | attribute = 1
[SANMATSU] YELLOW : LCST-010058-00@1.pdf | GUID = 60c70e17-378e-41d2-a0dc-9b6224e0c7d1 | filetype = 1 | modifieddate = 08/19/2026 04:27:00 | attribute = 1
[SANMATSU] YELLOW : 11095372-04.pdf | GUID = 8d8f63dd-4a8f-4391-bed1-ec2fa4d664a7 | filetype = 1 | modifieddate = 08/19/2026 04:27:00 | attribute = 1
[SANMATSU] YELLOW : Y-B-29326@1.pdf | GUID = 38e1780b-5e05-4f42-bd1a-77dc85832766 | filetype = 1 | modifieddate = 08/19/2026 04:26:00 | attribute = 1
[SANMATSU] YELLOW : LCST-010058-00.pdf | GUID = 087d19a0-79f0-47c9-adb9-260bdf81b7fc | filetype = 1 | modifieddate = 08/19/2026 04:26:00 | attribute = 1
[SANMATSU] YELLOW : 5010-797494-11@1.pdf | GUID = f04f9a7c-c19f-4a38-ab79-cf1dad369839 | filetype = 1 | modifieddate = 08/19/2026 04:15:00 | attribute = 1
[SANMATSU] YELLOW : 5010-672382-12.pdf | GUID = c2bfa26e-323d-4052-8b03-9f4f20dd6836 | filetype = 1 | modifieddate = 08/19/2026 04:14:00 | attribute = 1
[SANMATSU] YELLOW : 5010-672382-12@1.pdf | GUID = 5194e9e4-57b6-4c31-ac43-a21a860fac4a | filetype = 1 | modifieddate = 08/19/2026 04:14:00 | attribute = 1
[SANMATSU] YELLOW : KCN-425B-024-0.pdf | GUID = f5c72c2f-e032-45bf-9b36-7e854256c9a4 | filetype = 1 | modifieddate = 08/19/2026 04:05:00 | attribute = 1
[SANMATSU] YELLOW : KCN-425B-024-0@1.pdf | GUID = d015032a-3b81-4a2b-becf-d9df968fa5c1 | filetype = 1 | modifieddate = 08/19/2026 04:05:00 | attribute = 1
[SANMATSU] NON YELLOW : CT10-038912-11@G.pdf | GUID = 5fe95903-1c98-465e-ba68-d18e096a710b | filetype = 1 | modifieddate = 08/19/2026 04:04:00 | attribute = 0
[SANMATSU] YELLOW : 3B10-587594-11@1.pdf | GUID = c1dae6aa-251f-48fc-9fcb-06c61ded4267 | filetype = 1 | modifieddate = 08/19/2026 03:53:00 | attribute = 1
[SANMATSU] YELLOW : KCN-425B-009-0.pdf | GUID = 28cb2fca-d215-45a5-983f-df0faed2ad3c | filetype = 1 | modifieddate = 08/19/2026 03:53:00 | attribute = 1
[SANMATSU] YELLOW : 3B10-587594-11.pdf | GUID = 9bd8d1a2-d3c2-4833-9df5-32b42181f405 | filetype = 1 | modifieddate = 08/19/2026 03:52:00 | attribute = 1
[SANMATSU] YELLOW : 5010-791174-11.pdf | GUID = 5a9b6ed9-6328-40d8-832f-8c9ff12f1339 | filetype = 1 | modifieddate = 08/19/2026 03:52:00 | attribute = 1
[SANMATSU] YELLOW : 3B10-579234-11.pdf | GUID = 191751c1-406d-4f15-81cc-47a94715338b | filetype = 1 | modifieddate = 08/19/2026 03:38:00 | attribute = 1
[SANMATSU] YELLOW : 3B10-579234-11@1.pdf | GUID = 75c0f813-ef54-4d06-8a62-633c2bb59293 | filetype = 1 | modifieddate = 08/19/2026 03:38:00 | attribute = 1
[SANMATSU] YELLOW : 5010-757191-11@1.pdf | GUID = d161fd69-6542-4001-b8e7-1bddf9281961 | filetype = 1 | modifieddate = 08/19/2026 03:04:00 | attribute = 1
[SANMATSU] YELLOW : 5010-757191-11.pdf | GUID = efc6827d-78a6-4cd3-ad74-eb1ff26093e1 | filetype = 1 | modifieddate = 08/19/2026 03:04:00 | attribute = 1
[SANMATSU] YELLOW : 5010-723491-12.pdf | GUID = 48ab560b-c541-4cbd-b094-95f448c17a91 | filetype = 1 | modifieddate = 08/19/2026 03:04:00 | attribute = 1
[SANMATSU] YELLOW : 5010-723491-12@1.pdf | GUID = 33fb14f5-a3e9-43c9-aeed-c3618c4aa9f4 | filetype = 1 | modifieddate = 08/19/2026 03:04:00 | attribute = 1

========================================
        SANMATSU - TODAY
========================================
Today's India Date       : 2026-08-19
Total File Count         : 100
Yellow Icon Files        : 94
Non Yellow Icon Files    : 6
Yellow + Non Yellow      : 100
========================================
[SANMATSU] Page 1 total records: 100, valid today's files: 100
[SANMATSU] All 100 records on previous page were valid today's files.
[SANMATSU] Moving to page 2...
[SANMATSU] Processing page 2...
[SANMATSU] YELLOW : 00117AA.pdf | GUID = 2a693d42-d6cf-473b-89b1-45426aa8426b | filetype = 1 | modifieddate = 08/19/2026 03:04:00 | attribute = 1
[SANMATSU] YELLOW : 00117AA@1.pdf | GUID = 66b94b33-c6fd-47e7-9548-8b3347e83ef7 | filetype = 1 | modifieddate = 08/19/2026 03:04:00 | attribute = 1
[SANMATSU] YELLOW : 11095372-10.pdf | GUID = 504ee442-10d3-4a7c-b00f-5ef0fb9b51cc | filetype = 1 | modifieddate = 08/19/2026 02:51:00 | attribute = 1
[SANMATSU] YELLOW : 11095372-10@1.pdf | GUID = 1d567aea-60ab-41d4-bb0f-fa4024c76a07 | filetype = 1 | modifieddate = 08/19/2026 02:51:00 | attribute = 1
[SANMATSU] YELLOW : 5010-804975-11@9.pdf | GUID = 13571915-372a-4070-bf31-67a0814c319e | filetype = 1 | modifieddate = 08/19/2026 02:41:00 | attribute = 1
[SANMATSU] YELLOW : 5010-804975-11.pdf | GUID = 758b2607-c2c8-4a95-a2af-c21ce89bbbc7 | filetype = 1 | modifieddate = 08/19/2026 02:41:00 | attribute = 1
[SANMATSU] YELLOW : 5010-695169-11@1.pdf | GUID = eb2759ed-07bc-4432-9563-5e4f15470f53 | filetype = 1 | modifieddate = 08/19/2026 02:41:00 | attribute = 1
[SANMATSU] YELLOW : 5010-695169-11.pdf | GUID = d9f30418-7058-40c4-a3a9-0305f057eaa7 | filetype = 1 | modifieddate = 08/19/2026 02:41:00 | attribute = 1
[SANMATSU] YELLOW : 5010-804975-11@1.pdf | GUID = b440a126-145f-46a0-bee8-dbd3c4a7e741 | filetype = 1 | modifieddate = 08/19/2026 02:41:00 | attribute = 1
[SANMATSU] YELLOW : 5010-678559-11.pdf | GUID = 4b572499-ffc7-4de9-ac37-cba741575ef5 | filetype = 1 | modifieddate = 08/19/2026 02:41:00 | attribute = 1
[SANMATSU] YELLOW : 465290A@9.pdf | GUID = 8406ab97-614c-4a61-9d32-34d09264fd81 | filetype = 1 | modifieddate = 08/19/2026 02:41:00 | attribute = 1
[SANMATSU] YELLOW : 465290a.pdf | GUID = 4395d597-f79e-48f6-9915-61731e8aa604 | filetype = 1 | modifieddate = 08/19/2026 02:41:00 | attribute = 1
[SANMATSU] YELLOW : 00116AA@1.pdf | GUID = 617e820d-1941-4b8b-95d1-5476a2defd56 | filetype = 1 | modifieddate = 08/19/2026 02:41:00 | attribute = 1
[SANMATSU] YELLOW : 5010-678559-11@1.pdf | GUID = 3846e333-f461-4f77-ae5e-d13f980454a7 | filetype = 1 | modifieddate = 08/19/2026 02:41:00 | attribute = 1
[SANMATSU] YELLOW : 00116AA.pdf | GUID = a6a3de51-f8d8-4086-84da-974811f9f430 | filetype = 1 | modifieddate = 08/19/2026 02:41:00 | attribute = 1
[SANMATSU] YELLOW : LTWX-010087-00.pdf | GUID = 43ec31b7-6f29-4323-912f-6e3babdb5a27 | filetype = 1 | modifieddate = 08/19/2026 02:27:00 | attribute = 1
[SANMATSU] YELLOW : 5010-676020-11@1.pdf | GUID = ed98bf99-d061-4e22-9133-85bb5ecb9b85 | filetype = 1 | modifieddate = 08/19/2026 02:27:00 | attribute = 1
[SANMATSU] YELLOW : LTWX-010087-00@1.pdf | GUID = 254030f3-7735-4a99-93d5-ce09dabf7a5f | filetype = 1 | modifieddate = 08/19/2026 02:27:00 | attribute = 1
[SANMATSU] YELLOW : 5010-676020-11.pdf | GUID = 352a3eca-9b60-4f96-8c11-9791f03efb7b | filetype = 1 | modifieddate = 08/19/2026 02:27:00 | attribute = 1
[SANMATSU] NON YELLOW : TF020-MSK@G.pdf | GUID = b6262d9c-8e27-41f7-9792-89286024e364 | filetype = 1 | modifieddate = 08/19/2026 02:26:00 | attribute = 0
[SANMATSU] NON YELLOW : AB026-ESK@G.pdf | GUID = 295f381e-e7fa-4c72-8fa7-2893ff920cd7 | filetype = 1 | modifieddate = 08/19/2026 02:26:00 | attribute = 0
[SANMATSU] YELLOW : LTWX-010086-00@1.pdf | GUID = fda58174-992f-4778-85b0-da5b2e244398 | filetype = 1 | modifieddate = 08/19/2026 02:15:00 | attribute = 1
[SANMATSU] YELLOW : 3B10-591575-11.pdf | GUID = 19772302-47e7-4f02-847c-a311296d2902 | filetype = 1 | modifieddate = 08/19/2026 02:15:00 | attribute = 1
[SANMATSU] YELLOW : 3B10-591575-11@1.pdf | GUID = 0f0ca2a2-f58f-404d-95e4-83428a4d411b | filetype = 1 | modifieddate = 08/19/2026 02:15:00 | attribute = 1
[SANMATSU] YELLOW : LTWX-010086-00.pdf | GUID = da1f6375-d7f5-44cf-a64a-4ef99ab749e7 | filetype = 1 | modifieddate = 08/19/2026 02:15:00 | attribute = 1
[SANMATSU] YELLOW : 11095372-06@1.pdf | GUID = cf3d2368-0a60-4581-9415-d521cebfbe70 | filetype = 1 | modifieddate = 08/19/2026 02:02:00 | attribute = 1
[SANMATSU] YELLOW : LASY-010005-00.pdf | GUID = 2d501e61-7cb3-4702-9878-a093fc2ad866 | filetype = 1 | modifieddate = 08/19/2026 02:02:00 | attribute = 1
[SANMATSU] YELLOW : LASY-010005-00@1.pdf | GUID = 25e8cc79-8ab2-4e6d-ae10-8a2fc62488cf | filetype = 1 | modifieddate = 08/19/2026 02:02:00 | attribute = 1
[SANMATSU] YELLOW : 5010-616145-13@1.pdf | GUID = 30d27656-eac3-44bf-899d-4935bf02cee1 | filetype = 1 | modifieddate = 08/19/2026 02:01:00 | attribute = 1
[SANMATSU] YELLOW : 11095372-06.pdf | GUID = 2c30f228-5105-4de8-9d6e-ad34d0d92f3c | filetype = 1 | modifieddate = 08/19/2026 02:01:00 | attribute = 1
[SANMATSU] YELLOW : 5010-616145-13.pdf | GUID = 1cb2befc-89ca-4aef-8a57-cdb07295880f | filetype = 1 | modifieddate = 08/19/2026 02:01:00 | attribute = 1
[SANMATSU] YELLOW : 00115AA.pdf | GUID = ff9b78a8-424b-4e71-8864-763a88216b0c | filetype = 1 | modifieddate = 08/19/2026 02:01:00 | attribute = 1
[SANMATSU] YELLOW : 5010-677313-11.pdf | GUID = 2f39241e-f061-4c3c-aed5-13c98d240f2e | filetype = 1 | modifieddate = 08/19/2026 01:50:00 | attribute = 1
[SANMATSU] YELLOW : 5010-677313-11@1.pdf | GUID = c165c254-d3d2-4eb9-9c9f-7e4330aaff29 | filetype = 1 | modifieddate = 08/19/2026 01:50:00 | attribute = 1
[SANMATSU] YELLOW : LWYH-010017-00.pdf | GUID = 06901120-3582-4afc-bb15-2a1bd0b57cd1 | filetype = 1 | modifieddate = 08/19/2026 01:50:00 | attribute = 1
[SANMATSU] NON YELLOW : 1B10-459380-11@G.pdf | GUID = db3ff939-1a41-491f-865e-73a7568184d3 | filetype = 1 | modifieddate = 08/19/2026 01:49:00 | attribute = 0
[SANMATSU] YELLOW : LZNB-280002-00@1.pdf | GUID = 34ef61ad-140d-4748-9648-99d6cb858216 | filetype = 1 | modifieddate = 08/19/2026 01:49:00 | attribute = 1
[SANMATSU] YELLOW : LWYH-010017-00@1.pdf | GUID = fb0fd246-243c-40fe-9489-13d6fb90b7a6 | filetype = 1 | modifieddate = 08/19/2026 01:49:00 | attribute = 1
[SANMATSU] YELLOW : LZNB-280002-00.pdf | GUID = c471affc-4b48-46cd-b141-9457480a4c0b | filetype = 1 | modifieddate = 08/19/2026 01:49:00 | attribute = 1
[SANMATSU] YELLOW : 00115AA@1.pdf | GUID = ae0dc2c4-7dc4-4a62-8837-5ef2789557a3 | filetype = 1 | modifieddate = 08/19/2026 01:49:00 | attribute = 1
[SANMATSU] YELLOW : 5010-555273-13.pdf | GUID = bb06708e-af77-44fb-accc-4f063669cd0c | filetype = 1 | modifieddate = 08/19/2026 01:49:00 | attribute = 1
[SANMATSU] YELLOW : AB017-011-003A@1.pdf | GUID = 76f4acb7-2261-481c-89a3-88fe64df495f | filetype = 1 | modifieddate = 08/19/2026 01:38:00 | attribute = 1
[SANMATSU] YELLOW : LATU-281140-00@1.pdf | GUID = 4283d37d-74d2-4578-8642-0615a4712e22 | filetype = 1 | modifieddate = 08/19/2026 01:38:00 | attribute = 1
[SANMATSU] YELLOW : LCST-010056-00@1.pdf | GUID = 72ed29ed-23d4-4b63-87b3-4e8c4f0bb9ef | filetype = 1 | modifieddate = 08/19/2026 01:25:00 | attribute = 1
[SANMATSU] YELLOW : LCST-010056-00.pdf | GUID = 66f05add-2df7-4ebc-baf2-65ef850ee516 | filetype = 1 | modifieddate = 08/19/2026 01:25:00 | attribute = 1
[SANMATSU] YELLOW : 11091572-24.pdf | GUID = 23e0af90-d5f4-4be5-b708-ad8ed260bcbe | filetype = 1 | modifieddate = 08/19/2026 01:25:00 | attribute = 1
[SANMATSU] YELLOW : 5010-801918-11@1.pdf | GUID = 439ac56f-a7f4-4c75-b28f-11e69ca5f4ad | filetype = 1 | modifieddate = 08/19/2026 01:25:00 | attribute = 1
[SANMATSU] YELLOW : 11091572-24@1.pdf | GUID = 89ea1694-8809-4e1a-bbf9-9fe33c3ada97 | filetype = 1 | modifieddate = 08/19/2026 01:24:00 | attribute = 1
[SANMATSU] YELLOW : 00147AA@1.pdf | GUID = 32a69751-0709-4531-8469-2fd2fa3ff91e | filetype = 1 | modifieddate = 08/19/2026 01:24:00 | attribute = 1
[SANMATSU] YELLOW : 11091572-23.pdf | GUID = c9ee012e-ba96-4e3d-90cf-421d4a8726a7 | filetype = 1 | modifieddate = 08/19/2026 01:17:00 | attribute = 1
[SANMATSU] YELLOW : 5010-674603-11@1.pdf | GUID = 7a888ee1-4da4-4d08-8b8f-1a8f1ae436b5 | filetype = 1 | modifieddate = 08/19/2026 01:17:00 | attribute = 1
[SANMATSU] YELLOW : 5010-674603-11.pdf | GUID = 1ce382ec-d408-4bdd-9628-78b095ac4085 | filetype = 1 | modifieddate = 08/19/2026 01:17:00 | attribute = 1
[SANMATSU] YELLOW : 11091572-23@1.pdf | GUID = 1a259a5c-3e57-478e-950b-a01b60fafdc0 | filetype = 1 | modifieddate = 08/19/2026 01:17:00 | attribute = 1
[SANMATSU] NON YELLOW : AB017-ESK@G.pdf | GUID = 9f5c70c7-a384-4295-a1f7-1c88d830dd37 | filetype = 1 | modifieddate = 08/19/2026 01:16:00 | attribute = 0
[SANMATSU] YELLOW : MSKP5K-IP01W@1.pdf | GUID = 24c5f618-cdf7-4457-ac3e-8fb14dc27ed9 | filetype = 1 | modifieddate = 08/19/2026 01:00:00 | attribute = 1
[SANMATSU] YELLOW : 5010-555273-13@1.pdf | GUID = da02780c-ecec-431a-8147-b879d7c0f10c | filetype = 1 | modifieddate = 08/19/2026 01:00:00 | attribute = 1
[SANMATSU] YELLOW : MSKP5K-IP02W@1.pdf | GUID = b8c29038-4868-4f27-af8a-fc92907dbf09 | filetype = 1 | modifieddate = 08/19/2026 01:00:00 | attribute = 1
[SANMATSU] YELLOW : SU-986009CE-1@1.pdf | GUID = 3ad8112d-31c9-40d3-9ebf-5844aa1da6ff | filetype = 1 | modifieddate = 08/19/2026 01:00:00 | attribute = 1
[SANMATSU] YELLOW : 00219AA@1.pdf | GUID = c3254bf7-5c37-4325-a532-77c210f5e423 | filetype = 1 | modifieddate = 08/19/2026 01:00:00 | attribute = 1
[SANMATSU] YELLOW : 5010-677986-11@1.pdf | GUID = be763804-8dc1-47c0-9ffd-6a4d36f760a6 | filetype = 1 | modifieddate = 08/19/2026 00:44:00 | attribute = 1
[SANMATSU] YELLOW : 5010-677986-11.pdf | GUID = 608fb669-a633-47d0-8e21-ff2e42a133ac | filetype = 1 | modifieddate = 08/19/2026 00:44:00 | attribute = 1
[SANMATSU] YELLOW : 11095372-02.pdf | GUID = dc4935c7-6b41-4559-bbf5-a91065f0249d | filetype = 1 | modifieddate = 08/19/2026 00:30:00 | attribute = 1
[SANMATSU] YELLOW : 60361-4869B.pdf | GUID = f566ff2e-69d0-4311-adee-4ce0425dcf82 | filetype = 1 | modifieddate = 08/19/2026 00:30:00 | attribute = 1
[SANMATSU] YELLOW : 60361-4869B@9.pdf | GUID = 5cd1c50e-6ce1-409c-9d81-580eb940cc07 | filetype = 1 | modifieddate = 08/19/2026 00:30:00 | attribute = 1
[SANMATSU] YELLOW : 5010-750646-11@9.pdf | GUID = c3920f5d-a8a3-429b-9a56-ada9ae1735d9 | filetype = 1 | modifieddate = 08/19/2026 00:30:00 | attribute = 1
[SANMATSU] YELLOW : 00113AA.pdf | GUID = f2a15e29-f3f6-47c1-a563-ffed0499852c | filetype = 1 | modifieddate = 08/19/2026 00:30:00 | attribute = 1
[SANMATSU] YELLOW : 5010-750646-11.pdf | GUID = 31dc97d2-28b1-42f8-9bc6-a5d9641bbb8f | filetype = 1 | modifieddate = 08/19/2026 00:30:00 | attribute = 1
[SANMATSU] YELLOW : 11095372-02@1.pdf | GUID = 7ec8901a-0947-4d15-8f04-8ce2c24c48da | filetype = 1 | modifieddate = 08/19/2026 00:30:00 | attribute = 1
[SANMATSU] YELLOW : 00113AA@1.pdf | GUID = f085222c-c681-4ee3-9399-95b34a878ed8 | filetype = 1 | modifieddate = 08/19/2026 00:30:00 | attribute = 1
[SANMATSU] YELLOW : LWYH-010022-00.pdf | GUID = f9e58a09-dc34-4435-bb3e-ff0697ffafdd | filetype = 1 | modifieddate = 08/19/2026 00:15:00 | attribute = 1
[SANMATSU] YELLOW : LWYH-010022-00@1.pdf | GUID = 6454f9c1-44e5-4b1f-a82a-2152be430ced | filetype = 1 | modifieddate = 08/19/2026 00:15:00 | attribute = 1
[SANMATSU] YELLOW : 5010-674210-11.pdf | GUID = af53cb7f-4cc2-4ee9-8373-63c1e1a80ac2 | filetype = 1 | modifieddate = 08/19/2026 00:15:00 | attribute = 1
[SANMATSU] YELLOW : LWYH-010046-00.pdf | GUID = dd8227d6-dcd8-4b86-a7ca-101f3cae92e2 | filetype = 1 | modifieddate = 08/19/2026 00:15:00 | attribute = 1
[SANMATSU] YELLOW : 5010-674210-11@1.pdf | GUID = 193ef849-4bc3-4581-9a85-918d91e2ffe4 | filetype = 1 | modifieddate = 08/19/2026 00:15:00 | attribute = 1
[SANMATSU] YELLOW : LWYH-010046-00@1.pdf | GUID = a2b47064-6802-4680-a461-a1ea14082627 | filetype = 1 | modifieddate = 08/19/2026 00:15:00 | attribute = 1
[SANMATSU] YELLOW : LSWC-510058-01.pdf | GUID = 2048eca0-2273-4619-a897-77284e5214e8 | filetype = 1 | modifieddate = 08/19/2026 00:15:00 | attribute = 1
[SANMATSU] NON YELLOW : 26HST0313-GHB001@G.pdf | GUID = dab8c045-1b99-4a67-a43c-0532ef7ef32e | filetype = 1 | modifieddate = 08/19/2026 00:14:00 | attribute = 0
[SANMATSU] YELLOW : 60361-4869B@1.pdf | GUID = 05854d54-a65a-4d87-b969-f259abb2a4e4 | filetype = 1 | modifieddate = 08/19/2026 00:02:00 | attribute = 1
[SANMATSU] YELLOW : 2103-YUSO-00@1.pdf | GUID = caac02a7-bbc0-49c7-b9be-bd782363e50a | filetype = 1 | modifieddate = 08/18/2026 23:48:00 | attribute = 1
[SANMATSU] YELLOW : 2103-YUSO-00@9.pdf | GUID = 83afe667-2beb-4e89-a18e-d4b2fe63886e | filetype = 1 | modifieddate = 08/18/2026 23:48:00 | attribute = 1
[SANMATSU] YELLOW : 2103-YUSO-00.pdf | GUID = a7af547f-c00d-468d-b7a3-d771fe488489 | filetype = 1 | modifieddate = 08/18/2026 23:46:00 | attribute = 1
[SANMATSU] YELLOW : 050-60-001-00@9.pdf | GUID = 32c034d4-3c6c-4916-addb-7f0093a631f9 | filetype = 1 | modifieddate = 08/18/2026 23:05:00 | attribute = 1
[SANMATSU] YELLOW : 050-22-004-00.pdf | GUID = 82bddc05-caa3-4ee0-9dec-3b059abe1d00 | filetype = 1 | modifieddate = 08/18/2026 23:05:00 | attribute = 1
[SANMATSU] YELLOW : 050-22-006-00@9.pdf | GUID = ad77dfe2-9a25-4f0c-90ba-32eb8bcae145 | filetype = 1 | modifieddate = 08/18/2026 23:05:00 | attribute = 1
[SANMATSU] YELLOW : 050-22-006-00.pdf | GUID = ccb3f9a1-4fa2-4fb6-b92d-80c66b207f18 | filetype = 1 | modifieddate = 08/18/2026 23:05:00 | attribute = 1
[SANMATSU] YELLOW : 050-22-004-00@1.pdf | GUID = ebcea980-85c3-41e0-8848-f6809e78b2af | filetype = 1 | modifieddate = 08/18/2026 23:05:00 | attribute = 1
[SANMATSU] YELLOW : 050-22-006-00@1.pdf | GUID = bc8ef832-86ae-47d7-bf15-8bdcaaa5c3cc | filetype = 1 | modifieddate = 08/18/2026 23:05:00 | attribute = 1
[SANMATSU] YELLOW : 050-22-004-00@9.pdf | GUID = f7b37243-4314-4bb4-9075-6e9f89e54bbb | filetype = 1 | modifieddate = 08/18/2026 23:05:00 | attribute = 1
[SANMATSU] YELLOW : 5010-604002-11.pdf | GUID = 76766286-c214-4474-a121-c9849291ce01 | filetype = 1 | modifieddate = 08/18/2026 18:59:00 | attribute = 1

========================================
        SANMATSU - TODAY
========================================
Today's India Date       : 2026-08-19
Total File Count         : 89
Yellow Icon Files        : 84
Non Yellow Icon Files    : 5
Yellow + Non Yellow      : 89
========================================
[SANMATSU] Page 2 total records: 100, valid today's files: 89
[SANMATSU] Reached older/non-matching records on page 2 (89/100).
[SANMATSU] All today's valid files on this page have been counted.

========================================
     SANMATSU - ALL PAGES TODAY TOTAL
========================================
Today's Total File Count     : 189
Today's Yellow Icon Files    : 178
Today's No Yellow Icon Files : 11
========================================
]]></system-out>
  </testcase>
  <testcase name="validNisinoLoginTest" classname="org.nisino.tests.NisinoScanTest" time="4.065">
    <system-out><![CDATA[Context closed successfully.com.microsoft.playwright.impl.BrowserContextImpl@5965844d
Browser closed successfully.com.microsoft.playwright.impl.BrowserImpl@6f952d6c
Playwright closed successfully.com.microsoft.playwright.impl.PlaywrightImpl@4a9486c0
Browser launched successfully.com.microsoft.playwright.impl.BrowserImpl@40ee0a22
Page created successfully.com.microsoft.playwright.impl.PageImpl@67dba613
Navigated to base URL successfully.https://www.alfadock-pack.com/
Selected Language: English
Starting Company Login...
Company username entered: nisinoseikiss
Company password entered
Company login button clicked.
URL after User Login: https://www.alfadock-pack.com/userlogin.html
Waiting for User Login page...
User Login page verified.
Username entered: admin
User password entered
Login button clicked
User logged in successfully.
]]></system-out>
  </testcase>
  <testcase name="validatingScanSocketTest" classname="org.nisino.tests.NisinoScanTest" time="29.816">
    <system-out><![CDATA[HyperLink icon is not displayed.
Clicking hyperlink icon
hyperlink icon clicked successfully
Current URL: https://www.alfadock-pack.com/ver10/#/home/adsocket
adsocket page URL is correct.
Scan Socket icon is displayed.
Scan Socket icon clicked
clicked 作業前 folder
Pagination changed to 100

======================================
COMPANY : NISINOSEIKISS
DAY     : Today
======================================
--------------------------------------
Attribute Icon Files     : 30
Non-Attribute Icon Files : 0
Total File Count         : 30
======================================
Screenshot saved: screenshots/NISINOSEIKISS_BEFORE WORK_20260819_135642.png
clicked 完了 folder
Pagination already set to 100

======================================
COMPANY : NISINOSEIKISS
DAY     : Today
======================================
Non-Attribute File : 2026.08.19.102748.pdf
--------------------------------------
Attribute Icon Files     : 10
Non-Attribute Icon Files : 1
Total File Count         : 11
======================================
Screenshot saved: screenshots/NISINOSEIKISS_COMPLETED_20260819_135651.png
]]></system-out>
  </testcase>
</testsuite>