<?xml version="1.0" encoding="UTF-8"?>
<testng-results ignored="0" total="6" passed="6" failed="0" skipped="0">
  <reporter-output>
  </reporter-output>
  <suite started-at="2026-08-11T15:37:25 IST" name="routinecheck5S test suite" finished-at="2026-08-11T15:39:44 IST" duration-ms="138505">
    <groups>
    </groups>
    <test started-at="2026-08-11T15:37:25 IST" name="routinecheck5S" finished-at="2026-08-11T15:39:44 IST" duration-ms="138505">
      <class name="org.ohkuma.tests.OhkumaTest">
        <test-method is-config="true" signature="setup()[pri:0, instance:org.ohkuma.tests.OhkumaTest@2cb4893b]" started-at="2026-08-11T15:39:10 IST" name="setup" finished-at="2026-08-11T15:39:17 IST" duration-ms="6822" status="PASS">
          <reporter-output>
          </reporter-output>
        </test-method> <!-- setup -->
        <test-method signature="validLoginTest()[pri:1, instance:org.ohkuma.tests.OhkumaTest@2cb4893b]" started-at="2026-08-11T15:39:17 IST" name="validLoginTest" description="Verify login with valid Company and User credentials" finished-at="2026-08-11T15:39:25 IST" duration-ms="8034" status="PASS">
          <reporter-output>
          </reporter-output>
        </test-method> <!-- validLoginTest -->
        <test-method signature="validatingS09Socket()[pri:2, instance:org.ohkuma.tests.OhkumaTest@2cb4893b]" started-at="2026-08-11T15:39:25 IST" name="validatingS09Socket" description="validatingS09Socket" finished-at="2026-08-11T15:39:43 IST" duration-ms="17911" status="PASS">
          <reporter-output>
          </reporter-output>
        </test-method> <!-- validatingS09Socket -->
        <test-method is-config="true" signature="teardown()[pri:0, instance:org.ohkuma.tests.OhkumaTest@2cb4893b]" started-at="2026-08-11T15:39:43 IST" name="teardown" finished-at="2026-08-11T15:39:44 IST" duration-ms="849" status="PASS">
          <reporter-output>
          </reporter-output>
        </test-method> <!-- teardown -->
      </class> <!-- org.ohkuma.tests.OhkumaTest -->
      <class name="org.oaksystem.tests.OakSystemDrawTest">
        <test-method is-config="true" signature="setup()[pri:0, instance:org.oaksystem.tests.OakSystemDrawTest@18271936]" started-at="2026-08-11T15:37:26 IST" name="setup" finished-at="2026-08-11T15:37:53 IST" duration-ms="27884" status="PASS">
          <reporter-output>
          </reporter-output>
        </test-method> <!-- setup -->
        <test-method signature="validLoginTest()[pri:1, instance:org.oaksystem.tests.OakSystemDrawTest@18271936]" started-at="2026-08-11T15:37:53 IST" name="validLoginTest" description="Verify login with valid Company and User credentials" finished-at="2026-08-11T15:38:03 IST" duration-ms="9390" status="PASS">
          <reporter-output>
          </reporter-output>
        </test-method> <!-- validLoginTest -->
        <test-method signature="validatingDrawSocketTest()[pri:2, instance:org.oaksystem.tests.OakSystemDrawTest@18271936]" started-at="2026-08-11T15:38:03 IST" name="validatingDrawSocketTest" description="validatingDrawSocketTest" finished-at="2026-08-11T15:38:28 IST" duration-ms="25066" status="PASS">
          <reporter-output>
          </reporter-output>
        </test-method> <!-- validatingDrawSocketTest -->
        <test-method is-config="true" signature="teardown()[pri:0, instance:org.oaksystem.tests.OakSystemDrawTest@18271936]" started-at="2026-08-11T15:38:28 IST" name="teardown" finished-at="2026-08-11T15:38:29 IST" duration-ms="675" status="PASS">
          <reporter-output>
          </reporter-output>
        </test-method> <!-- teardown -->
      </class> <!-- org.oaksystem.tests.OakSystemDrawTest -->
      <class name="org.nisino.tests.NisinoScanTest">
        <test-method is-config="true" signature="setup()[pri:0, instance:org.nisino.tests.NisinoScanTest@5e2c3d18]" started-at="2026-08-11T15:38:29 IST" name="setup" finished-at="2026-08-11T15:38:33 IST" duration-ms="4070" status="PASS">
          <reporter-output>
          </reporter-output>
        </test-method> <!-- setup -->
        <test-method signature="validNisinoLoginTest()[pri:1, instance:org.nisino.tests.NisinoScanTest@5e2c3d18]" started-at="2026-08-11T15:38:33 IST" name="validNisinoLoginTest" description="Verify login with valid Company and User credentials." finished-at="2026-08-11T15:38:41 IST" duration-ms="8220" status="PASS">
          <reporter-output>
          </reporter-output>
        </test-method> <!-- validNisinoLoginTest -->
        <test-method signature="validatingScanSocketTest()[pri:2, instance:org.nisino.tests.NisinoScanTest@5e2c3d18]" started-at="2026-08-11T15:38:41 IST" name="validatingScanSocketTest" description="validatingDrawSocketTest" finished-at="2026-08-11T15:39:10 IST" duration-ms="28501" status="PASS">
          <reporter-output>
          </reporter-output>
        </test-method> <!-- validatingScanSocketTest -->
        <test-method is-config="true" signature="teardown()[pri:0, instance:org.nisino.tests.NisinoScanTest@5e2c3d18]" started-at="2026-08-11T15:39:10 IST" name="teardown" finished-at="2026-08-11T15:39:10 IST" duration-ms="695" status="PASS">
          <reporter-output>
          </reporter-output>
        </test-method> <!-- teardown -->
      </class> <!-- org.nisino.tests.NisinoScanTest -->
    </test> <!-- routinecheck5S -->
  </suite> <!-- routinecheck5S test suite -->
</testng-results>
