<?xml version="1.0" encoding="UTF-8"?>
<testng-results ignored="0" total="8" passed="8" failed="0" skipped="0">
  <reporter-output>
  </reporter-output>
  <suite started-at="2026-08-21T12:07:02 IST" name="routinecheck5S test suite" finished-at="2026-08-21T12:09:56 IST" duration-ms="174146">
    <groups>
    </groups>
    <test started-at="2026-08-21T12:07:02 IST" name="routinecheck5S" finished-at="2026-08-21T12:09:56 IST" duration-ms="174146">
      <class name="org.oaksystem.tests.OakSystemDrawTest">
        <test-method is-config="true" signature="setup()[pri:0, instance:org.oaksystem.tests.OakSystemDrawTest@7e9131d5]" started-at="2026-08-21T12:08:17 IST" name="setup" finished-at="2026-08-21T12:08:19 IST" duration-ms="2299" status="PASS">
          <reporter-output>
          </reporter-output>
        </test-method> <!-- setup -->
        <test-method signature="validLoginTest()[pri:1, instance:org.oaksystem.tests.OakSystemDrawTest@7e9131d5]" started-at="2026-08-21T12:08:19 IST" name="validLoginTest" description="Verify login with valid Company and User credentials." finished-at="2026-08-21T12:08:24 IST" duration-ms="4154" status="PASS">
          <reporter-output>
          </reporter-output>
        </test-method> <!-- validLoginTest -->
        <test-method signature="validatingDrawSocketTest()[pri:2, instance:org.oaksystem.tests.OakSystemDrawTest@7e9131d5]" started-at="2026-08-21T12:08:24 IST" name="validatingDrawSocketTest" description="validatingDrawSocketTest" finished-at="2026-08-21T12:08:44 IST" duration-ms="20129" status="PASS">
          <reporter-output>
          </reporter-output>
        </test-method> <!-- validatingDrawSocketTest -->
        <test-method is-config="true" signature="teardown()[pri:0, instance:org.oaksystem.tests.OakSystemDrawTest@7e9131d5]" started-at="2026-08-21T12:08:44 IST" name="teardown" finished-at="2026-08-21T12:08:44 IST" duration-ms="445" status="PASS">
          <reporter-output>
          </reporter-output>
        </test-method> <!-- teardown -->
      </class> <!-- org.oaksystem.tests.OakSystemDrawTest -->
      <class name="org.ohkuma.tests.OhkumaTest">
        <test-method is-config="true" signature="setup()[pri:0, instance:org.ohkuma.tests.OhkumaTest@76f2bbc1]" started-at="2026-08-21T12:07:02 IST" name="setup" finished-at="2026-08-21T12:07:27 IST" duration-ms="24939" status="PASS">
          <reporter-output>
          </reporter-output>
        </test-method> <!-- setup -->
        <test-method signature="validLoginTest()[pri:1, instance:org.ohkuma.tests.OhkumaTest@76f2bbc1]" started-at="2026-08-21T12:07:27 IST" name="validLoginTest" description="Verify login with valid Company and User credentials" finished-at="2026-08-21T12:07:32 IST" duration-ms="4452" status="PASS">
          <reporter-output>
          </reporter-output>
        </test-method> <!-- validLoginTest -->
        <test-method signature="validatingS09Socket()[pri:2, instance:org.ohkuma.tests.OhkumaTest@76f2bbc1]" started-at="2026-08-21T12:07:32 IST" name="validatingS09Socket" description="validatingS09Socket" finished-at="2026-08-21T12:08:17 IST" duration-ms="44976" status="PASS">
          <reporter-output>
          </reporter-output>
        </test-method> <!-- validatingS09Socket -->
        <test-method is-config="true" signature="teardown()[pri:0, instance:org.ohkuma.tests.OhkumaTest@76f2bbc1]" started-at="2026-08-21T12:08:17 IST" name="teardown" finished-at="2026-08-21T12:08:17 IST" duration-ms="356" status="PASS">
          <reporter-output>
          </reporter-output>
        </test-method> <!-- teardown -->
      </class> <!-- org.ohkuma.tests.OhkumaTest -->
      <class name="org.sanmatsu.tests.SanmatsuTest">
        <test-method is-config="true" signature="setup()[pri:0, instance:org.sanmatsu.tests.SanmatsuTest@2e1d27ba]" started-at="2026-08-21T12:08:44 IST" name="setup" finished-at="2026-08-21T12:08:46 IST" duration-ms="2225" status="PASS">
          <reporter-output>
          </reporter-output>
        </test-method> <!-- setup -->
        <test-method signature="validLoginTest()[pri:1, instance:org.sanmatsu.tests.SanmatsuTest@2e1d27ba]" started-at="2026-08-21T12:08:46 IST" name="validLoginTest" description="Verify login with valid Company and User credentials" finished-at="2026-08-21T12:08:51 IST" duration-ms="4194" status="PASS">
          <reporter-output>
          </reporter-output>
        </test-method> <!-- validLoginTest -->
        <test-method signature="validatingSanmatsuHomePage()[pri:2, instance:org.sanmatsu.tests.SanmatsuTest@2e1d27ba]" started-at="2026-08-21T12:08:51 IST" name="validatingSanmatsuHomePage" description="validatingSanmatsuHomePage" finished-at="2026-08-21T12:09:16 IST" duration-ms="25041" status="PASS">
          <reporter-output>
          </reporter-output>
        </test-method> <!-- validatingSanmatsuHomePage -->
        <test-method is-config="true" signature="teardown()[pri:0, instance:org.sanmatsu.tests.SanmatsuTest@2e1d27ba]" started-at="2026-08-21T12:09:16 IST" name="teardown" finished-at="2026-08-21T12:09:16 IST" duration-ms="393" status="PASS">
          <reporter-output>
          </reporter-output>
        </test-method> <!-- teardown -->
      </class> <!-- org.sanmatsu.tests.SanmatsuTest -->
      <class name="org.nisino.tests.NisinoScanTest">
        <test-method is-config="true" signature="setup()[pri:0, instance:org.nisino.tests.NisinoScanTest@61d6015a]" started-at="2026-08-21T12:09:16 IST" name="setup" finished-at="2026-08-21T12:09:18 IST" duration-ms="2175" status="PASS">
          <reporter-output>
          </reporter-output>
        </test-method> <!-- setup -->
        <test-method signature="validNisinoLoginTest()[pri:1, instance:org.nisino.tests.NisinoScanTest@61d6015a]" started-at="2026-08-21T12:09:18 IST" name="validNisinoLoginTest" description="Verify login with valid Company and User credentials." finished-at="2026-08-21T12:09:22 IST" duration-ms="4123" status="PASS">
          <reporter-output>
          </reporter-output>
        </test-method> <!-- validNisinoLoginTest -->
        <test-method signature="validatingScanSocketTest()[pri:2, instance:org.nisino.tests.NisinoScanTest@61d6015a]" started-at="2026-08-21T12:09:22 IST" name="validatingScanSocketTest" description="validatingDrawSocketTest" finished-at="2026-08-21T12:09:56 IST" duration-ms="33696" status="PASS">
          <reporter-output>
          </reporter-output>
        </test-method> <!-- validatingScanSocketTest -->
        <test-method is-config="true" signature="teardown()[pri:0, instance:org.nisino.tests.NisinoScanTest@61d6015a]" started-at="2026-08-21T12:09:56 IST" name="teardown" finished-at="2026-08-21T12:09:56 IST" duration-ms="337" status="PASS">
          <reporter-output>
          </reporter-output>
        </test-method> <!-- teardown -->
      </class> <!-- org.nisino.tests.NisinoScanTest -->
    </test> <!-- routinecheck5S -->
  </suite> <!-- routinecheck5S test suite -->
</testng-results>
