<?xml version="1.0" encoding="UTF-8"?>
<!-- Generated by org.testng.reporters.JUnitReportReporter -->
<testsuite hostname="Murali" failures="0" tests="2" name="org.nisino.tests.NisinoScanTest" time="37.819" errors="0" timestamp="2026-08-21T12:10:09 IST" skipped="0">
  <testcase classname="org.nisino.tests.NisinoScanTest" name="validNisinoLoginTest" time="4.123"/>
  <testcase classname="org.nisino.tests.NisinoScanTest" name="validatingScanSocketTest" time="33.696"/>
</testsuite> <!-- org.nisino.tests.NisinoScanTest -->
