<?xml version="1.0" encoding="UTF-8"?>
<!-- Generated by org.testng.reporters.JUnitReportReporter -->
<testsuite hostname="Murali" failures="0" tests="2" name="org.oaksystem.tests.OakSystemDrawTest" time="24.283" errors="0" timestamp="2026-08-21T12:10:09 IST" skipped="0">
  <testcase classname="org.oaksystem.tests.OakSystemDrawTest" name="validLoginTest" time="4.154"/>
  <testcase classname="org.oaksystem.tests.OakSystemDrawTest" name="validatingDrawSocketTest" time="20.129"/>
</testsuite> <!-- org.oaksystem.tests.OakSystemDrawTest -->
