<?xml version="1.0" encoding="UTF-8"?>
<!-- Generated by org.testng.reporters.JUnitReportReporter -->
<testsuite hostname="Murali" failures="0" tests="2" name="org.sanmatsu.tests.SanmatsuTest" time="17.689" errors="0" timestamp="2026-08-14T13:24:10 IST" skipped="0">
  <testcase classname="org.sanmatsu.tests.SanmatsuTest" name="validLoginTest" time="3.498"/>
  <testcase classname="org.sanmatsu.tests.SanmatsuTest" name="validatingSanmatsuHomePage" time="14.191"/>
</testsuite> <!-- org.sanmatsu.tests.SanmatsuTest -->
