<?xml version="1.0" encoding="UTF-8"?>
<!-- Generated by org.testng.reporters.JUnitReportReporter -->
<testsuite hostname="Murali" failures="0" tests="2" name="org.nisino.tests.NisinoScanTest" time="29.935" errors="0" timestamp="2026-08-13T16:32:33 IST" skipped="0">
  <testcase classname="org.nisino.tests.NisinoScanTest" name="validNisinoLoginTest" time="3.439"/>
  <testcase classname="org.nisino.tests.NisinoScanTest" name="validatingScanSocketTest" time="26.496"/>
</testsuite> <!-- org.nisino.tests.NisinoScanTest -->
