<?xml version="1.0" encoding="UTF-8"?>
<!-- Generated by org.testng.reporters.JUnitReportReporter -->
<testsuite hostname="Murali" failures="0" tests="2" name="org.oaksystem.tests.OakSystemDrawTest" time="26.543" errors="0" timestamp="2026-08-13T13:00:14 IST" skipped="0">
  <testcase classname="org.oaksystem.tests.OakSystemDrawTest" name="validLoginTest" time="3.864"/>
  <testcase classname="org.oaksystem.tests.OakSystemDrawTest" name="validatingDrawSocketTest" time="22.679"/>
</testsuite> <!-- org.oaksystem.tests.OakSystemDrawTest -->
