<?xml version="1.0" encoding="UTF-8"?>
<!-- Generated by org.testng.reporters.JUnitReportReporter -->
<testsuite hostname="Murali" failures="0" tests="2" name="org.sanmatsu.tests.SanmatsuTest" time="20.777" errors="0" timestamp="2026-08-13T13:24:39 IST" skipped="0">
  <testcase classname="org.sanmatsu.tests.SanmatsuTest" name="validLoginTest" time="3.424"/>
  <testcase classname="org.sanmatsu.tests.SanmatsuTest" name="validatingSanmatsuHomePage" time="17.353"/>
</testsuite> <!-- org.sanmatsu.tests.SanmatsuTest -->
