<?xml version="1.0" encoding="UTF-8"?>
<!-- Generated by org.testng.reporters.JUnitReportReporter -->
<testsuite hostname="Murali" failures="0" tests="2" name="org.oaksystem.tests.OakSystemDrawTest" time="24.163" errors="0" timestamp="2026-08-10T13:23:15 IST" skipped="0">
  <testcase classname="org.oaksystem.tests.OakSystemDrawTest" name="validLoginTest" time="8.785"/>
  <testcase classname="org.oaksystem.tests.OakSystemDrawTest" name="validatingDrawSocketTest" time="15.378"/>
</testsuite> <!-- org.oaksystem.tests.OakSystemDrawTest -->
