<?xml version="1.0" encoding="UTF-8"?>
<!-- Generated by org.testng.reporters.JUnitReportReporter -->
<testsuite hostname="Murali" failures="0" tests="2" name="org.nisino.tests.NisinoScanTest" time="33.879" errors="0" timestamp="2026-08-19T13:57:05 IST" skipped="0">
  <testcase classname="org.nisino.tests.NisinoScanTest" name="validNisinoLoginTest" time="4.064"/>
  <testcase classname="org.nisino.tests.NisinoScanTest" name="validatingScanSocketTest" time="29.815"/>
</testsuite> <!-- org.nisino.tests.NisinoScanTest -->
