<?xml version="1.0" encoding="UTF-8"?>
<!-- Generated by org.testng.reporters.JUnitReportReporter -->
<testsuite hostname="Murali" failures="0" tests="2" name="routinecheck5S.OakSystemDrawTest" time="21.381" errors="0" timestamp="2026-08-07T18:21:29 IST" skipped="0">
  <testcase classname="routinecheck5S.OakSystemDrawTest" name="validLoginTest" time="4.765"/>
  <testcase classname="routinecheck5S.OakSystemDrawTest" name="validatingDrawSocketTest" time="16.616"/>
</testsuite> <!-- routinecheck5S.OakSystemDrawTest -->
